ARM GAS  C:\Users\SAISWA~1\AppData\Local\Temp\ccmL3hyB.s 			page 1


   1              		.syntax unified
   2              		.cpu cortex-m3
   3              		.fpu softvfp
   4              		.eabi_attribute 20, 1
   5              		.eabi_attribute 21, 1
   6              		.eabi_attribute 23, 3
   7              		.eabi_attribute 24, 1
   8              		.eabi_attribute 25, 1
   9              		.eabi_attribute 26, 1
  10              		.eabi_attribute 30, 1
  11              		.eabi_attribute 34, 1
  12              		.eabi_attribute 18, 4
  13              		.thumb
  14              		.syntax unified
  15              		.file	"cymetadata.c"
  16              		.text
  17              	.Ltext0:
  18              		.cfi_sections	.debug_frame
  19              		.global	cy_metadata
  20              		.global	cy_meta_flashprotect
  21              		.global	cy_meta_wonvl
  22              		.global	cy_meta_custnvl
  23              		.global	cy_meta_configecc
  24              		.section	.cyconfigecc,"a",%progbits
  25              		.align	2
  26              		.type	cy_meta_configecc, %object
  27              		.size	cy_meta_configecc, 1952
  28              	cy_meta_configecc:
  29 0000 02       		.byte	2
  30 0001 4F       		.byte	79
  31 0002 00       		.byte	0
  32 0003 40       		.byte	64
  33 0004 08       		.byte	8
  34 0005 52       		.byte	82
  35 0006 00       		.byte	0
  36 0007 40       		.byte	64
  37 0008 04       		.byte	4
  38 0009 64       		.byte	100
  39 000a 00       		.byte	0
  40 000b 40       		.byte	64
  41 000c 02       		.byte	2
  42 000d 65       		.byte	101
  43 000e 00       		.byte	0
  44 000f 40       		.byte	64
  45 0010 02       		.byte	2
  46 0011 03       		.byte	3
  47 0012 01       		.byte	1
  48 0013 40       		.byte	64
  49 0014 66       		.byte	102
  50 0015 04       		.byte	4
  51 0016 01       		.byte	1
  52 0017 40       		.byte	64
  53 0018 3A       		.byte	58
  54 0019 05       		.byte	5
  55 001a 01       		.byte	1
  56 001b 40       		.byte	64
  57 001c 5E       		.byte	94
ARM GAS  C:\Users\SAISWA~1\AppData\Local\Temp\ccmL3hyB.s 			page 2


  58 001d 06       		.byte	6
  59 001e 01       		.byte	1
  60 001f 40       		.byte	64
  61 0020 40       		.byte	64
  62 0021 07       		.byte	7
  63 0022 01       		.byte	1
  64 0023 40       		.byte	64
  65 0024 06       		.byte	6
  66 0025 0B       		.byte	11
  67 0026 01       		.byte	1
  68 0027 40       		.byte	64
  69 0028 5C       		.byte	92
  70 0029 0C       		.byte	12
  71 002a 01       		.byte	1
  72 002b 40       		.byte	64
  73 002c 3A       		.byte	58
  74 002d 0D       		.byte	13
  75 002e 01       		.byte	1
  76 002f 40       		.byte	64
  77 0030 1B       		.byte	27
  78 0031 14       		.byte	20
  79 0032 01       		.byte	1
  80 0033 40       		.byte	64
  81 0034 4A       		.byte	74
  82 0035 15       		.byte	21
  83 0036 01       		.byte	1
  84 0037 40       		.byte	64
  85 0038 09       		.byte	9
  86 0039 16       		.byte	22
  87 003a 01       		.byte	1
  88 003b 40       		.byte	64
  89 003c 40       		.byte	64
  90 003d 17       		.byte	23
  91 003e 01       		.byte	1
  92 003f 40       		.byte	64
  93 0040 02       		.byte	2
  94 0041 19       		.byte	25
  95 0042 01       		.byte	1
  96 0043 40       		.byte	64
  97 0044 03       		.byte	3
  98 0045 1B       		.byte	27
  99 0046 01       		.byte	1
 100 0047 40       		.byte	64
 101 0048 04       		.byte	4
 102 0049 40       		.byte	64
 103 004a 01       		.byte	1
 104 004b 40       		.byte	64
 105 004c 0E       		.byte	14
 106 004d 41       		.byte	65
 107 004e 01       		.byte	1
 108 004f 40       		.byte	64
 109 0050 07       		.byte	7
 110 0051 42       		.byte	66
 111 0052 01       		.byte	1
 112 0053 40       		.byte	64
 113 0054 09       		.byte	9
 114 0055 43       		.byte	67
ARM GAS  C:\Users\SAISWA~1\AppData\Local\Temp\ccmL3hyB.s 			page 3


 115 0056 01       		.byte	1
 116 0057 40       		.byte	64
 117 0058 02       		.byte	2
 118 0059 44       		.byte	68
 119 005a 01       		.byte	1
 120 005b 40       		.byte	64
 121 005c 09       		.byte	9
 122 005d 45       		.byte	69
 123 005e 01       		.byte	1
 124 005f 40       		.byte	64
 125 0060 07       		.byte	7
 126 0061 46       		.byte	70
 127 0062 01       		.byte	1
 128 0063 40       		.byte	64
 129 0064 01       		.byte	1
 130 0065 47       		.byte	71
 131 0066 01       		.byte	1
 132 0067 40       		.byte	64
 133 0068 03       		.byte	3
 134 0069 48       		.byte	72
 135 006a 01       		.byte	1
 136 006b 40       		.byte	64
 137 006c 05       		.byte	5
 138 006d 49       		.byte	73
 139 006e 01       		.byte	1
 140 006f 40       		.byte	64
 141 0070 0D       		.byte	13
 142 0071 4C       		.byte	76
 143 0072 01       		.byte	1
 144 0073 40       		.byte	64
 145 0074 0A       		.byte	10
 146 0075 4D       		.byte	77
 147 0076 01       		.byte	1
 148 0077 40       		.byte	64
 149 0078 05       		.byte	5
 150 0079 50       		.byte	80
 151 007a 01       		.byte	1
 152 007b 40       		.byte	64
 153 007c 01       		.byte	1
 154 007d 51       		.byte	81
 155 007e 01       		.byte	1
 156 007f 40       		.byte	64
 157 0080 01       		.byte	1
 158 0081 20       		.byte	32
 159 0082 0A       		.byte	10
 160 0083 36       		.byte	54
 161 0084 00       		.byte	0
 162 0085 80       		.byte	-128
 163 0086 01       		.byte	1
 164 0087 C0       		.byte	-64
 165 0088 08       		.byte	8
 166 0089 65       		.byte	101
 167 008a 09       		.byte	9
 168 008b 59       		.byte	89
 169 008c 10       		.byte	16
 170 008d 21       		.byte	33
 171 008e 11       		.byte	17
ARM GAS  C:\Users\SAISWA~1\AppData\Local\Temp\ccmL3hyB.s 			page 4


 172 008f 29       		.byte	41
 173 0090 60       		.byte	96
 174 0091 80       		.byte	-128
 175 0092 64       		.byte	100
 176 0093 40       		.byte	64
 177 0094 84       		.byte	-124
 178 0095 0D       		.byte	13
 179 0096 87       		.byte	-121
 180 0097 0F       		.byte	15
 181 0098 8C       		.byte	-116
 182 0099 0D       		.byte	13
 183 009a 8D       		.byte	-115
 184 009b 0D       		.byte	13
 185 009c 84       		.byte	-124
 186 009d 72       		.byte	114
 187 009e 87       		.byte	-121
 188 009f 38       		.byte	56
 189 00a0 86       		.byte	-122
 190 00a1 10       		.byte	16
 191 00a2 E4       		.byte	-28
 192 00a3 40       		.byte	64
 193 00a4 06       		.byte	6
 194 00a5 20       		.byte	32
 195 00a6 0A       		.byte	10
 196 00a7 08       		.byte	8
 197 00a8 0C       		.byte	12
 198 00a9 01       		.byte	1
 199 00aa 0D       		.byte	13
 200 00ab 08       		.byte	8
 201 00ac 0E       		.byte	14
 202 00ad 06       		.byte	6
 203 00ae 0F       		.byte	15
 204 00af 05       		.byte	5
 205 00b0 10       		.byte	16
 206 00b1 0C       		.byte	12
 207 00b2 12       		.byte	18
 208 00b3 03       		.byte	3
 209 00b4 14       		.byte	20
 210 00b5 10       		.byte	16
 211 00b6 15       		.byte	21
 212 00b7 08       		.byte	8
 213 00b8 17       		.byte	23
 214 00b9 03       		.byte	3
 215 00ba 1A       		.byte	26
 216 00bb 20       		.byte	32
 217 00bc 1B       		.byte	27
 218 00bd 06       		.byte	6
 219 00be 1D       		.byte	29
 220 00bf 10       		.byte	16
 221 00c0 1F       		.byte	31
 222 00c1 01       		.byte	1
 223 00c2 22       		.byte	34
 224 00c3 03       		.byte	3
 225 00c4 26       		.byte	38
 226 00c5 0C       		.byte	12
 227 00c6 28       		.byte	40
 228 00c7 01       		.byte	1
ARM GAS  C:\Users\SAISWA~1\AppData\Local\Temp\ccmL3hyB.s 			page 5


 229 00c8 2A       		.byte	42
 230 00c9 0E       		.byte	14
 231 00ca 2B       		.byte	43
 232 00cb 02       		.byte	2
 233 00cc 2D       		.byte	45
 234 00cd 06       		.byte	6
 235 00ce 2F       		.byte	47
 236 00cf 09       		.byte	9
 237 00d0 30       		.byte	48
 238 00d1 0F       		.byte	15
 239 00d2 32       		.byte	50
 240 00d3 10       		.byte	16
 241 00d4 33       		.byte	51
 242 00d5 07       		.byte	7
 243 00d6 34       		.byte	52
 244 00d7 20       		.byte	32
 245 00d8 35       		.byte	53
 246 00d9 18       		.byte	24
 247 00da 39       		.byte	57
 248 00db 20       		.byte	32
 249 00dc 3A       		.byte	58
 250 00dd 02       		.byte	2
 251 00de 3B       		.byte	59
 252 00df 08       		.byte	8
 253 00e0 3E       		.byte	62
 254 00e1 14       		.byte	20
 255 00e2 40       		.byte	64
 256 00e3 30       		.byte	48
 257 00e4 41       		.byte	65
 258 00e5 02       		.byte	2
 259 00e6 45       		.byte	69
 260 00e7 D0       		.byte	-48
 261 00e8 46       		.byte	70
 262 00e9 20       		.byte	32
 263 00ea 47       		.byte	71
 264 00eb 01       		.byte	1
 265 00ec 48       		.byte	72
 266 00ed 1A       		.byte	26
 267 00ee 49       		.byte	73
 268 00ef FF       		.byte	-1
 269 00f0 4A       		.byte	74
 270 00f1 FF       		.byte	-1
 271 00f2 4B       		.byte	75
 272 00f3 FF       		.byte	-1
 273 00f4 4D       		.byte	77
 274 00f5 A0       		.byte	-96
 275 00f6 4F       		.byte	79
 276 00f7 04       		.byte	4
 277 00f8 50       		.byte	80
 278 00f9 18       		.byte	24
 279 00fa 52       		.byte	82
 280 00fb 80       		.byte	-128
 281 00fc 54       		.byte	84
 282 00fd 05       		.byte	5
 283 00fe 58       		.byte	88
 284 00ff 04       		.byte	4
 285 0100 59       		.byte	89
ARM GAS  C:\Users\SAISWA~1\AppData\Local\Temp\ccmL3hyB.s 			page 6


 286 0101 04       		.byte	4
 287 0102 5A       		.byte	90
 288 0103 04       		.byte	4
 289 0104 5B       		.byte	91
 290 0105 04       		.byte	4
 291 0106 5D       		.byte	93
 292 0107 11       		.byte	17
 293 0108 5F       		.byte	95
 294 0109 01       		.byte	1
 295 010a 60       		.byte	96
 296 010b 40       		.byte	64
 297 010c 62       		.byte	98
 298 010d C0       		.byte	-64
 299 010e 64       		.byte	100
 300 010f 40       		.byte	64
 301 0110 65       		.byte	101
 302 0111 40       		.byte	64
 303 0112 66       		.byte	102
 304 0113 C0       		.byte	-64
 305 0114 68       		.byte	104
 306 0115 C0       		.byte	-64
 307 0116 6A       		.byte	106
 308 0117 C0       		.byte	-64
 309 0118 6C       		.byte	108
 310 0119 C0       		.byte	-64
 311 011a 6E       		.byte	110
 312 011b C0       		.byte	-64
 313 011c 82       		.byte	-126
 314 011d 02       		.byte	2
 315 011e 86       		.byte	-122
 316 011f 01       		.byte	1
 317 0120 8A       		.byte	-118
 318 0121 04       		.byte	4
 319 0122 95       		.byte	-107
 320 0123 02       		.byte	2
 321 0124 9A       		.byte	-102
 322 0125 01       		.byte	1
 323 0126 A2       		.byte	-94
 324 0127 08       		.byte	8
 325 0128 A6       		.byte	-90
 326 0129 04       		.byte	4
 327 012a AB       		.byte	-85
 328 012b 03       		.byte	3
 329 012c B0       		.byte	-80
 330 012d 04       		.byte	4
 331 012e B1       		.byte	-79
 332 012f 02       		.byte	2
 333 0130 B2       		.byte	-78
 334 0131 08       		.byte	8
 335 0132 B4       		.byte	-76
 336 0133 02       		.byte	2
 337 0134 B5       		.byte	-75
 338 0135 01       		.byte	1
 339 0136 B6       		.byte	-74
 340 0137 01       		.byte	1
 341 0138 C0       		.byte	-64
 342 0139 20       		.byte	32
ARM GAS  C:\Users\SAISWA~1\AppData\Local\Temp\ccmL3hyB.s 			page 7


 343 013a C1       		.byte	-63
 344 013b 05       		.byte	5
 345 013c C5       		.byte	-59
 346 013d 01       		.byte	1
 347 013e C6       		.byte	-58
 348 013f 02       		.byte	2
 349 0140 C8       		.byte	-56
 350 0141 05       		.byte	5
 351 0142 C9       		.byte	-55
 352 0143 FF       		.byte	-1
 353 0144 CA       		.byte	-54
 354 0145 FF       		.byte	-1
 355 0146 CB       		.byte	-53
 356 0147 FF       		.byte	-1
 357 0148 CD       		.byte	-51
 358 0149 A0       		.byte	-96
 359 014a CF       		.byte	-49
 360 014b 04       		.byte	4
 361 014c D0       		.byte	-48
 362 014d 18       		.byte	24
 363 014e D2       		.byte	-46
 364 014f 80       		.byte	-128
 365 0150 D8       		.byte	-40
 366 0151 04       		.byte	4
 367 0152 D9       		.byte	-39
 368 0153 04       		.byte	4
 369 0154 DA       		.byte	-38
 370 0155 04       		.byte	4
 371 0156 DB       		.byte	-37
 372 0157 04       		.byte	4
 373 0158 DC       		.byte	-36
 374 0159 11       		.byte	17
 375 015a DD       		.byte	-35
 376 015b 11       		.byte	17
 377 015c DF       		.byte	-33
 378 015d 01       		.byte	1
 379 015e E0       		.byte	-32
 380 015f 40       		.byte	64
 381 0160 E2       		.byte	-30
 382 0161 C0       		.byte	-64
 383 0162 E4       		.byte	-28
 384 0163 40       		.byte	64
 385 0164 E5       		.byte	-27
 386 0165 40       		.byte	64
 387 0166 E6       		.byte	-26
 388 0167 C0       		.byte	-64
 389 0168 E8       		.byte	-24
 390 0169 C0       		.byte	-64
 391 016a EA       		.byte	-22
 392 016b C0       		.byte	-64
 393 016c EC       		.byte	-20
 394 016d C0       		.byte	-64
 395 016e EE       		.byte	-18
 396 016f C0       		.byte	-64
 397 0170 00       		.byte	0
 398 0171 20       		.byte	32
 399 0172 01       		.byte	1
ARM GAS  C:\Users\SAISWA~1\AppData\Local\Temp\ccmL3hyB.s 			page 8


 400 0173 20       		.byte	32
 401 0174 02       		.byte	2
 402 0175 02       		.byte	2
 403 0176 03       		.byte	3
 404 0177 20       		.byte	32
 405 0178 04       		.byte	4
 406 0179 14       		.byte	20
 407 017a 06       		.byte	6
 408 017b 40       		.byte	64
 409 017c 0A       		.byte	10
 410 017d 60       		.byte	96
 411 017e 0B       		.byte	11
 412 017f 08       		.byte	8
 413 0180 0F       		.byte	15
 414 0181 08       		.byte	8
 415 0182 10       		.byte	16
 416 0183 80       		.byte	-128
 417 0184 12       		.byte	18
 418 0185 28       		.byte	40
 419 0186 15       		.byte	21
 420 0187 08       		.byte	8
 421 0188 16       		.byte	22
 422 0189 80       		.byte	-128
 423 018a 19       		.byte	25
 424 018b 04       		.byte	4
 425 018c 1A       		.byte	26
 426 018d 44       		.byte	68
 427 018e 1B       		.byte	27
 428 018f 02       		.byte	2
 429 0190 1C       		.byte	28
 430 0191 94       		.byte	-108
 431 0192 1D       		.byte	29
 432 0193 20       		.byte	32
 433 0194 1E       		.byte	30
 434 0195 01       		.byte	1
 435 0196 1F       		.byte	31
 436 0197 0C       		.byte	12
 437 0198 21       		.byte	33
 438 0199 10       		.byte	16
 439 019a 22       		.byte	34
 440 019b 28       		.byte	40
 441 019c 27       		.byte	39
 442 019d 88       		.byte	-120
 443 019e 29       		.byte	41
 444 019f 20       		.byte	32
 445 01a0 2B       		.byte	43
 446 01a1 02       		.byte	2
 447 01a2 2C       		.byte	44
 448 01a3 08       		.byte	8
 449 01a4 30       		.byte	48
 450 01a5 80       		.byte	-128
 451 01a6 32       		.byte	50
 452 01a7 28       		.byte	40
 453 01a8 37       		.byte	55
 454 01a9 08       		.byte	8
 455 01aa 3B       		.byte	59
 456 01ab 40       		.byte	64
ARM GAS  C:\Users\SAISWA~1\AppData\Local\Temp\ccmL3hyB.s 			page 9


 457 01ac 43       		.byte	67
 458 01ad 28       		.byte	40
 459 01ae 45       		.byte	69
 460 01af 20       		.byte	32
 461 01b0 49       		.byte	73
 462 01b1 01       		.byte	1
 463 01b2 4F       		.byte	79
 464 01b3 88       		.byte	-120
 465 01b4 50       		.byte	80
 466 01b5 08       		.byte	8
 467 01b6 51       		.byte	81
 468 01b7 04       		.byte	4
 469 01b8 53       		.byte	83
 470 01b9 20       		.byte	32
 471 01ba 57       		.byte	87
 472 01bb 40       		.byte	64
 473 01bc 59       		.byte	89
 474 01bd 01       		.byte	1
 475 01be 5A       		.byte	90
 476 01bf 04       		.byte	4
 477 01c0 5B       		.byte	91
 478 01c1 80       		.byte	-128
 479 01c2 72       		.byte	114
 480 01c3 80       		.byte	-128
 481 01c4 76       		.byte	118
 482 01c5 40       		.byte	64
 483 01c6 81       		.byte	-127
 484 01c7 04       		.byte	4
 485 01c8 88       		.byte	-120
 486 01c9 40       		.byte	64
 487 01ca A6       		.byte	-90
 488 01cb 10       		.byte	16
 489 01cc C0       		.byte	-64
 490 01cd 77       		.byte	119
 491 01ce C2       		.byte	-62
 492 01cf 4E       		.byte	78
 493 01d0 C4       		.byte	-60
 494 01d1 3E       		.byte	62
 495 01d2 CA       		.byte	-54
 496 01d3 2C       		.byte	44
 497 01d4 CC       		.byte	-52
 498 01d5 4E       		.byte	78
 499 01d6 CE       		.byte	-50
 500 01d7 08       		.byte	8
 501 01d8 D0       		.byte	-48
 502 01d9 26       		.byte	38
 503 01da D2       		.byte	-46
 504 01db 10       		.byte	16
 505 01dc D6       		.byte	-42
 506 01dd 0B       		.byte	11
 507 01de E4       		.byte	-28
 508 01df 01       		.byte	1
 509 01e0 EA       		.byte	-22
 510 01e1 02       		.byte	2
 511 01e2 EC       		.byte	-20
 512 01e3 20       		.byte	32
 513 01e4 02       		.byte	2
ARM GAS  C:\Users\SAISWA~1\AppData\Local\Temp\ccmL3hyB.s 			page 10


 514 01e5 02       		.byte	2
 515 01e6 0A       		.byte	10
 516 01e7 01       		.byte	1
 517 01e8 1A       		.byte	26
 518 01e9 01       		.byte	1
 519 01ea 1C       		.byte	28
 520 01eb 04       		.byte	4
 521 01ec 28       		.byte	40
 522 01ed 04       		.byte	4
 523 01ee 32       		.byte	50
 524 01ef 01       		.byte	1
 525 01f0 34       		.byte	52
 526 01f1 02       		.byte	2
 527 01f2 36       		.byte	54
 528 01f3 04       		.byte	4
 529 01f4 38       		.byte	56
 530 01f5 80       		.byte	-128
 531 01f6 3E       		.byte	62
 532 01f7 40       		.byte	64
 533 01f8 40       		.byte	64
 534 01f9 20       		.byte	32
 535 01fa 41       		.byte	65
 536 01fb 04       		.byte	4
 537 01fc 45       		.byte	69
 538 01fd 01       		.byte	1
 539 01fe 46       		.byte	70
 540 01ff 02       		.byte	2
 541 0200 48       		.byte	72
 542 0201 05       		.byte	5
 543 0202 49       		.byte	73
 544 0203 FF       		.byte	-1
 545 0204 4A       		.byte	74
 546 0205 FF       		.byte	-1
 547 0206 4B       		.byte	75
 548 0207 FF       		.byte	-1
 549 0208 4D       		.byte	77
 550 0209 A0       		.byte	-96
 551 020a 4F       		.byte	79
 552 020b 04       		.byte	4
 553 020c 50       		.byte	80
 554 020d 18       		.byte	24
 555 020e 52       		.byte	82
 556 020f 80       		.byte	-128
 557 0210 58       		.byte	88
 558 0211 04       		.byte	4
 559 0212 5A       		.byte	90
 560 0213 04       		.byte	4
 561 0214 5B       		.byte	91
 562 0215 04       		.byte	4
 563 0216 5C       		.byte	92
 564 0217 01       		.byte	1
 565 0218 5D       		.byte	93
 566 0219 11       		.byte	17
 567 021a 5F       		.byte	95
 568 021b 01       		.byte	1
 569 021c 60       		.byte	96
 570 021d 40       		.byte	64
ARM GAS  C:\Users\SAISWA~1\AppData\Local\Temp\ccmL3hyB.s 			page 11


 571 021e 62       		.byte	98
 572 021f C0       		.byte	-64
 573 0220 64       		.byte	100
 574 0221 40       		.byte	64
 575 0222 65       		.byte	101
 576 0223 40       		.byte	64
 577 0224 66       		.byte	102
 578 0225 C0       		.byte	-64
 579 0226 68       		.byte	104
 580 0227 C0       		.byte	-64
 581 0228 6A       		.byte	106
 582 0229 C0       		.byte	-64
 583 022a 6C       		.byte	108
 584 022b C0       		.byte	-64
 585 022c 6E       		.byte	110
 586 022d C0       		.byte	-64
 587 022e 84       		.byte	-124
 588 022f 09       		.byte	9
 589 0230 86       		.byte	-122
 590 0231 10       		.byte	16
 591 0232 87       		.byte	-121
 592 0233 01       		.byte	1
 593 0234 8A       		.byte	-118
 594 0235 03       		.byte	3
 595 0236 8B       		.byte	-117
 596 0237 10       		.byte	16
 597 0238 8C       		.byte	-116
 598 0239 10       		.byte	16
 599 023a 8D       		.byte	-115
 600 023b 06       		.byte	6
 601 023c 8F       		.byte	-113
 602 023d 18       		.byte	24
 603 023e 90       		.byte	-112
 604 023f 9C       		.byte	-100
 605 0240 92       		.byte	-110
 606 0241 22       		.byte	34
 607 0242 94       		.byte	-108
 608 0243 14       		.byte	20
 609 0244 95       		.byte	-107
 610 0245 06       		.byte	6
 611 0246 97       		.byte	-105
 612 0247 08       		.byte	8
 613 0248 99       		.byte	-103
 614 0249 06       		.byte	6
 615 024a 9B       		.byte	-101
 616 024b 08       		.byte	8
 617 024c 9C       		.byte	-100
 618 024d F0       		.byte	-16
 619 024e 9E       		.byte	-98
 620 024f 0C       		.byte	12
 621 0250 9F       		.byte	-97
 622 0251 0A       		.byte	10
 623 0252 A1       		.byte	-95
 624 0253 20       		.byte	32
 625 0254 A2       		.byte	-94
 626 0255 60       		.byte	96
 627 0256 A6       		.byte	-90
ARM GAS  C:\Users\SAISWA~1\AppData\Local\Temp\ccmL3hyB.s 			page 12


 628 0257 20       		.byte	32
 629 0258 A7       		.byte	-89
 630 0259 01       		.byte	1
 631 025a A8       		.byte	-88
 632 025b EC       		.byte	-20
 633 025c AA       		.byte	-86
 634 025d 11       		.byte	17
 635 025e AD       		.byte	-83
 636 025f 14       		.byte	20
 637 0260 AF       		.byte	-81
 638 0261 08       		.byte	8
 639 0262 B0       		.byte	-80
 640 0263 C0       		.byte	-64
 641 0264 B1       		.byte	-79
 642 0265 1E       		.byte	30
 643 0266 B2       		.byte	-78
 644 0267 1F       		.byte	31
 645 0268 B3       		.byte	-77
 646 0269 20       		.byte	32
 647 026a B4       		.byte	-76
 648 026b 20       		.byte	32
 649 026c B5       		.byte	-75
 650 026d 01       		.byte	1
 651 026e B8       		.byte	-72
 652 026f 02       		.byte	2
 653 0270 BB       		.byte	-69
 654 0271 02       		.byte	2
 655 0272 BE       		.byte	-66
 656 0273 11       		.byte	17
 657 0274 BF       		.byte	-65
 658 0275 14       		.byte	20
 659 0276 C0       		.byte	-64
 660 0277 51       		.byte	81
 661 0278 C1       		.byte	-63
 662 0279 06       		.byte	6
 663 027a C5       		.byte	-59
 664 027b EC       		.byte	-20
 665 027c C7       		.byte	-57
 666 027d 0B       		.byte	11
 667 027e C8       		.byte	-56
 668 027f 13       		.byte	19
 669 0280 C9       		.byte	-55
 670 0281 FF       		.byte	-1
 671 0282 CA       		.byte	-54
 672 0283 FF       		.byte	-1
 673 0284 CB       		.byte	-53
 674 0285 FF       		.byte	-1
 675 0286 CE       		.byte	-50
 676 0287 F0       		.byte	-16
 677 0288 CF       		.byte	-49
 678 0289 44       		.byte	68
 679 028a D0       		.byte	-48
 680 028b 0C       		.byte	12
 681 028c D4       		.byte	-44
 682 028d 01       		.byte	1
 683 028e D6       		.byte	-42
 684 028f 04       		.byte	4
ARM GAS  C:\Users\SAISWA~1\AppData\Local\Temp\ccmL3hyB.s 			page 13


 685 0290 D8       		.byte	-40
 686 0291 04       		.byte	4
 687 0292 D9       		.byte	-39
 688 0293 04       		.byte	4
 689 0294 DA       		.byte	-38
 690 0295 04       		.byte	4
 691 0296 DB       		.byte	-37
 692 0297 04       		.byte	4
 693 0298 DF       		.byte	-33
 694 0299 01       		.byte	1
 695 029a E6       		.byte	-26
 696 029b C0       		.byte	-64
 697 029c EA       		.byte	-22
 698 029d 40       		.byte	64
 699 029e EB       		.byte	-21
 700 029f 02       		.byte	2
 701 02a0 01       		.byte	1
 702 02a1 80       		.byte	-128
 703 02a2 02       		.byte	2
 704 02a3 10       		.byte	16
 705 02a4 03       		.byte	3
 706 02a5 08       		.byte	8
 707 02a6 05       		.byte	5
 708 02a7 10       		.byte	16
 709 02a8 07       		.byte	7
 710 02a9 80       		.byte	-128
 711 02aa 08       		.byte	8
 712 02ab 01       		.byte	1
 713 02ac 09       		.byte	9
 714 02ad 08       		.byte	8
 715 02ae 0A       		.byte	10
 716 02af 42       		.byte	66
 717 02b0 0E       		.byte	14
 718 02b1 02       		.byte	2
 719 02b2 0F       		.byte	15
 720 02b3 08       		.byte	8
 721 02b4 10       		.byte	16
 722 02b5 B0       		.byte	-80
 723 02b6 12       		.byte	18
 724 02b7 08       		.byte	8
 725 02b8 16       		.byte	22
 726 02b9 04       		.byte	4
 727 02ba 18       		.byte	24
 728 02bb 40       		.byte	64
 729 02bc 1A       		.byte	26
 730 02bd 20       		.byte	32
 731 02be 1B       		.byte	27
 732 02bf 28       		.byte	40
 733 02c0 1D       		.byte	29
 734 02c1 30       		.byte	48
 735 02c2 1E       		.byte	30
 736 02c3 01       		.byte	1
 737 02c4 1F       		.byte	31
 738 02c5 04       		.byte	4
 739 02c6 22       		.byte	34
 740 02c7 27       		.byte	39
 741 02c8 23       		.byte	35
ARM GAS  C:\Users\SAISWA~1\AppData\Local\Temp\ccmL3hyB.s 			page 14


 742 02c9 40       		.byte	64
 743 02ca 28       		.byte	40
 744 02cb 01       		.byte	1
 745 02cc 29       		.byte	41
 746 02cd 09       		.byte	9
 747 02ce 30       		.byte	48
 748 02cf A0       		.byte	-96
 749 02d0 32       		.byte	50
 750 02d1 08       		.byte	8
 751 02d2 39       		.byte	57
 752 02d3 28       		.byte	40
 753 02d4 3A       		.byte	58
 754 02d5 10       		.byte	16
 755 02d6 3B       		.byte	59
 756 02d7 40       		.byte	64
 757 02d8 41       		.byte	65
 758 02d9 40       		.byte	64
 759 02da 45       		.byte	69
 760 02db 20       		.byte	32
 761 02dc 46       		.byte	70
 762 02dd 40       		.byte	64
 763 02de 48       		.byte	72
 764 02df 20       		.byte	32
 765 02e0 49       		.byte	73
 766 02e1 01       		.byte	1
 767 02e2 4A       		.byte	74
 768 02e3 0A       		.byte	10
 769 02e4 4F       		.byte	79
 770 02e5 08       		.byte	8
 771 02e6 51       		.byte	81
 772 02e7 08       		.byte	8
 773 02e8 56       		.byte	86
 774 02e9 40       		.byte	64
 775 02ea 58       		.byte	88
 776 02eb 50       		.byte	80
 777 02ec 59       		.byte	89
 778 02ed 01       		.byte	1
 779 02ee 5A       		.byte	90
 780 02ef 08       		.byte	8
 781 02f0 60       		.byte	96
 782 02f1 80       		.byte	-128
 783 02f2 77       		.byte	119
 784 02f3 80       		.byte	-128
 785 02f4 84       		.byte	-124
 786 02f5 80       		.byte	-128
 787 02f6 86       		.byte	-122
 788 02f7 01       		.byte	1
 789 02f8 91       		.byte	-111
 790 02f9 20       		.byte	32
 791 02fa 92       		.byte	-110
 792 02fb 40       		.byte	64
 793 02fc 96       		.byte	-106
 794 02fd 20       		.byte	32
 795 02fe 97       		.byte	-105
 796 02ff 40       		.byte	64
 797 0300 A2       		.byte	-94
 798 0301 09       		.byte	9
ARM GAS  C:\Users\SAISWA~1\AppData\Local\Temp\ccmL3hyB.s 			page 15


 799 0302 A4       		.byte	-92
 800 0303 90       		.byte	-112
 801 0304 A6       		.byte	-90
 802 0305 12       		.byte	18
 803 0306 AE       		.byte	-82
 804 0307 01       		.byte	1
 805 0308 B6       		.byte	-74
 806 0309 01       		.byte	1
 807 030a C0       		.byte	-64
 808 030b 57       		.byte	87
 809 030c C2       		.byte	-62
 810 030d CD       		.byte	-51
 811 030e C4       		.byte	-60
 812 030f 4E       		.byte	78
 813 0310 CA       		.byte	-54
 814 0311 0B       		.byte	11
 815 0312 CC       		.byte	-52
 816 0313 0E       		.byte	14
 817 0314 CE       		.byte	-50
 818 0315 0E       		.byte	14
 819 0316 D0       		.byte	-48
 820 0317 A8       		.byte	-88
 821 0318 D2       		.byte	-46
 822 0319 0C       		.byte	12
 823 031a D6       		.byte	-42
 824 031b 0F       		.byte	15
 825 031c D8       		.byte	-40
 826 031d 01       		.byte	1
 827 031e E8       		.byte	-24
 828 031f 10       		.byte	16
 829 0320 A8       		.byte	-88
 830 0321 10       		.byte	16
 831 0322 AF       		.byte	-81
 832 0323 20       		.byte	32
 833 0324 B2       		.byte	-78
 834 0325 02       		.byte	2
 835 0326 E4       		.byte	-28
 836 0327 21       		.byte	33
 837 0328 E8       		.byte	-24
 838 0329 04       		.byte	4
 839 032a EC       		.byte	-20
 840 032b 20       		.byte	32
 841 032c 02       		.byte	2
 842 032d 01       		.byte	1
 843 032e 05       		.byte	5
 844 032f 02       		.byte	2
 845 0330 06       		.byte	6
 846 0331 02       		.byte	2
 847 0332 11       		.byte	17
 848 0333 04       		.byte	4
 849 0334 12       		.byte	18
 850 0335 04       		.byte	4
 851 0336 17       		.byte	23
 852 0337 02       		.byte	2
 853 0338 1B       		.byte	27
 854 0339 01       		.byte	1
 855 033a 26       		.byte	38
ARM GAS  C:\Users\SAISWA~1\AppData\Local\Temp\ccmL3hyB.s 			page 16


 856 033b 04       		.byte	4
 857 033c 2B       		.byte	43
 858 033d 01       		.byte	1
 859 033e 2D       		.byte	45
 860 033f 04       		.byte	4
 861 0340 30       		.byte	48
 862 0341 01       		.byte	1
 863 0342 31       		.byte	49
 864 0343 02       		.byte	2
 865 0344 32       		.byte	50
 866 0345 04       		.byte	4
 867 0346 33       		.byte	51
 868 0347 04       		.byte	4
 869 0348 34       		.byte	52
 870 0349 02       		.byte	2
 871 034a 35       		.byte	53
 872 034b 01       		.byte	1
 873 034c 39       		.byte	57
 874 034d 08       		.byte	8
 875 034e 3F       		.byte	63
 876 034f 14       		.byte	20
 877 0350 40       		.byte	64
 878 0351 60       		.byte	96
 879 0352 41       		.byte	65
 880 0353 02       		.byte	2
 881 0354 45       		.byte	69
 882 0355 D0       		.byte	-48
 883 0356 46       		.byte	70
 884 0357 10       		.byte	16
 885 0358 47       		.byte	71
 886 0359 02       		.byte	2
 887 035a 48       		.byte	72
 888 035b 1A       		.byte	26
 889 035c 49       		.byte	73
 890 035d FF       		.byte	-1
 891 035e 4A       		.byte	74
 892 035f FF       		.byte	-1
 893 0360 4B       		.byte	75
 894 0361 FF       		.byte	-1
 895 0362 4D       		.byte	77
 896 0363 A0       		.byte	-96
 897 0364 4F       		.byte	79
 898 0365 04       		.byte	4
 899 0366 50       		.byte	80
 900 0367 18       		.byte	24
 901 0368 52       		.byte	82
 902 0369 80       		.byte	-128
 903 036a 54       		.byte	84
 904 036b 05       		.byte	5
 905 036c 58       		.byte	88
 906 036d 04       		.byte	4
 907 036e 59       		.byte	89
 908 036f 04       		.byte	4
 909 0370 5A       		.byte	90
 910 0371 04       		.byte	4
 911 0372 5B       		.byte	91
 912 0373 04       		.byte	4
ARM GAS  C:\Users\SAISWA~1\AppData\Local\Temp\ccmL3hyB.s 			page 17


 913 0374 5C       		.byte	92
 914 0375 11       		.byte	17
 915 0376 5D       		.byte	93
 916 0377 11       		.byte	17
 917 0378 5F       		.byte	95
 918 0379 01       		.byte	1
 919 037a 60       		.byte	96
 920 037b 40       		.byte	64
 921 037c 62       		.byte	98
 922 037d C0       		.byte	-64
 923 037e 64       		.byte	100
 924 037f 40       		.byte	64
 925 0380 65       		.byte	101
 926 0381 40       		.byte	64
 927 0382 66       		.byte	102
 928 0383 C0       		.byte	-64
 929 0384 68       		.byte	104
 930 0385 C0       		.byte	-64
 931 0386 6A       		.byte	106
 932 0387 C0       		.byte	-64
 933 0388 6C       		.byte	108
 934 0389 C0       		.byte	-64
 935 038a 6E       		.byte	110
 936 038b C0       		.byte	-64
 937 038c 86       		.byte	-122
 938 038d 01       		.byte	1
 939 038e 8A       		.byte	-118
 940 038f 01       		.byte	1
 941 0390 8E       		.byte	-114
 942 0391 08       		.byte	8
 943 0392 92       		.byte	-110
 944 0393 04       		.byte	4
 945 0394 98       		.byte	-104
 946 0395 02       		.byte	2
 947 0396 9B       		.byte	-101
 948 0397 01       		.byte	1
 949 0398 A6       		.byte	-90
 950 0399 02       		.byte	2
 951 039a AA       		.byte	-86
 952 039b 08       		.byte	8
 953 039c B0       		.byte	-80
 954 039d 02       		.byte	2
 955 039e B2       		.byte	-78
 956 039f 01       		.byte	1
 957 03a0 B4       		.byte	-76
 958 03a1 04       		.byte	4
 959 03a2 B5       		.byte	-75
 960 03a3 01       		.byte	1
 961 03a4 B6       		.byte	-74
 962 03a5 08       		.byte	8
 963 03a6 BE       		.byte	-66
 964 03a7 40       		.byte	64
 965 03a8 C0       		.byte	-64
 966 03a9 40       		.byte	64
 967 03aa C1       		.byte	-63
 968 03ab 06       		.byte	6
 969 03ac C5       		.byte	-59
ARM GAS  C:\Users\SAISWA~1\AppData\Local\Temp\ccmL3hyB.s 			page 18


 970 03ad D0       		.byte	-48
 971 03ae C6       		.byte	-58
 972 03af 10       		.byte	16
 973 03b0 C7       		.byte	-57
 974 03b1 02       		.byte	2
 975 03b2 C8       		.byte	-56
 976 03b3 1A       		.byte	26
 977 03b4 C9       		.byte	-55
 978 03b5 FF       		.byte	-1
 979 03b6 CA       		.byte	-54
 980 03b7 FF       		.byte	-1
 981 03b8 CB       		.byte	-53
 982 03b9 FF       		.byte	-1
 983 03ba CD       		.byte	-51
 984 03bb A0       		.byte	-96
 985 03bc CF       		.byte	-49
 986 03bd 04       		.byte	4
 987 03be D0       		.byte	-48
 988 03bf 18       		.byte	24
 989 03c0 D2       		.byte	-46
 990 03c1 80       		.byte	-128
 991 03c2 D4       		.byte	-44
 992 03c3 05       		.byte	5
 993 03c4 D8       		.byte	-40
 994 03c5 04       		.byte	4
 995 03c6 D9       		.byte	-39
 996 03c7 04       		.byte	4
 997 03c8 DA       		.byte	-38
 998 03c9 04       		.byte	4
 999 03ca DB       		.byte	-37
 1000 03cb 04       		.byte	4
 1001 03cc DC       		.byte	-36
 1002 03cd 11       		.byte	17
 1003 03ce DD       		.byte	-35
 1004 03cf 11       		.byte	17
 1005 03d0 DF       		.byte	-33
 1006 03d1 01       		.byte	1
 1007 03d2 E0       		.byte	-32
 1008 03d3 40       		.byte	64
 1009 03d4 E2       		.byte	-30
 1010 03d5 C0       		.byte	-64
 1011 03d6 E4       		.byte	-28
 1012 03d7 40       		.byte	64
 1013 03d8 E5       		.byte	-27
 1014 03d9 40       		.byte	64
 1015 03da E6       		.byte	-26
 1016 03db C0       		.byte	-64
 1017 03dc E8       		.byte	-24
 1018 03dd C0       		.byte	-64
 1019 03de EA       		.byte	-22
 1020 03df C0       		.byte	-64
 1021 03e0 EC       		.byte	-20
 1022 03e1 C0       		.byte	-64
 1023 03e2 EE       		.byte	-18
 1024 03e3 C0       		.byte	-64
 1025 03e4 00       		.byte	0
 1026 03e5 20       		.byte	32
ARM GAS  C:\Users\SAISWA~1\AppData\Local\Temp\ccmL3hyB.s 			page 19


 1027 03e6 03       		.byte	3
 1028 03e7 26       		.byte	38
 1029 03e8 06       		.byte	6
 1030 03e9 20       		.byte	32
 1031 03ea 07       		.byte	7
 1032 03eb 40       		.byte	64
 1033 03ec 09       		.byte	9
 1034 03ed 20       		.byte	32
 1035 03ee 0A       		.byte	10
 1036 03ef 40       		.byte	64
 1037 03f0 0D       		.byte	13
 1038 03f1 02       		.byte	2
 1039 03f2 10       		.byte	16
 1040 03f3 20       		.byte	32
 1041 03f4 12       		.byte	18
 1042 03f5 08       		.byte	8
 1043 03f6 16       		.byte	22
 1044 03f7 10       		.byte	16
 1045 03f8 18       		.byte	24
 1046 03f9 20       		.byte	32
 1047 03fa 19       		.byte	25
 1048 03fb 70       		.byte	112
 1049 03fc 1A       		.byte	26
 1050 03fd 80       		.byte	-128
 1051 03fe 1B       		.byte	27
 1052 03ff 20       		.byte	32
 1053 0400 1D       		.byte	29
 1054 0401 02       		.byte	2
 1055 0402 1E       		.byte	30
 1056 0403 14       		.byte	20
 1057 0404 1F       		.byte	31
 1058 0405 02       		.byte	2
 1059 0406 21       		.byte	33
 1060 0407 20       		.byte	32
 1061 0408 24       		.byte	36
 1062 0409 40       		.byte	64
 1063 040a 27       		.byte	39
 1064 040b 28       		.byte	40
 1065 040c 2D       		.byte	45
 1066 040d 80       		.byte	-128
 1067 040e 2F       		.byte	47
 1068 040f 08       		.byte	8
 1069 0410 30       		.byte	48
 1070 0411 20       		.byte	32
 1071 0412 35       		.byte	53
 1072 0413 10       		.byte	16
 1073 0414 36       		.byte	54
 1074 0415 02       		.byte	2
 1075 0416 37       		.byte	55
 1076 0417 04       		.byte	4
 1077 0418 3E       		.byte	62
 1078 0419 04       		.byte	4
 1079 041a 43       		.byte	67
 1080 041b 02       		.byte	2
 1081 041c 46       		.byte	70
 1082 041d 04       		.byte	4
 1083 041e 49       		.byte	73
ARM GAS  C:\Users\SAISWA~1\AppData\Local\Temp\ccmL3hyB.s 			page 20


 1084 041f 01       		.byte	1
 1085 0420 4A       		.byte	74
 1086 0421 08       		.byte	8
 1087 0422 4D       		.byte	77
 1088 0423 21       		.byte	33
 1089 0424 50       		.byte	80
 1090 0425 20       		.byte	32
 1091 0426 52       		.byte	82
 1092 0427 18       		.byte	24
 1093 0428 54       		.byte	84
 1094 0429 10       		.byte	16
 1095 042a 56       		.byte	86
 1096 042b 24       		.byte	36
 1097 042c 57       		.byte	87
 1098 042d 08       		.byte	8
 1099 042e 59       		.byte	89
 1100 042f 09       		.byte	9
 1101 0430 5A       		.byte	90
 1102 0431 80       		.byte	-128
 1103 0432 5C       		.byte	92
 1104 0433 40       		.byte	64
 1105 0434 5D       		.byte	93
 1106 0435 01       		.byte	1
 1107 0436 5F       		.byte	95
 1108 0437 08       		.byte	8
 1109 0438 72       		.byte	114
 1110 0439 40       		.byte	64
 1111 043a 77       		.byte	119
 1112 043b 40       		.byte	64
 1113 043c 82       		.byte	-126
 1114 043d 10       		.byte	16
 1115 043e 89       		.byte	-119
 1116 043f 48       		.byte	72
 1117 0440 8D       		.byte	-115
 1118 0441 80       		.byte	-128
 1119 0442 C0       		.byte	-64
 1120 0443 37       		.byte	55
 1121 0444 C2       		.byte	-62
 1122 0445 1A       		.byte	26
 1123 0446 C4       		.byte	-60
 1124 0447 26       		.byte	38
 1125 0448 CA       		.byte	-54
 1126 0449 30       		.byte	48
 1127 044a CC       		.byte	-52
 1128 044b E4       		.byte	-28
 1129 044c CE       		.byte	-50
 1130 044d 40       		.byte	64
 1131 044e D0       		.byte	-48
 1132 044f 21       		.byte	33
 1133 0450 D2       		.byte	-46
 1134 0451 24       		.byte	36
 1135 0452 D6       		.byte	-42
 1136 0453 DB       		.byte	-37
 1137 0454 E0       		.byte	-32
 1138 0455 01       		.byte	1
 1139 0456 E4       		.byte	-28
 1140 0457 40       		.byte	64
ARM GAS  C:\Users\SAISWA~1\AppData\Local\Temp\ccmL3hyB.s 			page 21


 1141 0458 AE       		.byte	-82
 1142 0459 01       		.byte	1
 1143 045a B0       		.byte	-80
 1144 045b 01       		.byte	1
 1145 045c C0       		.byte	-64
 1146 045d 40       		.byte	64
 1147 045e C1       		.byte	-63
 1148 045f 06       		.byte	6
 1149 0460 C6       		.byte	-58
 1150 0461 20       		.byte	32
 1151 0462 C7       		.byte	-57
 1152 0463 01       		.byte	1
 1153 0464 C8       		.byte	-56
 1154 0465 18       		.byte	24
 1155 0466 C9       		.byte	-55
 1156 0467 FF       		.byte	-1
 1157 0468 CA       		.byte	-54
 1158 0469 FF       		.byte	-1
 1159 046a CB       		.byte	-53
 1160 046b FF       		.byte	-1
 1161 046c CD       		.byte	-51
 1162 046d A0       		.byte	-96
 1163 046e CF       		.byte	-49
 1164 046f 04       		.byte	4
 1165 0470 D0       		.byte	-48
 1166 0471 18       		.byte	24
 1167 0472 D8       		.byte	-40
 1168 0473 04       		.byte	4
 1169 0474 DA       		.byte	-38
 1170 0475 04       		.byte	4
 1171 0476 DC       		.byte	-36
 1172 0477 01       		.byte	1
 1173 0478 DD       		.byte	-35
 1174 0479 01       		.byte	1
 1175 047a DF       		.byte	-33
 1176 047b 01       		.byte	1
 1177 047c E0       		.byte	-32
 1178 047d 40       		.byte	64
 1179 047e E2       		.byte	-30
 1180 047f C0       		.byte	-64
 1181 0480 E4       		.byte	-28
 1182 0481 40       		.byte	64
 1183 0482 E5       		.byte	-27
 1184 0483 40       		.byte	64
 1185 0484 E6       		.byte	-26
 1186 0485 C0       		.byte	-64
 1187 0486 E8       		.byte	-24
 1188 0487 C0       		.byte	-64
 1189 0488 EA       		.byte	-22
 1190 0489 C0       		.byte	-64
 1191 048a EC       		.byte	-20
 1192 048b C0       		.byte	-64
 1193 048c EE       		.byte	-18
 1194 048d C0       		.byte	-64
 1195 048e 00       		.byte	0
 1196 048f 64       		.byte	100
 1197 0490 02       		.byte	2
ARM GAS  C:\Users\SAISWA~1\AppData\Local\Temp\ccmL3hyB.s 			page 22


 1198 0491 04       		.byte	4
 1199 0492 0A       		.byte	10
 1200 0493 84       		.byte	-124
 1201 0494 0B       		.byte	11
 1202 0495 11       		.byte	17
 1203 0496 10       		.byte	16
 1204 0497 81       		.byte	-127
 1205 0498 12       		.byte	18
 1206 0499 10       		.byte	16
 1207 049a 13       		.byte	19
 1208 049b 20       		.byte	32
 1209 049c 17       		.byte	23
 1210 049d 80       		.byte	-128
 1211 049e 18       		.byte	24
 1212 049f 41       		.byte	65
 1213 04a0 19       		.byte	25
 1214 04a1 11       		.byte	17
 1215 04a2 1A       		.byte	26
 1216 04a3 10       		.byte	16
 1217 04a4 1D       		.byte	29
 1218 04a5 02       		.byte	2
 1219 04a6 20       		.byte	32
 1220 04a7 24       		.byte	36
 1221 04a8 22       		.byte	34
 1222 04a9 11       		.byte	17
 1223 04aa 23       		.byte	35
 1224 04ab 06       		.byte	6
 1225 04ac 28       		.byte	40
 1226 04ad 01       		.byte	1
 1227 04ae 29       		.byte	41
 1228 04af 11       		.byte	17
 1229 04b0 2A       		.byte	42
 1230 04b1 04       		.byte	4
 1231 04b2 32       		.byte	50
 1232 04b3 50       		.byte	80
 1233 04b4 33       		.byte	51
 1234 04b5 04       		.byte	4
 1235 04b6 39       		.byte	57
 1236 04b7 44       		.byte	68
 1237 04b8 3B       		.byte	59
 1238 04b9 11       		.byte	17
 1239 04ba 40       		.byte	64
 1240 04bb 45       		.byte	69
 1241 04bc 45       		.byte	69
 1242 04bd 02       		.byte	2
 1243 04be 48       		.byte	72
 1244 04bf 40       		.byte	64
 1245 04c0 49       		.byte	73
 1246 04c1 90       		.byte	-112
 1247 04c2 4F       		.byte	79
 1248 04c3 20       		.byte	32
 1249 04c4 51       		.byte	81
 1250 04c5 04       		.byte	4
 1251 04c6 57       		.byte	87
 1252 04c7 14       		.byte	20
 1253 04c8 5B       		.byte	91
 1254 04c9 08       		.byte	8
ARM GAS  C:\Users\SAISWA~1\AppData\Local\Temp\ccmL3hyB.s 			page 23


 1255 04ca 66       		.byte	102
 1256 04cb 03       		.byte	3
 1257 04cc 69       		.byte	105
 1258 04cd 44       		.byte	68
 1259 04ce 6B       		.byte	107
 1260 04cf 14       		.byte	20
 1261 04d0 70       		.byte	112
 1262 04d1 90       		.byte	-112
 1263 04d2 71       		.byte	113
 1264 04d3 0C       		.byte	12
 1265 04d4 72       		.byte	114
 1266 04d5 06       		.byte	6
 1267 04d6 73       		.byte	115
 1268 04d7 20       		.byte	32
 1269 04d8 88       		.byte	-120
 1270 04d9 01       		.byte	1
 1271 04da 89       		.byte	-119
 1272 04db 01       		.byte	1
 1273 04dc 8E       		.byte	-114
 1274 04dd 10       		.byte	16
 1275 04de 92       		.byte	-110
 1276 04df 80       		.byte	-128
 1277 04e0 93       		.byte	-109
 1278 04e1 11       		.byte	17
 1279 04e2 94       		.byte	-108
 1280 04e3 20       		.byte	32
 1281 04e4 95       		.byte	-107
 1282 04e5 09       		.byte	9
 1283 04e6 96       		.byte	-106
 1284 04e7 06       		.byte	6
 1285 04e8 97       		.byte	-105
 1286 04e9 04       		.byte	4
 1287 04ea 99       		.byte	-103
 1288 04eb 80       		.byte	-128
 1289 04ec 9A       		.byte	-102
 1290 04ed 10       		.byte	16
 1291 04ee 9B       		.byte	-101
 1292 04ef 88       		.byte	-120
 1293 04f0 9C       		.byte	-100
 1294 04f1 01       		.byte	1
 1295 04f2 9D       		.byte	-99
 1296 04f3 15       		.byte	21
 1297 04f4 9E       		.byte	-98
 1298 04f5 01       		.byte	1
 1299 04f6 9F       		.byte	-97
 1300 04f7 16       		.byte	22
 1301 04f8 A4       		.byte	-92
 1302 04f9 40       		.byte	64
 1303 04fa A5       		.byte	-91
 1304 04fb 0A       		.byte	10
 1305 04fc A7       		.byte	-89
 1306 04fd 04       		.byte	4
 1307 04fe AA       		.byte	-86
 1308 04ff 08       		.byte	8
 1309 0500 AB       		.byte	-85
 1310 0501 20       		.byte	32
 1311 0502 AC       		.byte	-84
ARM GAS  C:\Users\SAISWA~1\AppData\Local\Temp\ccmL3hyB.s 			page 24


 1312 0503 04       		.byte	4
 1313 0504 AF       		.byte	-81
 1314 0505 01       		.byte	1
 1315 0506 B3       		.byte	-77
 1316 0507 40       		.byte	64
 1317 0508 B7       		.byte	-73
 1318 0509 40       		.byte	64
 1319 050a C0       		.byte	-64
 1320 050b 07       		.byte	7
 1321 050c C2       		.byte	-62
 1322 050d 0F       		.byte	15
 1323 050e C4       		.byte	-60
 1324 050f 8F       		.byte	-113
 1325 0510 CA       		.byte	-54
 1326 0511 0F       		.byte	15
 1327 0512 CC       		.byte	-52
 1328 0513 0E       		.byte	14
 1329 0514 CE       		.byte	-50
 1330 0515 0F       		.byte	15
 1331 0516 D0       		.byte	-48
 1332 0517 8D       		.byte	-115
 1333 0518 D2       		.byte	-46
 1334 0519 2C       		.byte	44
 1335 051a D6       		.byte	-42
 1336 051b 02       		.byte	2
 1337 051c E6       		.byte	-26
 1338 051d 10       		.byte	16
 1339 051e E8       		.byte	-24
 1340 051f 03       		.byte	3
 1341 0520 EC       		.byte	-20
 1342 0521 03       		.byte	3
 1343 0522 12       		.byte	18
 1344 0523 01       		.byte	1
 1345 0524 1A       		.byte	26
 1346 0525 01       		.byte	1
 1347 0526 32       		.byte	50
 1348 0527 01       		.byte	1
 1349 0528 52       		.byte	82
 1350 0529 80       		.byte	-128
 1351 052a 58       		.byte	88
 1352 052b 04       		.byte	4
 1353 052c 5B       		.byte	91
 1354 052d 04       		.byte	4
 1355 052e 5C       		.byte	92
 1356 052f 01       		.byte	1
 1357 0530 5D       		.byte	93
 1358 0531 10       		.byte	16
 1359 0532 5F       		.byte	95
 1360 0533 01       		.byte	1
 1361 0534 00       		.byte	0
 1362 0535 80       		.byte	-128
 1363 0536 01       		.byte	1
 1364 0537 01       		.byte	1
 1365 0538 02       		.byte	2
 1366 0539 18       		.byte	24
 1367 053a 09       		.byte	9
 1368 053b 08       		.byte	8
ARM GAS  C:\Users\SAISWA~1\AppData\Local\Temp\ccmL3hyB.s 			page 25


 1369 053c 0A       		.byte	10
 1370 053d 85       		.byte	-123
 1371 053e 0D       		.byte	13
 1372 053f 02       		.byte	2
 1373 0540 0F       		.byte	15
 1374 0541 08       		.byte	8
 1375 0542 11       		.byte	17
 1376 0543 40       		.byte	64
 1377 0544 12       		.byte	18
 1378 0545 01       		.byte	1
 1379 0546 13       		.byte	19
 1380 0547 16       		.byte	22
 1381 0548 19       		.byte	25
 1382 0549 88       		.byte	-120
 1383 054a 1A       		.byte	26
 1384 054b 81       		.byte	-127
 1385 054c 1B       		.byte	27
 1386 054d 20       		.byte	32
 1387 054e 1E       		.byte	30
 1388 054f 20       		.byte	32
 1389 0550 23       		.byte	35
 1390 0551 19       		.byte	25
 1391 0552 29       		.byte	41
 1392 0553 15       		.byte	21
 1393 0554 2A       		.byte	42
 1394 0555 50       		.byte	80
 1395 0556 30       		.byte	48
 1396 0557 01       		.byte	1
 1397 0558 32       		.byte	50
 1398 0559 40       		.byte	64
 1399 055a 33       		.byte	51
 1400 055b 14       		.byte	20
 1401 055c 38       		.byte	56
 1402 055d 20       		.byte	32
 1403 055e 39       		.byte	57
 1404 055f 40       		.byte	64
 1405 0560 3B       		.byte	59
 1406 0561 05       		.byte	5
 1407 0562 40       		.byte	64
 1408 0563 40       		.byte	64
 1409 0564 48       		.byte	72
 1410 0565 10       		.byte	16
 1411 0566 50       		.byte	80
 1412 0567 80       		.byte	-128
 1413 0568 51       		.byte	81
 1414 0569 40       		.byte	64
 1415 056a 5A       		.byte	90
 1416 056b 02       		.byte	2
 1417 056c 62       		.byte	98
 1418 056d A0       		.byte	-96
 1419 056e 68       		.byte	104
 1420 056f 04       		.byte	4
 1421 0570 6B       		.byte	107
 1422 0571 61       		.byte	97
 1423 0572 70       		.byte	112
 1424 0573 04       		.byte	4
 1425 0574 72       		.byte	114
ARM GAS  C:\Users\SAISWA~1\AppData\Local\Temp\ccmL3hyB.s 			page 26


 1426 0575 0A       		.byte	10
 1427 0576 73       		.byte	115
 1428 0577 40       		.byte	64
 1429 0578 77       		.byte	119
 1430 0579 80       		.byte	-128
 1431 057a 81       		.byte	-127
 1432 057b 01       		.byte	1
 1433 057c 82       		.byte	-126
 1434 057d 88       		.byte	-120
 1435 057e 83       		.byte	-125
 1436 057f 20       		.byte	32
 1437 0580 86       		.byte	-122
 1438 0581 40       		.byte	64
 1439 0582 87       		.byte	-121
 1440 0583 10       		.byte	16
 1441 0584 8C       		.byte	-116
 1442 0585 04       		.byte	4
 1443 0586 8E       		.byte	-114
 1444 0587 06       		.byte	6
 1445 0588 90       		.byte	-112
 1446 0589 40       		.byte	64
 1447 058a 95       		.byte	-107
 1448 058b 88       		.byte	-120
 1449 058c 9D       		.byte	-99
 1450 058d 08       		.byte	8
 1451 058e 9E       		.byte	-98
 1452 058f 04       		.byte	4
 1453 0590 A2       		.byte	-94
 1454 0591 20       		.byte	32
 1455 0592 A4       		.byte	-92
 1456 0593 90       		.byte	-112
 1457 0594 A6       		.byte	-90
 1458 0595 10       		.byte	16
 1459 0596 AC       		.byte	-84
 1460 0597 40       		.byte	64
 1461 0598 AF       		.byte	-81
 1462 0599 20       		.byte	32
 1463 059a B0       		.byte	-80
 1464 059b 10       		.byte	16
 1465 059c B1       		.byte	-79
 1466 059d 80       		.byte	-128
 1467 059e B3       		.byte	-77
 1468 059f 04       		.byte	4
 1469 05a0 C0       		.byte	-64
 1470 05a1 0F       		.byte	15
 1471 05a2 C2       		.byte	-62
 1472 05a3 5F       		.byte	95
 1473 05a4 C4       		.byte	-60
 1474 05a5 0F       		.byte	15
 1475 05a6 CA       		.byte	-54
 1476 05a7 0F       		.byte	15
 1477 05a8 CC       		.byte	-52
 1478 05a9 0F       		.byte	15
 1479 05aa CE       		.byte	-50
 1480 05ab 0F       		.byte	15
 1481 05ac D0       		.byte	-48
 1482 05ad 01       		.byte	1
ARM GAS  C:\Users\SAISWA~1\AppData\Local\Temp\ccmL3hyB.s 			page 27


 1483 05ae D6       		.byte	-42
 1484 05af 01       		.byte	1
 1485 05b0 D8       		.byte	-40
 1486 05b1 0C       		.byte	12
 1487 05b2 E4       		.byte	-28
 1488 05b3 10       		.byte	16
 1489 05b4 E0       		.byte	-32
 1490 05b5 50       		.byte	80
 1491 05b6 E8       		.byte	-24
 1492 05b7 80       		.byte	-128
 1493 05b8 E6       		.byte	-26
 1494 05b9 A0       		.byte	-96
 1495 05ba E8       		.byte	-24
 1496 05bb 33       		.byte	51
 1497 05bc EC       		.byte	-20
 1498 05bd 03       		.byte	3
 1499 05be 30       		.byte	48
 1500 05bf 10       		.byte	16
 1501 05c0 33       		.byte	51
 1502 05c1 02       		.byte	2
 1503 05c2 37       		.byte	55
 1504 05c3 20       		.byte	32
 1505 05c4 CC       		.byte	-52
 1506 05c5 70       		.byte	112
 1507 05c6 04       		.byte	4
 1508 05c7 20       		.byte	32
 1509 05c8 08       		.byte	8
 1510 05c9 01       		.byte	1
 1511 05ca 0F       		.byte	15
 1512 05cb 20       		.byte	32
 1513 05cc 62       		.byte	98
 1514 05cd 08       		.byte	8
 1515 05ce 64       		.byte	100
 1516 05cf 08       		.byte	8
 1517 05d0 84       		.byte	-124
 1518 05d1 08       		.byte	8
 1519 05d2 8C       		.byte	-116
 1520 05d3 10       		.byte	16
 1521 05d4 9C       		.byte	-100
 1522 05d5 10       		.byte	16
 1523 05d6 9F       		.byte	-97
 1524 05d7 20       		.byte	32
 1525 05d8 A7       		.byte	-89
 1526 05d9 02       		.byte	2
 1527 05da C0       		.byte	-64
 1528 05db 80       		.byte	-128
 1529 05dc C2       		.byte	-62
 1530 05dd 30       		.byte	48
 1531 05de D8       		.byte	-40
 1532 05df C0       		.byte	-64
 1533 05e0 E6       		.byte	-26
 1534 05e1 10       		.byte	16
 1535 05e2 9C       		.byte	-100
 1536 05e3 10       		.byte	16
 1537 05e4 A3       		.byte	-93
 1538 05e5 10       		.byte	16
 1539 05e6 A6       		.byte	-90
ARM GAS  C:\Users\SAISWA~1\AppData\Local\Temp\ccmL3hyB.s 			page 28


 1540 05e7 08       		.byte	8
 1541 05e8 A7       		.byte	-89
 1542 05e9 02       		.byte	2
 1543 05ea AF       		.byte	-81
 1544 05eb 20       		.byte	32
 1545 05ec B0       		.byte	-80
 1546 05ed 01       		.byte	1
 1547 05ee EA       		.byte	-22
 1548 05ef 40       		.byte	64
 1549 05f0 84       		.byte	-124
 1550 05f1 10       		.byte	16
 1551 05f2 87       		.byte	-121
 1552 05f3 02       		.byte	2
 1553 05f4 9C       		.byte	-100
 1554 05f5 10       		.byte	16
 1555 05f6 A7       		.byte	-89
 1556 05f7 02       		.byte	2
 1557 05f8 AE       		.byte	-82
 1558 05f9 08       		.byte	8
 1559 05fa B7       		.byte	-73
 1560 05fb 10       		.byte	16
 1561 05fc E2       		.byte	-30
 1562 05fd 10       		.byte	16
 1563 05fe E6       		.byte	-26
 1564 05ff 40       		.byte	64
 1565 0600 EA       		.byte	-22
 1566 0601 10       		.byte	16
 1567 0602 77       		.byte	119
 1568 0603 40       		.byte	64
 1569 0604 DE       		.byte	-34
 1570 0605 04       		.byte	4
 1571 0606 53       		.byte	83
 1572 0607 02       		.byte	2
 1573 0608 5A       		.byte	90
 1574 0609 04       		.byte	4
 1575 060a 5C       		.byte	92
 1576 060b 20       		.byte	32
 1577 060c 66       		.byte	102
 1578 060d 04       		.byte	4
 1579 060e 82       		.byte	-126
 1580 060f 04       		.byte	4
 1581 0610 9F       		.byte	-97
 1582 0611 40       		.byte	64
 1583 0612 D4       		.byte	-44
 1584 0613 01       		.byte	1
 1585 0614 D6       		.byte	-42
 1586 0615 06       		.byte	6
 1587 0616 D8       		.byte	-40
 1588 0617 01       		.byte	1
 1589 0618 83       		.byte	-125
 1590 0619 40       		.byte	64
 1591 061a 8A       		.byte	-118
 1592 061b 04       		.byte	4
 1593 061c 96       		.byte	-106
 1594 061d 04       		.byte	4
 1595 061e 9C       		.byte	-100
 1596 061f 20       		.byte	32
ARM GAS  C:\Users\SAISWA~1\AppData\Local\Temp\ccmL3hyB.s 			page 29


 1597 0620 9F       		.byte	-97
 1598 0621 40       		.byte	64
 1599 0622 AB       		.byte	-85
 1600 0623 02       		.byte	2
 1601 0624 E4       		.byte	-28
 1602 0625 04       		.byte	4
 1603 0626 9C       		.byte	-100
 1604 0627 20       		.byte	32
 1605 0628 66       		.byte	102
 1606 0629 04       		.byte	4
 1607 062a 8F       		.byte	-113
 1608 062b 04       		.byte	4
 1609 062c D8       		.byte	-40
 1610 062d 80       		.byte	-128
 1611 062e 03       		.byte	3
 1612 062f 04       		.byte	4
 1613 0630 8E       		.byte	-114
 1614 0631 04       		.byte	4
 1615 0632 9E       		.byte	-98
 1616 0633 04       		.byte	4
 1617 0634 9F       		.byte	-97
 1618 0635 04       		.byte	4
 1619 0636 C0       		.byte	-64
 1620 0637 40       		.byte	64
 1621 0638 50       		.byte	80
 1622 0639 05       		.byte	5
 1623 063a 57       		.byte	87
 1624 063b 10       		.byte	16
 1625 063c 5B       		.byte	91
 1626 063d 01       		.byte	1
 1627 063e 5F       		.byte	95
 1628 063f 41       		.byte	65
 1629 0640 60       		.byte	96
 1630 0641 10       		.byte	16
 1631 0642 66       		.byte	102
 1632 0643 08       		.byte	8
 1633 0644 8C       		.byte	-116
 1634 0645 05       		.byte	5
 1635 0646 B0       		.byte	-80
 1636 0647 20       		.byte	32
 1637 0648 D4       		.byte	-44
 1638 0649 07       		.byte	7
 1639 064a D6       		.byte	-42
 1640 064b 07       		.byte	7
 1641 064c D8       		.byte	-40
 1642 064d 03       		.byte	3
 1643 064e E0       		.byte	-32
 1644 064f 0A       		.byte	10
 1645 0650 E8       		.byte	-24
 1646 0651 01       		.byte	1
 1647 0652 10       		.byte	16
 1648 0653 A0       		.byte	-96
 1649 0654 88       		.byte	-120
 1650 0655 A0       		.byte	-96
 1651 0656 AB       		.byte	-85
 1652 0657 11       		.byte	17
 1653 0658 AE       		.byte	-82
ARM GAS  C:\Users\SAISWA~1\AppData\Local\Temp\ccmL3hyB.s 			page 30


 1654 0659 08       		.byte	8
 1655 065a AF       		.byte	-81
 1656 065b 01       		.byte	1
 1657 065c B3       		.byte	-77
 1658 065d 40       		.byte	64
 1659 065e B4       		.byte	-76
 1660 065f 10       		.byte	16
 1661 0660 C4       		.byte	-60
 1662 0661 08       		.byte	8
 1663 0662 E6       		.byte	-26
 1664 0663 05       		.byte	5
 1665 0664 E8       		.byte	-24
 1666 0665 0C       		.byte	12
 1667 0666 00       		.byte	0
 1668 0667 03       		.byte	3
 1669 0668 0A       		.byte	10
 1670 0669 03       		.byte	3
 1671 066a 0E       		.byte	14
 1672 066b 02       		.byte	2
 1673 066c 10       		.byte	16
 1674 066d 03       		.byte	3
 1675 066e 1A       		.byte	26
 1676 066f 03       		.byte	3
 1677 0670 00       		.byte	0
 1678 0671 3F       		.byte	63
 1679 0672 00       		.byte	0
 1680 0673 00       		.byte	0
 1681 0674 00       		.byte	0
 1682 0675 12       		.byte	18
 1683 0676 00       		.byte	0
 1684 0677 04       		.byte	4
 1685 0678 00       		.byte	0
 1686 0679 5C       		.byte	92
 1687 067a 03       		.byte	3
 1688 067b 00       		.byte	0
 1689 067c 03       		.byte	3
 1690 067d 00       		.byte	0
 1691 067e 10       		.byte	16
 1692 067f 03       		.byte	3
 1693 0680 03       		.byte	3
 1694 0681 40       		.byte	64
 1695 0682 0C       		.byte	12
 1696 0683 00       		.byte	0
 1697 0684 0C       		.byte	12
 1698 0685 00       		.byte	0
 1699 0686 03       		.byte	3
 1700 0687 00       		.byte	0
 1701 0688 0F       		.byte	15
 1702 0689 5C       		.byte	92
 1703 068a 00       		.byte	0
 1704 068b 00       		.byte	0
 1705 068c 04       		.byte	4
 1706 068d 00       		.byte	0
 1707 068e 00       		.byte	0
 1708 068f 03       		.byte	3
 1709 0690 02       		.byte	2
 1710 0691 00       		.byte	0
ARM GAS  C:\Users\SAISWA~1\AppData\Local\Temp\ccmL3hyB.s 			page 31


 1711 0692 20       		.byte	32
 1712 0693 03       		.byte	3
 1713 0694 08       		.byte	8
 1714 0695 03       		.byte	3
 1715 0696 00       		.byte	0
 1716 0697 00       		.byte	0
 1717 0698 0F       		.byte	15
 1718 0699 07       		.byte	7
 1719 069a 00       		.byte	0
 1720 069b 18       		.byte	24
 1721 069c 0C       		.byte	12
 1722 069d 03       		.byte	3
 1723 069e 00       		.byte	0
 1724 069f 00       		.byte	0
 1725 06a0 01       		.byte	1
 1726 06a1 09       		.byte	9
 1727 06a2 20       		.byte	32
 1728 06a3 24       		.byte	36
 1729 06a4 0F       		.byte	15
 1730 06a5 03       		.byte	3
 1731 06a6 00       		.byte	0
 1732 06a7 1C       		.byte	28
 1733 06a8 00       		.byte	0
 1734 06a9 40       		.byte	64
 1735 06aa 30       		.byte	48
 1736 06ab 20       		.byte	32
 1737 06ac 08       		.byte	8
 1738 06ad 00       		.byte	0
 1739 06ae 22       		.byte	34
 1740 06af 00       		.byte	0
 1741 06b0 00       		.byte	0
 1742 06b1 00       		.byte	0
 1743 06b2 44       		.byte	68
 1744 06b3 00       		.byte	0
 1745 06b4 42       		.byte	66
 1746 06b5 06       		.byte	6
 1747 06b6 05       		.byte	5
 1748 06b7 00       		.byte	0
 1749 06b8 01       		.byte	1
 1750 06b9 C0       		.byte	-64
 1751 06ba 00       		.byte	0
 1752 06bb 0E       		.byte	14
 1753 06bc 12       		.byte	18
 1754 06bd FF       		.byte	-1
 1755 06be FF       		.byte	-1
 1756 06bf FF       		.byte	-1
 1757 06c0 62       		.byte	98
 1758 06c1 A0       		.byte	-96
 1759 06c2 F0       		.byte	-16
 1760 06c3 41       		.byte	65
 1761 06c4 0C       		.byte	12
 1762 06c5 00       		.byte	0
 1763 06c6 00       		.byte	0
 1764 06c7 00       		.byte	0
 1765 06c8 00       		.byte	0
 1766 06c9 00       		.byte	0
 1767 06ca 02       		.byte	2
ARM GAS  C:\Users\SAISWA~1\AppData\Local\Temp\ccmL3hyB.s 			page 32


 1768 06cb 12       		.byte	18
 1769 06cc 04       		.byte	4
 1770 06cd 04       		.byte	4
 1771 06ce 04       		.byte	4
 1772 06cf 04       		.byte	4
 1773 06d0 00       		.byte	0
 1774 06d1 00       		.byte	0
 1775 06d2 00       		.byte	0
 1776 06d3 01       		.byte	1
 1777 06d4 00       		.byte	0
 1778 06d5 00       		.byte	0
 1779 06d6 00       		.byte	0
 1780 06d7 00       		.byte	0
 1781 06d8 00       		.byte	0
 1782 06d9 00       		.byte	0
 1783 06da 40       		.byte	64
 1784 06db 02       		.byte	2
 1785 06dc 00       		.byte	0
 1786 06dd 10       		.byte	16
 1787 06de 30       		.byte	48
 1788 06df 10       		.byte	16
 1789 06e0 00       		.byte	0
 1790 06e1 10       		.byte	16
 1791 06e2 10       		.byte	16
 1792 06e3 12       		.byte	18
 1793 06e4 00       		.byte	0
 1794 06e5 00       		.byte	0
 1795 06e6 00       		.byte	0
 1796 06e7 00       		.byte	0
 1797 06e8 00       		.byte	0
 1798 06e9 00       		.byte	0
 1799 06ea 00       		.byte	0
 1800 06eb 00       		.byte	0
 1801 06ec 00       		.byte	0
 1802 06ed 00       		.byte	0
 1803 06ee 00       		.byte	0
 1804 06ef 00       		.byte	0
 1805 06f0 00       		.byte	0
 1806 06f1 00       		.byte	0
 1807 06f2 00       		.byte	0
 1808 06f3 00       		.byte	0
 1809 06f4 04       		.byte	4
 1810 06f5 02       		.byte	2
 1811 06f6 00       		.byte	0
 1812 06f7 01       		.byte	1
 1813 06f8 BF       		.byte	-65
 1814 06f9 00       		.byte	0
 1815 06fa 00       		.byte	0
 1816 06fb 08       		.byte	8
 1817 06fc A7       		.byte	-89
 1818 06fd 10       		.byte	16
 1819 06fe 18       		.byte	24
 1820 06ff 00       		.byte	0
 1821 0700 00       		.byte	0
 1822 0701 20       		.byte	32
 1823 0702 40       		.byte	64
 1824 0703 00       		.byte	0
ARM GAS  C:\Users\SAISWA~1\AppData\Local\Temp\ccmL3hyB.s 			page 33


 1825 0704 3C       		.byte	60
 1826 0705 01       		.byte	1
 1827 0706 82       		.byte	-126
 1828 0707 02       		.byte	2
 1829 0708 18       		.byte	24
 1830 0709 03       		.byte	3
 1831 070a 00       		.byte	0
 1832 070b 00       		.byte	0
 1833 070c 08       		.byte	8
 1834 070d 03       		.byte	3
 1835 070e 00       		.byte	0
 1836 070f 00       		.byte	0
 1837 0710 00       		.byte	0
 1838 0711 34       		.byte	52
 1839 0712 40       		.byte	64
 1840 0713 08       		.byte	8
 1841 0714 00       		.byte	0
 1842 0715 0C       		.byte	12
 1843 0716 04       		.byte	4
 1844 0717 30       		.byte	48
 1845 0718 00       		.byte	0
 1846 0719 30       		.byte	48
 1847 071a 23       		.byte	35
 1848 071b 00       		.byte	0
 1849 071c 1C       		.byte	28
 1850 071d 3C       		.byte	60
 1851 071e A1       		.byte	-95
 1852 071f 00       		.byte	0
 1853 0720 10       		.byte	16
 1854 0721 34       		.byte	52
 1855 0722 00       		.byte	0
 1856 0723 08       		.byte	8
 1857 0724 1F       		.byte	31
 1858 0725 00       		.byte	0
 1859 0726 80       		.byte	-128
 1860 0727 38       		.byte	56
 1861 0728 40       		.byte	64
 1862 0729 04       		.byte	4
 1863 072a 38       		.byte	56
 1864 072b 03       		.byte	3
 1865 072c 08       		.byte	8
 1866 072d 00       		.byte	0
 1867 072e 02       		.byte	2
 1868 072f 08       		.byte	8
 1869 0730 00       		.byte	0
 1870 0731 00       		.byte	0
 1871 0732 10       		.byte	16
 1872 0733 10       		.byte	16
 1873 0734 04       		.byte	4
 1874 0735 00       		.byte	0
 1875 0736 00       		.byte	0
 1876 0737 00       		.byte	0
 1877 0738 00       		.byte	0
 1878 0739 04       		.byte	4
 1879 073a 00       		.byte	0
 1880 073b 00       		.byte	0
 1881 073c 00       		.byte	0
ARM GAS  C:\Users\SAISWA~1\AppData\Local\Temp\ccmL3hyB.s 			page 34


 1882 073d FF       		.byte	-1
 1883 073e 07       		.byte	7
 1884 073f FF       		.byte	-1
 1885 0740 40       		.byte	64
 1886 0741 20       		.byte	32
 1887 0742 F0       		.byte	-16
 1888 0743 05       		.byte	5
 1889 0744 08       		.byte	8
 1890 0745 00       		.byte	0
 1891 0746 00       		.byte	0
 1892 0747 00       		.byte	0
 1893 0748 18       		.byte	24
 1894 0749 00       		.byte	0
 1895 074a 00       		.byte	0
 1896 074b 00       		.byte	0
 1897 074c 04       		.byte	4
 1898 074d 04       		.byte	4
 1899 074e 04       		.byte	4
 1900 074f 04       		.byte	4
 1901 0750 00       		.byte	0
 1902 0751 00       		.byte	0
 1903 0752 00       		.byte	0
 1904 0753 01       		.byte	1
 1905 0754 40       		.byte	64
 1906 0755 A8       		.byte	-88
 1907 0756 40       		.byte	64
 1908 0757 20       		.byte	32
 1909 0758 00       		.byte	0
 1910 0759 00       		.byte	0
 1911 075a 00       		.byte	0
 1912 075b 00       		.byte	0
 1913 075c 00       		.byte	0
 1914 075d 00       		.byte	0
 1915 075e 00       		.byte	0
 1916 075f 00       		.byte	0
 1917 0760 00       		.byte	0
 1918 0761 00       		.byte	0
 1919 0762 00       		.byte	0
 1920 0763 00       		.byte	0
 1921 0764 00       		.byte	0
 1922 0765 00       		.byte	0
 1923 0766 00       		.byte	0
 1924 0767 00       		.byte	0
 1925 0768 00       		.byte	0
 1926 0769 00       		.byte	0
 1927 076a 00       		.byte	0
 1928 076b 00       		.byte	0
 1929 076c 00       		.byte	0
 1930 076d 00       		.byte	0
 1931 076e 00       		.byte	0
 1932 076f 00       		.byte	0
 1933 0770 00       		.byte	0
 1934 0771 00       		.byte	0
 1935 0772 00       		.byte	0
 1936 0773 00       		.byte	0
 1937 0774 38       		.byte	56
 1938 0775 C0       		.byte	-64
ARM GAS  C:\Users\SAISWA~1\AppData\Local\Temp\ccmL3hyB.s 			page 35


 1939 0776 C0       		.byte	-64
 1940 0777 00       		.byte	0
 1941 0778 C0       		.byte	-64
 1942 0779 00       		.byte	0
 1943 077a 00       		.byte	0
 1944 077b 00       		.byte	0
 1945 077c 80       		.byte	-128
 1946 077d 00       		.byte	0
 1947 077e 40       		.byte	64
 1948 077f 80       		.byte	-128
 1949 0780 80       		.byte	-128
 1950 0781 00       		.byte	0
 1951 0782 80       		.byte	-128
 1952 0783 00       		.byte	0
 1953 0784 00       		.byte	0
 1954 0785 00       		.byte	0
 1955 0786 00       		.byte	0
 1956 0787 00       		.byte	0
 1957 0788 00       		.byte	0
 1958 0789 FF       		.byte	-1
 1959 078a FF       		.byte	-1
 1960 078b 00       		.byte	0
 1961 078c FF       		.byte	-1
 1962 078d 00       		.byte	0
 1963 078e 00       		.byte	0
 1964 078f 00       		.byte	0
 1965 0790 00       		.byte	0
 1966 0791 39       		.byte	57
 1967 0792 39       		.byte	57
 1968 0793 00       		.byte	0
 1969 0794 39       		.byte	57
 1970 0795 00       		.byte	0
 1971 0796 00       		.byte	0
 1972 0797 00       		.byte	0
 1973 0798 04       		.byte	4
 1974 0799 20       		.byte	32
 1975 079a 20       		.byte	32
 1976 079b 00       		.byte	0
 1977 079c 00       		.byte	0
 1978 079d 00       		.byte	0
 1979 079e 00       		.byte	0
 1980 079f 00       		.byte	0
 1981              		.section	.cywolatch,"a",%progbits
 1982              		.align	2
 1983              		.type	cy_meta_wonvl, %object
 1984              		.size	cy_meta_wonvl, 4
 1985              	cy_meta_wonvl:
 1986 0000 BC       		.byte	-68
 1987 0001 90       		.byte	-112
 1988 0002 AC       		.byte	-84
 1989 0003 AF       		.byte	-81
 1990              		.section	.cycustnvl,"a",%progbits
 1991              		.align	2
 1992              		.type	cy_meta_custnvl, %object
 1993              		.size	cy_meta_custnvl, 4
 1994              	cy_meta_custnvl:
 1995 0000 00       		.byte	0
ARM GAS  C:\Users\SAISWA~1\AppData\Local\Temp\ccmL3hyB.s 			page 36


 1996 0001 00       		.byte	0
 1997 0002 40       		.byte	64
 1998 0003 07       		.byte	7
 1999              		.section	.cymeta,"a",%progbits
 2000              		.align	2
 2001              		.type	cy_metadata, %object
 2002              		.size	cy_metadata, 12
 2003              	cy_metadata:
 2004 0000 00       		.byte	0
 2005 0001 01       		.byte	1
 2006 0002 2E       		.byte	46
 2007 0003 16       		.byte	22
 2008 0004 10       		.byte	16
 2009 0005 69       		.byte	105
 2010 0006 00       		.byte	0
 2011 0007 01       		.byte	1
 2012 0008 00       		.byte	0
 2013 0009 00       		.byte	0
 2014 000a 00       		.byte	0
 2015 000b 00       		.byte	0
 2016              		.section	.cyflashprotect,"a",%progbits
 2017              		.align	2
 2018              		.type	cy_meta_flashprotect, %object
 2019              		.size	cy_meta_flashprotect, 256
 2020              	cy_meta_flashprotect:
 2021 0000 00000000 		.space	256
 2021      00000000 
 2021      00000000 
 2021      00000000 
 2021      00000000 
 2022              		.text
 2023              	.Letext0:
 2024              		.file 1 "c:\\program files (x86)\\cypress\\psoc creator\\4.4\\psoc creator\\import\\gnu\\arm\\5.4.
 2025              		.file 2 "c:\\program files (x86)\\cypress\\psoc creator\\4.4\\psoc creator\\import\\gnu\\arm\\5.4.
 2026              		.file 3 "Generated_Source\\PSoC5\\cymetadata.c"
 2027              		.section	.debug_info,"",%progbits
 2028              	.Ldebug_info0:
 2029 0000 35010000 		.4byte	0x135
 2030 0004 0400     		.2byte	0x4
 2031 0006 00000000 		.4byte	.Ldebug_abbrev0
 2032 000a 04       		.byte	0x4
 2033 000b 01       		.uleb128 0x1
 2034 000c 24000000 		.4byte	.LASF17
 2035 0010 0C       		.byte	0xc
 2036 0011 EA010000 		.4byte	.LASF18
 2037 0015 D7000000 		.4byte	.LASF19
 2038 0019 00000000 		.4byte	.Ldebug_line0
 2039 001d 02       		.uleb128 0x2
 2040 001e 01       		.byte	0x1
 2041 001f 06       		.byte	0x6
 2042 0020 DE010000 		.4byte	.LASF0
 2043 0024 03       		.uleb128 0x3
 2044 0025 00000000 		.4byte	.LASF9
 2045 0029 01       		.byte	0x1
 2046 002a 1D       		.byte	0x1d
 2047 002b 2F000000 		.4byte	0x2f
 2048 002f 02       		.uleb128 0x2
ARM GAS  C:\Users\SAISWA~1\AppData\Local\Temp\ccmL3hyB.s 			page 37


 2049 0030 01       		.byte	0x1
 2050 0031 08       		.byte	0x8
 2051 0032 16000000 		.4byte	.LASF1
 2052 0036 02       		.uleb128 0x2
 2053 0037 02       		.byte	0x2
 2054 0038 05       		.byte	0x5
 2055 0039 CB010000 		.4byte	.LASF2
 2056 003d 02       		.uleb128 0x2
 2057 003e 02       		.byte	0x2
 2058 003f 07       		.byte	0x7
 2059 0040 C4000000 		.4byte	.LASF3
 2060 0044 02       		.uleb128 0x2
 2061 0045 04       		.byte	0x4
 2062 0046 05       		.byte	0x5
 2063 0047 D5010000 		.4byte	.LASF4
 2064 004b 02       		.uleb128 0x2
 2065 004c 04       		.byte	0x4
 2066 004d 07       		.byte	0x7
 2067 004e B2000000 		.4byte	.LASF5
 2068 0052 02       		.uleb128 0x2
 2069 0053 08       		.byte	0x8
 2070 0054 05       		.byte	0x5
 2071 0055 BD010000 		.4byte	.LASF6
 2072 0059 02       		.uleb128 0x2
 2073 005a 08       		.byte	0x8
 2074 005b 07       		.byte	0x7
 2075 005c 72010000 		.4byte	.LASF7
 2076 0060 04       		.uleb128 0x4
 2077 0061 04       		.byte	0x4
 2078 0062 05       		.byte	0x5
 2079 0063 696E7400 		.ascii	"int\000"
 2080 0067 02       		.uleb128 0x2
 2081 0068 04       		.byte	0x4
 2082 0069 07       		.byte	0x7
 2083 006a 65010000 		.4byte	.LASF8
 2084 006e 03       		.uleb128 0x3
 2085 006f 89010000 		.4byte	.LASF10
 2086 0073 02       		.byte	0x2
 2087 0074 18       		.byte	0x18
 2088 0075 24000000 		.4byte	0x24
 2089 0079 05       		.uleb128 0x5
 2090 007a 91000000 		.4byte	0x91
 2091 007e 8A000000 		.4byte	0x8a
 2092 0082 06       		.uleb128 0x6
 2093 0083 8A000000 		.4byte	0x8a
 2094 0087 9F07     		.2byte	0x79f
 2095 0089 00       		.byte	0
 2096 008a 02       		.uleb128 0x2
 2097 008b 04       		.byte	0x4
 2098 008c 07       		.byte	0x7
 2099 008d B4010000 		.4byte	.LASF11
 2100 0091 07       		.uleb128 0x7
 2101 0092 6E000000 		.4byte	0x6e
 2102 0096 08       		.uleb128 0x8
 2103 0097 53010000 		.4byte	.LASF12
 2104 009b 03       		.byte	0x3
 2105 009c 1F       		.byte	0x1f
ARM GAS  C:\Users\SAISWA~1\AppData\Local\Temp\ccmL3hyB.s 			page 38


 2106 009d A7000000 		.4byte	0xa7
 2107 00a1 05       		.uleb128 0x5
 2108 00a2 03       		.byte	0x3
 2109 00a3 00000000 		.4byte	cy_meta_configecc
 2110 00a7 07       		.uleb128 0x7
 2111 00a8 79000000 		.4byte	0x79
 2112 00ac 05       		.uleb128 0x5
 2113 00ad 91000000 		.4byte	0x91
 2114 00b1 BC000000 		.4byte	0xbc
 2115 00b5 09       		.uleb128 0x9
 2116 00b6 8A000000 		.4byte	0x8a
 2117 00ba 03       		.byte	0x3
 2118 00bb 00       		.byte	0
 2119 00bc 0A       		.uleb128 0xa
 2120 00bd 43010000 		.4byte	.LASF13
 2121 00c1 03       		.byte	0x3
 2122 00c2 2001     		.2byte	0x120
 2123 00c4 CE000000 		.4byte	0xce
 2124 00c8 05       		.uleb128 0x5
 2125 00c9 03       		.byte	0x3
 2126 00ca 00000000 		.4byte	cy_meta_custnvl
 2127 00ce 07       		.uleb128 0x7
 2128 00cf AC000000 		.4byte	0xac
 2129 00d3 0A       		.uleb128 0xa
 2130 00d4 A6010000 		.4byte	.LASF14
 2131 00d8 03       		.byte	0x3
 2132 00d9 2E01     		.2byte	0x12e
 2133 00db E5000000 		.4byte	0xe5
 2134 00df 05       		.uleb128 0x5
 2135 00e0 03       		.byte	0x3
 2136 00e1 00000000 		.4byte	cy_meta_wonvl
 2137 00e5 07       		.uleb128 0x7
 2138 00e6 AC000000 		.4byte	0xac
 2139 00ea 05       		.uleb128 0x5
 2140 00eb 91000000 		.4byte	0x91
 2141 00ef FA000000 		.4byte	0xfa
 2142 00f3 09       		.uleb128 0x9
 2143 00f4 8A000000 		.4byte	0x8a
 2144 00f8 FF       		.byte	0xff
 2145 00f9 00       		.byte	0
 2146 00fa 0A       		.uleb128 0xa
 2147 00fb 91010000 		.4byte	.LASF15
 2148 00ff 03       		.byte	0x3
 2149 0100 3C01     		.2byte	0x13c
 2150 0102 0C010000 		.4byte	0x10c
 2151 0106 05       		.uleb128 0x5
 2152 0107 03       		.byte	0x3
 2153 0108 00000000 		.4byte	cy_meta_flashprotect
 2154 010c 07       		.uleb128 0x7
 2155 010d EA000000 		.4byte	0xea
 2156 0111 05       		.uleb128 0x5
 2157 0112 91000000 		.4byte	0x91
 2158 0116 21010000 		.4byte	0x121
 2159 011a 09       		.uleb128 0x9
 2160 011b 8A000000 		.4byte	0x8a
 2161 011f 0B       		.byte	0xb
 2162 0120 00       		.byte	0
ARM GAS  C:\Users\SAISWA~1\AppData\Local\Temp\ccmL3hyB.s 			page 39


 2163 0121 0A       		.uleb128 0xa
 2164 0122 0A000000 		.4byte	.LASF16
 2165 0126 03       		.byte	0x3
 2166 0127 6901     		.2byte	0x169
 2167 0129 33010000 		.4byte	0x133
 2168 012d 05       		.uleb128 0x5
 2169 012e 03       		.byte	0x3
 2170 012f 00000000 		.4byte	cy_metadata
 2171 0133 07       		.uleb128 0x7
 2172 0134 11010000 		.4byte	0x111
 2173 0138 00       		.byte	0
 2174              		.section	.debug_abbrev,"",%progbits
 2175              	.Ldebug_abbrev0:
 2176 0000 01       		.uleb128 0x1
 2177 0001 11       		.uleb128 0x11
 2178 0002 01       		.byte	0x1
 2179 0003 25       		.uleb128 0x25
 2180 0004 0E       		.uleb128 0xe
 2181 0005 13       		.uleb128 0x13
 2182 0006 0B       		.uleb128 0xb
 2183 0007 03       		.uleb128 0x3
 2184 0008 0E       		.uleb128 0xe
 2185 0009 1B       		.uleb128 0x1b
 2186 000a 0E       		.uleb128 0xe
 2187 000b 10       		.uleb128 0x10
 2188 000c 17       		.uleb128 0x17
 2189 000d 00       		.byte	0
 2190 000e 00       		.byte	0
 2191 000f 02       		.uleb128 0x2
 2192 0010 24       		.uleb128 0x24
 2193 0011 00       		.byte	0
 2194 0012 0B       		.uleb128 0xb
 2195 0013 0B       		.uleb128 0xb
 2196 0014 3E       		.uleb128 0x3e
 2197 0015 0B       		.uleb128 0xb
 2198 0016 03       		.uleb128 0x3
 2199 0017 0E       		.uleb128 0xe
 2200 0018 00       		.byte	0
 2201 0019 00       		.byte	0
 2202 001a 03       		.uleb128 0x3
 2203 001b 16       		.uleb128 0x16
 2204 001c 00       		.byte	0
 2205 001d 03       		.uleb128 0x3
 2206 001e 0E       		.uleb128 0xe
 2207 001f 3A       		.uleb128 0x3a
 2208 0020 0B       		.uleb128 0xb
 2209 0021 3B       		.uleb128 0x3b
 2210 0022 0B       		.uleb128 0xb
 2211 0023 49       		.uleb128 0x49
 2212 0024 13       		.uleb128 0x13
 2213 0025 00       		.byte	0
 2214 0026 00       		.byte	0
 2215 0027 04       		.uleb128 0x4
 2216 0028 24       		.uleb128 0x24
 2217 0029 00       		.byte	0
 2218 002a 0B       		.uleb128 0xb
 2219 002b 0B       		.uleb128 0xb
ARM GAS  C:\Users\SAISWA~1\AppData\Local\Temp\ccmL3hyB.s 			page 40


 2220 002c 3E       		.uleb128 0x3e
 2221 002d 0B       		.uleb128 0xb
 2222 002e 03       		.uleb128 0x3
 2223 002f 08       		.uleb128 0x8
 2224 0030 00       		.byte	0
 2225 0031 00       		.byte	0
 2226 0032 05       		.uleb128 0x5
 2227 0033 01       		.uleb128 0x1
 2228 0034 01       		.byte	0x1
 2229 0035 49       		.uleb128 0x49
 2230 0036 13       		.uleb128 0x13
 2231 0037 01       		.uleb128 0x1
 2232 0038 13       		.uleb128 0x13
 2233 0039 00       		.byte	0
 2234 003a 00       		.byte	0
 2235 003b 06       		.uleb128 0x6
 2236 003c 21       		.uleb128 0x21
 2237 003d 00       		.byte	0
 2238 003e 49       		.uleb128 0x49
 2239 003f 13       		.uleb128 0x13
 2240 0040 2F       		.uleb128 0x2f
 2241 0041 05       		.uleb128 0x5
 2242 0042 00       		.byte	0
 2243 0043 00       		.byte	0
 2244 0044 07       		.uleb128 0x7
 2245 0045 26       		.uleb128 0x26
 2246 0046 00       		.byte	0
 2247 0047 49       		.uleb128 0x49
 2248 0048 13       		.uleb128 0x13
 2249 0049 00       		.byte	0
 2250 004a 00       		.byte	0
 2251 004b 08       		.uleb128 0x8
 2252 004c 34       		.uleb128 0x34
 2253 004d 00       		.byte	0
 2254 004e 03       		.uleb128 0x3
 2255 004f 0E       		.uleb128 0xe
 2256 0050 3A       		.uleb128 0x3a
 2257 0051 0B       		.uleb128 0xb
 2258 0052 3B       		.uleb128 0x3b
 2259 0053 0B       		.uleb128 0xb
 2260 0054 49       		.uleb128 0x49
 2261 0055 13       		.uleb128 0x13
 2262 0056 3F       		.uleb128 0x3f
 2263 0057 19       		.uleb128 0x19
 2264 0058 02       		.uleb128 0x2
 2265 0059 18       		.uleb128 0x18
 2266 005a 00       		.byte	0
 2267 005b 00       		.byte	0
 2268 005c 09       		.uleb128 0x9
 2269 005d 21       		.uleb128 0x21
 2270 005e 00       		.byte	0
 2271 005f 49       		.uleb128 0x49
 2272 0060 13       		.uleb128 0x13
 2273 0061 2F       		.uleb128 0x2f
 2274 0062 0B       		.uleb128 0xb
 2275 0063 00       		.byte	0
 2276 0064 00       		.byte	0
ARM GAS  C:\Users\SAISWA~1\AppData\Local\Temp\ccmL3hyB.s 			page 41


 2277 0065 0A       		.uleb128 0xa
 2278 0066 34       		.uleb128 0x34
 2279 0067 00       		.byte	0
 2280 0068 03       		.uleb128 0x3
 2281 0069 0E       		.uleb128 0xe
 2282 006a 3A       		.uleb128 0x3a
 2283 006b 0B       		.uleb128 0xb
 2284 006c 3B       		.uleb128 0x3b
 2285 006d 05       		.uleb128 0x5
 2286 006e 49       		.uleb128 0x49
 2287 006f 13       		.uleb128 0x13
 2288 0070 3F       		.uleb128 0x3f
 2289 0071 19       		.uleb128 0x19
 2290 0072 02       		.uleb128 0x2
 2291 0073 18       		.uleb128 0x18
 2292 0074 00       		.byte	0
 2293 0075 00       		.byte	0
 2294 0076 00       		.byte	0
 2295              		.section	.debug_aranges,"",%progbits
 2296 0000 14000000 		.4byte	0x14
 2297 0004 0200     		.2byte	0x2
 2298 0006 00000000 		.4byte	.Ldebug_info0
 2299 000a 04       		.byte	0x4
 2300 000b 00       		.byte	0
 2301 000c 0000     		.2byte	0
 2302 000e 0000     		.2byte	0
 2303 0010 00000000 		.4byte	0
 2304 0014 00000000 		.4byte	0
 2305              		.section	.debug_line,"",%progbits
 2306              	.Ldebug_line0:
 2307 0000 3D010000 		.section	.debug_str,"MS",%progbits,1
 2307      02003701 
 2307      00000201 
 2307      FB0E0D00 
 2307      01010101 
 2308              	.LASF9:
 2309 0000 5F5F7569 		.ascii	"__uint8_t\000"
 2309      6E74385F 
 2309      7400
 2310              	.LASF16:
 2311 000a 63795F6D 		.ascii	"cy_metadata\000"
 2311      65746164 
 2311      61746100 
 2312              	.LASF1:
 2313 0016 756E7369 		.ascii	"unsigned char\000"
 2313      676E6564 
 2313      20636861 
 2313      7200
 2314              	.LASF17:
 2315 0024 474E5520 		.ascii	"GNU C11 5.4.1 20160609 (release) [ARM/embedded-5-br"
 2315      43313120 
 2315      352E342E 
 2315      31203230 
 2315      31363036 
 2316 0057 616E6368 		.ascii	"anch revision 237715] -mcpu=cortex-m3 -mthumb -g -O"
 2316      20726576 
 2316      6973696F 
ARM GAS  C:\Users\SAISWA~1\AppData\Local\Temp\ccmL3hyB.s 			page 42


 2316      6E203233 
 2316      37373135 
 2317 008a 67202D66 		.ascii	"g -ffunction-sections -ffat-lto-objects\000"
 2317      66756E63 
 2317      74696F6E 
 2317      2D736563 
 2317      74696F6E 
 2318              	.LASF5:
 2319 00b2 6C6F6E67 		.ascii	"long unsigned int\000"
 2319      20756E73 
 2319      69676E65 
 2319      6420696E 
 2319      7400
 2320              	.LASF3:
 2321 00c4 73686F72 		.ascii	"short unsigned int\000"
 2321      7420756E 
 2321      7369676E 
 2321      65642069 
 2321      6E7400
 2322              	.LASF19:
 2323 00d7 443A5C44 		.ascii	"D:\\Darmstadt\\College\\Study\\Semester1\\AMA_EOS\\"
 2323      61726D73 
 2323      74616474 
 2323      5C436F6C 
 2323      6C656765 
 2324 0104 454F535C 		.ascii	"EOS\\Lab\\Assignments\\Lab1\\ReactionGame.cydsn\\Re"
 2324      4C61625C 
 2324      41737369 
 2324      676E6D65 
 2324      6E74735C 
 2325 0132 61637469 		.ascii	"actionGame.cydsn\000"
 2325      6F6E4761 
 2325      6D652E63 
 2325      7964736E 
 2325      00
 2326              	.LASF13:
 2327 0143 63795F6D 		.ascii	"cy_meta_custnvl\000"
 2327      6574615F 
 2327      63757374 
 2327      6E766C00 
 2328              	.LASF12:
 2329 0153 63795F6D 		.ascii	"cy_meta_configecc\000"
 2329      6574615F 
 2329      636F6E66 
 2329      69676563 
 2329      6300
 2330              	.LASF8:
 2331 0165 756E7369 		.ascii	"unsigned int\000"
 2331      676E6564 
 2331      20696E74 
 2331      00
 2332              	.LASF7:
 2333 0172 6C6F6E67 		.ascii	"long long unsigned int\000"
 2333      206C6F6E 
 2333      6720756E 
 2333      7369676E 
 2333      65642069 
ARM GAS  C:\Users\SAISWA~1\AppData\Local\Temp\ccmL3hyB.s 			page 43


 2334              	.LASF10:
 2335 0189 75696E74 		.ascii	"uint8_t\000"
 2335      385F7400 
 2336              	.LASF15:
 2337 0191 63795F6D 		.ascii	"cy_meta_flashprotect\000"
 2337      6574615F 
 2337      666C6173 
 2337      6870726F 
 2337      74656374 
 2338              	.LASF14:
 2339 01a6 63795F6D 		.ascii	"cy_meta_wonvl\000"
 2339      6574615F 
 2339      776F6E76 
 2339      6C00
 2340              	.LASF11:
 2341 01b4 73697A65 		.ascii	"sizetype\000"
 2341      74797065 
 2341      00
 2342              	.LASF6:
 2343 01bd 6C6F6E67 		.ascii	"long long int\000"
 2343      206C6F6E 
 2343      6720696E 
 2343      7400
 2344              	.LASF2:
 2345 01cb 73686F72 		.ascii	"short int\000"
 2345      7420696E 
 2345      7400
 2346              	.LASF4:
 2347 01d5 6C6F6E67 		.ascii	"long int\000"
 2347      20696E74 
 2347      00
 2348              	.LASF0:
 2349 01de 7369676E 		.ascii	"signed char\000"
 2349      65642063 
 2349      68617200 
 2350              	.LASF18:
 2351 01ea 47656E65 		.ascii	"Generated_Source\\PSoC5\\cymetadata.c\000"
 2351      72617465 
 2351      645F536F 
 2351      75726365 
 2351      5C50536F 
 2352              		.ident	"GCC: (GNU Tools for ARM Embedded Processors) 5.4.1 20160609 (release) [ARM/embedded-5-bran
