ARM GAS  C:\Users\SAISWA~1\AppData\Local\Temp\ccnk4iae.s 			page 1


   1              		.syntax unified
   2              		.cpu cortex-m3
   3              		.fpu softvfp
   4              		.eabi_attribute 20, 1
   5              		.eabi_attribute 21, 1
   6              		.eabi_attribute 23, 3
   7              		.eabi_attribute 24, 1
   8              		.eabi_attribute 25, 1
   9              		.eabi_attribute 26, 1
  10              		.eabi_attribute 30, 1
  11              		.eabi_attribute 34, 1
  12              		.eabi_attribute 18, 4
  13              		.thumb
  14              		.syntax unified
  15              		.file	"ErikaOS_1_eecfg.c"
  16              		.text
  17              	.Ltext0:
  18              		.cfi_sections	.debug_frame
  19              		.global	EE_oo_autostart_task_data
  20              		.comm	EE_ApplicationMode,4,4
  21              		.global	EE_oo_action_ROM
  22              		.comm	EE_oo_counter_object_RAM,32,4
  23              		.global	EE_oo_counter_object_ROM
  24              		.global	EE_ALARM_ID
  25              		.global	EE_ALARM_NAME
  26              		.global	EE_alarm_ROM
  27              		.global	EE_counter_RAM
  28              		.global	EE_counter_ROM
  29              		.global	EE_th_is_extended
  30              		.global	EE_th_waswaiting
  31              		.global	EE_th_event_waitmask
  32              		.global	EE_th_event_active
  33              		.global	EE_th_terminate_nextask
  34              		.global	EE_rq_free
  35              		.comm	EE_rq_pairs_tid,16,4
  36              		.global	EE_rq_pairs_next
  37              		.global	EE_rq_link
  38              		.global	EE_th_rnact_max
  39              		.global	EE_th_rnact
  40              		.global	EE_rq_bitmask
  41              		.global	EE_rq_queues_tail
  42              		.global	EE_rq_queues_head
  43              		.global	EE_sys_ceiling
  44              		.global	EE_stkfirst
  45              		.global	EE_th_next
  46              		.global	EE_th_status
  47              		.global	EE_th_dispatch_prio
  48              		.global	EE_EVENT_ID
  49              		.global	EE_EVENT_NAME
  50              		.global	EE_TASK_NAME
  51              		.global	EE_th_ready_prio
  52              		.global	EE_terminate_real_th_body
  53              		.comm	EE_terminate_data,16,4
  54              		.global	EE_hal_thread_body
  55              		.global	EE_cortex_mx_IRQ_tos
  56              		.global	EE_cortex_mx_active_tos
  57              		.global	EE_cortex_mx_system_tos
ARM GAS  C:\Users\SAISWA~1\AppData\Local\Temp\ccnk4iae.s 			page 2


  58              		.global	EE_std_thread_tos
  59              		.comm	EE_cortex_mx_stack_9,512,4
  60              		.comm	EE_cortex_mx_stack_3,2000,4
  61              		.section	.rodata
  62              		.align	2
  63              		.type	EE_oo_autostart_task_data, %object
  64              		.size	EE_oo_autostart_task_data, 8
  65              	EE_oo_autostart_task_data:
  66 0000 01000000 		.word	1
  67 0004 08000000 		.word	EE_oo_autostart_task_mode_OSDEFAULTAPPMODE
  68              		.type	EE_oo_autostart_task_mode_OSDEFAULTAPPMODE, %object
  69              		.size	EE_oo_autostart_task_mode_OSDEFAULTAPPMODE, 4
  70              	EE_oo_autostart_task_mode_OSDEFAULTAPPMODE:
  71 0008 00000000 		.space	4
  72              		.type	EE_oo_action_ROM, %object
  73              		.size	EE_oo_action_ROM, 40
  74              	EE_oo_action_ROM:
  75 000c 03       		.byte	3
  76 000d 000000   		.space	3
  77 0010 00000000 		.word	0
  78 0014 00000000 		.word	0
  79 0018 00000000 		.word	ticker
  80 001c FFFFFFFF 		.word	-1
  81 0020 00       		.byte	0
  82 0021 000000   		.space	3
  83 0024 03000000 		.word	3
  84 0028 00000000 		.word	0
  85 002c 00000000 		.word	0
  86 0030 FFFFFFFF 		.word	-1
  87              		.type	EE_oo_counter_object_ROM, %object
  88              		.size	EE_oo_counter_object_ROM, 24
  89              	EE_oo_counter_object_ROM:
  90 0034 00000000 		.word	0
  91 0038 00000000 		.word	0
  92 003c 00       		.byte	0
  93 003d 000000   		.space	3
  94 0040 00000000 		.word	0
  95 0044 01000000 		.word	1
  96 0048 00       		.byte	0
  97 0049 000000   		.space	3
  98              		.type	EE_ALARM_ID, %object
  99              		.size	EE_ALARM_ID, 8
 100              	EE_ALARM_ID:
 101 004c 00000000 		.word	0
 102 0050 01000000 		.word	1
 103              		.type	EE_alarm_ROM, %object
 104              		.size	EE_alarm_ROM, 8
 105              	EE_alarm_ROM:
 106 0054 00000000 		.word	0
 107 0058 01000000 		.word	1
 108              		.type	EE_counter_ROM, %object
 109              		.size	EE_counter_ROM, 12
 110              	EE_counter_ROM:
 111 005c 10270000 		.word	10000
 112 0060 01000000 		.word	1
 113 0064 00000000 		.word	0
 114              		.type	EE_th_is_extended, %object
ARM GAS  C:\Users\SAISWA~1\AppData\Local\Temp\ccnk4iae.s 			page 3


 115              		.size	EE_th_is_extended, 16
 116              	EE_th_is_extended:
 117 0068 00000000 		.word	0
 118 006c 00000000 		.word	0
 119 0070 01000000 		.word	1
 120 0074 00000000 		.word	0
 121              		.type	EE_th_rnact_max, %object
 122              		.size	EE_th_rnact_max, 16
 123              	EE_th_rnact_max:
 124 0078 01000000 		.word	1
 125 007c 01000000 		.word	1
 126 0080 01000000 		.word	1
 127 0084 01000000 		.word	1
 128              		.type	EE_th_dispatch_prio, %object
 129              		.size	EE_th_dispatch_prio, 16
 130              	EE_th_dispatch_prio:
 131 0088 80000000 		.word	128
 132 008c 01000000 		.word	1
 133 0090 10000000 		.word	16
 134 0094 04000000 		.word	4
 135              		.type	EE_EVENT_ID, %object
 136              		.size	EE_EVENT_ID, 12
 137              	EE_EVENT_ID:
 138 0098 01000000 		.word	1
 139 009c 02000000 		.word	2
 140 00a0 04000000 		.word	4
 141              		.type	EE_th_ready_prio, %object
 142              		.size	EE_th_ready_prio, 16
 143              	EE_th_ready_prio:
 144 00a4 01000000 		.word	1
 145 00a8 01000000 		.word	1
 146 00ac 10000000 		.word	16
 147 00b0 04000000 		.word	4
 148              		.type	EE_terminate_real_th_body, %object
 149              		.size	EE_terminate_real_th_body, 16
 150              	EE_terminate_real_th_body:
 151 00b4 00000000 		.word	Functsk_init
 152 00b8 00000000 		.word	Functsk_background
 153 00bc 00000000 		.word	Functsk_game
 154 00c0 00000000 		.word	Functsk_arcadian
 155              		.type	EE_hal_thread_body, %object
 156              		.size	EE_hal_thread_body, 16
 157              	EE_hal_thread_body:
 158 00c4 00000000 		.word	EE_oo_thread_stub
 159 00c8 00000000 		.word	EE_oo_thread_stub
 160 00cc 00000000 		.word	EE_oo_thread_stub
 161 00d0 00000000 		.word	EE_oo_thread_stub
 162              		.type	EE_std_thread_tos, %object
 163              		.size	EE_std_thread_tos, 20
 164              	EE_std_thread_tos:
 165 00d4 00000000 		.word	0
 166 00d8 00000000 		.word	0
 167 00dc 00000000 		.word	0
 168 00e0 01000000 		.word	1
 169 00e4 00000000 		.word	0
 170              		.data
 171              		.align	2
ARM GAS  C:\Users\SAISWA~1\AppData\Local\Temp\ccnk4iae.s 			page 4


 172              		.type	EE_ALARM_NAME, %object
 173              		.size	EE_ALARM_NAME, 8
 174              	EE_ALARM_NAME:
 175 0000 00000000 		.word	.LC0
 176 0004 0C000000 		.word	.LC1
 177              		.type	EE_counter_RAM, %object
 178              		.size	EE_counter_RAM, 8
 179              	EE_counter_RAM:
 180 0008 00000000 		.word	0
 181 000c FFFFFFFF 		.word	-1
 182              		.type	EE_th_terminate_nextask, %object
 183              		.size	EE_th_terminate_nextask, 16
 184              	EE_th_terminate_nextask:
 185 0010 FFFFFFFF 		.word	-1
 186 0014 FFFFFFFF 		.word	-1
 187 0018 FFFFFFFF 		.word	-1
 188 001c FFFFFFFF 		.word	-1
 189              		.type	EE_rq_pairs_next, %object
 190              		.size	EE_rq_pairs_next, 16
 191              	EE_rq_pairs_next:
 192 0020 01000000 		.word	1
 193 0024 02000000 		.word	2
 194 0028 03000000 		.word	3
 195 002c FFFFFFFF 		.word	-1
 196              		.type	EE_rq_link, %object
 197              		.size	EE_rq_link, 16
 198              	EE_rq_link:
 199 0030 00000000 		.word	0
 200 0034 00000000 		.word	0
 201 0038 04000000 		.word	4
 202 003c 02000000 		.word	2
 203              		.type	EE_th_rnact, %object
 204              		.size	EE_th_rnact, 16
 205              	EE_th_rnact:
 206 0040 01000000 		.word	1
 207 0044 01000000 		.word	1
 208 0048 01000000 		.word	1
 209 004c 01000000 		.word	1
 210              		.type	EE_rq_queues_tail, %object
 211              		.size	EE_rq_queues_tail, 64
 212              	EE_rq_queues_tail:
 213 0050 FFFFFFFF 		.word	-1
 214 0054 FFFFFFFF 		.word	-1
 215 0058 FFFFFFFF 		.word	-1
 216 005c FFFFFFFF 		.word	-1
 217 0060 FFFFFFFF 		.word	-1
 218 0064 FFFFFFFF 		.word	-1
 219 0068 FFFFFFFF 		.word	-1
 220 006c FFFFFFFF 		.word	-1
 221 0070 FFFFFFFF 		.word	-1
 222 0074 FFFFFFFF 		.word	-1
 223 0078 FFFFFFFF 		.word	-1
 224 007c FFFFFFFF 		.word	-1
 225 0080 FFFFFFFF 		.word	-1
 226 0084 FFFFFFFF 		.word	-1
 227 0088 FFFFFFFF 		.word	-1
 228 008c FFFFFFFF 		.word	-1
ARM GAS  C:\Users\SAISWA~1\AppData\Local\Temp\ccnk4iae.s 			page 5


 229              		.type	EE_rq_queues_head, %object
 230              		.size	EE_rq_queues_head, 64
 231              	EE_rq_queues_head:
 232 0090 FFFFFFFF 		.word	-1
 233 0094 FFFFFFFF 		.word	-1
 234 0098 FFFFFFFF 		.word	-1
 235 009c FFFFFFFF 		.word	-1
 236 00a0 FFFFFFFF 		.word	-1
 237 00a4 FFFFFFFF 		.word	-1
 238 00a8 FFFFFFFF 		.word	-1
 239 00ac FFFFFFFF 		.word	-1
 240 00b0 FFFFFFFF 		.word	-1
 241 00b4 FFFFFFFF 		.word	-1
 242 00b8 FFFFFFFF 		.word	-1
 243 00bc FFFFFFFF 		.word	-1
 244 00c0 FFFFFFFF 		.word	-1
 245 00c4 FFFFFFFF 		.word	-1
 246 00c8 FFFFFFFF 		.word	-1
 247 00cc FFFFFFFF 		.word	-1
 248              		.type	EE_stkfirst, %object
 249              		.size	EE_stkfirst, 4
 250              	EE_stkfirst:
 251 00d0 FFFFFFFF 		.word	-1
 252              		.type	EE_th_next, %object
 253              		.size	EE_th_next, 16
 254              	EE_th_next:
 255 00d4 FFFFFFFF 		.word	-1
 256 00d8 FFFFFFFF 		.word	-1
 257 00dc FFFFFFFF 		.word	-1
 258 00e0 FFFFFFFF 		.word	-1
 259              		.type	EE_th_status, %object
 260              		.size	EE_th_status, 16
 261              	EE_th_status:
 262 00e4 03000000 		.word	3
 263 00e8 03000000 		.word	3
 264 00ec 03000000 		.word	3
 265 00f0 03000000 		.word	3
 266              		.type	EE_EVENT_NAME, %object
 267              		.size	EE_EVENT_NAME, 12
 268              	EE_EVENT_NAME:
 269 00f4 18000000 		.word	.LC2
 270 00f8 24000000 		.word	.LC3
 271 00fc 30000000 		.word	.LC4
 272              		.type	EE_TASK_NAME, %object
 273              		.size	EE_TASK_NAME, 16
 274              	EE_TASK_NAME:
 275 0100 44000000 		.word	.LC5
 276 0104 50000000 		.word	.LC6
 277 0108 60000000 		.word	.LC7
 278 010c 6C000000 		.word	.LC8
 279              		.type	EE_cortex_mx_IRQ_tos, %object
 280              		.size	EE_cortex_mx_IRQ_tos, 4
 281              	EE_cortex_mx_IRQ_tos:
 282 0110 00020000 		.word	EE_cortex_mx_stack_9+512
 283              		.type	EE_cortex_mx_system_tos, %object
 284              		.size	EE_cortex_mx_system_tos, 8
 285              	EE_cortex_mx_system_tos:
ARM GAS  C:\Users\SAISWA~1\AppData\Local\Temp\ccnk4iae.s 			page 6


 286 0114 00000000 		.word	0
 287 0118 A8070000 		.word	EE_cortex_mx_stack_3+1960
 288              		.section	.rodata.str1.4,"aMS",%progbits,1
 289              		.align	2
 290              	.LC0:
 291 0000 616C726D 		.ascii	"alrm_1ms\000"
 291      5F316D73 
 291      00
 292 0009 000000   		.space	3
 293              	.LC1:
 294 000c 616C726D 		.ascii	"alrm_22ms\000"
 294      5F32326D 
 294      7300
 295 0016 0000     		.space	2
 296              	.LC2:
 297 0018 65765F62 		.ascii	"ev_button1\000"
 297      7574746F 
 297      6E3100
 298 0023 00       		.space	1
 299              	.LC3:
 300 0024 65765F62 		.ascii	"ev_button2\000"
 300      7574746F 
 300      6E3200
 301 002f 00       		.space	1
 302              	.LC4:
 303 0030 65765F52 		.ascii	"ev_ReStartButton\000"
 303      65537461 
 303      72744275 
 303      74746F6E 
 303      00
 304 0041 000000   		.space	3
 305              	.LC5:
 306 0044 74736B5F 		.ascii	"tsk_init\000"
 306      696E6974 
 306      00
 307 004d 000000   		.space	3
 308              	.LC6:
 309 0050 74736B5F 		.ascii	"tsk_background\000"
 309      6261636B 
 309      67726F75 
 309      6E6400
 310 005f 00       		.space	1
 311              	.LC7:
 312 0060 74736B5F 		.ascii	"tsk_game\000"
 312      67616D65 
 312      00
 313 0069 000000   		.space	3
 314              	.LC8:
 315 006c 74736B5F 		.ascii	"tsk_arcadian\000"
 315      61726361 
 315      6469616E 
 315      00
 316              		.bss
 317              		.align	2
 318              		.type	EE_th_waswaiting, %object
 319              		.size	EE_th_waswaiting, 16
 320              	EE_th_waswaiting:
ARM GAS  C:\Users\SAISWA~1\AppData\Local\Temp\ccnk4iae.s 			page 7


 321 0000 00000000 		.space	16
 321      00000000 
 321      00000000 
 321      00000000 
 322              		.type	EE_th_event_waitmask, %object
 323              		.size	EE_th_event_waitmask, 16
 324              	EE_th_event_waitmask:
 325 0010 00000000 		.space	16
 325      00000000 
 325      00000000 
 325      00000000 
 326              		.type	EE_th_event_active, %object
 327              		.size	EE_th_event_active, 16
 328              	EE_th_event_active:
 329 0020 00000000 		.space	16
 329      00000000 
 329      00000000 
 329      00000000 
 330              		.type	EE_rq_free, %object
 331              		.size	EE_rq_free, 4
 332              	EE_rq_free:
 333 0030 00000000 		.space	4
 334              		.type	EE_rq_bitmask, %object
 335              		.size	EE_rq_bitmask, 2
 336              	EE_rq_bitmask:
 337 0034 0000     		.space	2
 338 0036 0000     		.space	2
 339              		.type	EE_sys_ceiling, %object
 340              		.size	EE_sys_ceiling, 4
 341              	EE_sys_ceiling:
 342 0038 00000000 		.space	4
 343              		.type	EE_cortex_mx_active_tos, %object
 344              		.size	EE_cortex_mx_active_tos, 4
 345              	EE_cortex_mx_active_tos:
 346 003c 00000000 		.space	4
 347              		.text
 348              	.Letext0:
 349              		.file 1 "Generated_Source\\PSoC5\\ErikaOS_1_common_ee_types.inc"
 350              		.file 2 "Generated_Source\\PSoC5\\ErikaOS_1_cortex_mx_ee_cpu.inc"
 351              		.file 3 "Generated_Source\\PSoC5\\ErikaOS_1_ee_oo_common.inc"
 352              		.file 4 "Generated_Source\\PSoC5\\ErikaOS_1_common_ee_hal_structs.inc"
 353              		.file 5 "Generated_Source\\PSoC5\\ErikaOS_1_eecfg.c"
 354              		.file 6 "Generated_Source\\PSoC5\\ErikaOS_1_ee_oo_intfunc.inc"
 355              		.file 7 "Generated_Source\\PSoC5\\ErikaOS_1_cortex_mx_ee_context.inc"
 356              		.file 8 "Generated_Source\\PSoC5\\ErikaOS_1_common_ee_primitives.inc"
 357              		.section	.debug_info,"",%progbits
 358              	.Ldebug_info0:
 359 0000 B3080000 		.4byte	0x8b3
 360 0004 0400     		.2byte	0x4
 361 0006 00000000 		.4byte	.Ldebug_abbrev0
 362 000a 04       		.byte	0x4
 363 000b 01       		.uleb128 0x1
 364 000c D5040000 		.4byte	.LASF112
 365 0010 0C       		.byte	0xc
 366 0011 F9060000 		.4byte	.LASF113
 367 0015 52070000 		.4byte	.LASF114
 368 0019 00000000 		.4byte	.Ldebug_line0
ARM GAS  C:\Users\SAISWA~1\AppData\Local\Temp\ccnk4iae.s 			page 8


 369 001d 02       		.uleb128 0x2
 370 001e 01       		.byte	0x1
 371 001f 06       		.byte	0x6
 372 0020 0F010000 		.4byte	.LASF0
 373 0024 02       		.uleb128 0x2
 374 0025 01       		.byte	0x1
 375 0026 08       		.byte	0x8
 376 0027 38040000 		.4byte	.LASF1
 377 002b 02       		.uleb128 0x2
 378 002c 02       		.byte	0x2
 379 002d 05       		.byte	0x5
 380 002e 7D040000 		.4byte	.LASF2
 381 0032 02       		.uleb128 0x2
 382 0033 02       		.byte	0x2
 383 0034 07       		.byte	0x7
 384 0035 73020000 		.4byte	.LASF3
 385 0039 02       		.uleb128 0x2
 386 003a 04       		.byte	0x4
 387 003b 05       		.byte	0x5
 388 003c 96010000 		.4byte	.LASF4
 389 0040 02       		.uleb128 0x2
 390 0041 04       		.byte	0x4
 391 0042 07       		.byte	0x7
 392 0043 31020000 		.4byte	.LASF5
 393 0047 02       		.uleb128 0x2
 394 0048 08       		.byte	0x8
 395 0049 05       		.byte	0x5
 396 004a 01010000 		.4byte	.LASF6
 397 004e 02       		.uleb128 0x2
 398 004f 08       		.byte	0x8
 399 0050 07       		.byte	0x7
 400 0051 5E000000 		.4byte	.LASF7
 401 0055 03       		.uleb128 0x3
 402 0056 04       		.byte	0x4
 403 0057 05       		.byte	0x5
 404 0058 696E7400 		.ascii	"int\000"
 405 005c 02       		.uleb128 0x2
 406 005d 04       		.byte	0x4
 407 005e 07       		.byte	0x7
 408 005f F9010000 		.4byte	.LASF8
 409 0063 02       		.uleb128 0x2
 410 0064 08       		.byte	0x8
 411 0065 04       		.byte	0x4
 412 0066 86030000 		.4byte	.LASF9
 413 006a 04       		.uleb128 0x4
 414 006b 05040000 		.4byte	.LASF10
 415 006f 01       		.byte	0x1
 416 0070 52       		.byte	0x52
 417 0071 32000000 		.4byte	0x32
 418 0075 04       		.uleb128 0x4
 419 0076 DE060000 		.4byte	.LASF11
 420 007a 01       		.byte	0x1
 421 007b 53       		.byte	0x53
 422 007c 55000000 		.4byte	0x55
 423 0080 04       		.uleb128 0x4
 424 0081 D4060000 		.4byte	.LASF12
 425 0085 01       		.byte	0x1
ARM GAS  C:\Users\SAISWA~1\AppData\Local\Temp\ccnk4iae.s 			page 9


 426 0086 54       		.byte	0x54
 427 0087 5C000000 		.4byte	0x5c
 428 008b 04       		.uleb128 0x4
 429 008c BE070000 		.4byte	.LASF13
 430 0090 01       		.byte	0x1
 431 0091 64       		.byte	0x64
 432 0092 96000000 		.4byte	0x96
 433 0096 05       		.uleb128 0x5
 434 0097 04       		.byte	0x4
 435 0098 06       		.uleb128 0x6
 436 0099 04       		.byte	0x4
 437 009a 9E000000 		.4byte	0x9e
 438 009e 07       		.uleb128 0x7
 439 009f 04       		.uleb128 0x4
 440 00a0 09030000 		.4byte	.LASF14
 441 00a4 01       		.byte	0x1
 442 00a5 70       		.byte	0x70
 443 00a6 98000000 		.4byte	0x98
 444 00aa 04       		.uleb128 0x4
 445 00ab 6F050000 		.4byte	.LASF15
 446 00af 01       		.byte	0x1
 447 00b0 73       		.byte	0x73
 448 00b1 98000000 		.4byte	0x98
 449 00b5 04       		.uleb128 0x4
 450 00b6 06020000 		.4byte	.LASF16
 451 00ba 02       		.byte	0x2
 452 00bb 4D       		.byte	0x4d
 453 00bc 80000000 		.4byte	0x80
 454 00c0 04       		.uleb128 0x4
 455 00c1 A8030000 		.4byte	.LASF17
 456 00c5 02       		.byte	0x2
 457 00c6 4E       		.byte	0x4e
 458 00c7 75000000 		.4byte	0x75
 459 00cb 04       		.uleb128 0x4
 460 00cc D8070000 		.4byte	.LASF18
 461 00d0 02       		.byte	0x2
 462 00d1 4F       		.byte	0x4f
 463 00d2 80000000 		.4byte	0x80
 464 00d6 04       		.uleb128 0x4
 465 00d7 3D000000 		.4byte	.LASF19
 466 00db 02       		.byte	0x2
 467 00dc 54       		.byte	0x54
 468 00dd B5000000 		.4byte	0xb5
 469 00e1 04       		.uleb128 0x4
 470 00e2 EC010000 		.4byte	.LASF20
 471 00e6 02       		.byte	0x2
 472 00e7 78       		.byte	0x78
 473 00e8 75000000 		.4byte	0x75
 474 00ec 08       		.uleb128 0x8
 475 00ed B3000000 		.4byte	.LASF61
 476 00f1 04       		.byte	0x4
 477 00f2 04       		.byte	0x4
 478 00f3 4D       		.byte	0x4d
 479 00f4 05010000 		.4byte	0x105
 480 00f8 09       		.uleb128 0x9
 481 00f9 3E070000 		.4byte	.LASF28
 482 00fd 04       		.byte	0x4
ARM GAS  C:\Users\SAISWA~1\AppData\Local\Temp\ccnk4iae.s 			page 10


 483 00fe 4E       		.byte	0x4e
 484 00ff 8B000000 		.4byte	0x8b
 485 0103 00       		.byte	0
 486 0104 00       		.byte	0
 487 0105 0A       		.uleb128 0xa
 488 0106 6D030000 		.4byte	.LASF21
 489 010a 03       		.byte	0x3
 490 010b 1101     		.2byte	0x111
 491 010d 6A000000 		.4byte	0x6a
 492 0111 0A       		.uleb128 0xa
 493 0112 AA000000 		.4byte	.LASF22
 494 0116 03       		.byte	0x3
 495 0117 F701     		.2byte	0x1f7
 496 0119 E1000000 		.4byte	0xe1
 497 011d 0A       		.uleb128 0xa
 498 011e 32010000 		.4byte	.LASF23
 499 0122 03       		.byte	0x3
 500 0123 2C02     		.2byte	0x22c
 501 0125 B5000000 		.4byte	0xb5
 502 0129 0A       		.uleb128 0xa
 503 012a 1D000000 		.4byte	.LASF24
 504 012e 03       		.byte	0x3
 505 012f 3502     		.2byte	0x235
 506 0131 B5000000 		.4byte	0xb5
 507 0135 0A       		.uleb128 0xa
 508 0136 C8050000 		.4byte	.LASF25
 509 013a 03       		.byte	0x3
 510 013b 5D02     		.2byte	0x25d
 511 013d B5000000 		.4byte	0xb5
 512 0141 0A       		.uleb128 0xa
 513 0142 32000000 		.4byte	.LASF26
 514 0146 03       		.byte	0x3
 515 0147 6302     		.2byte	0x263
 516 0149 B5000000 		.4byte	0xb5
 517 014d 0A       		.uleb128 0xa
 518 014e 1A030000 		.4byte	.LASF27
 519 0152 03       		.byte	0x3
 520 0153 6C02     		.2byte	0x26c
 521 0155 B5000000 		.4byte	0xb5
 522 0159 0B       		.uleb128 0xb
 523 015a 0C       		.byte	0xc
 524 015b 03       		.byte	0x3
 525 015c 7202     		.2byte	0x272
 526 015e 8A010000 		.4byte	0x18a
 527 0162 0C       		.uleb128 0xc
 528 0163 BA000000 		.4byte	.LASF29
 529 0167 03       		.byte	0x3
 530 0168 7302     		.2byte	0x273
 531 016a 29010000 		.4byte	0x129
 532 016e 00       		.byte	0
 533 016f 0C       		.uleb128 0xc
 534 0170 B0030000 		.4byte	.LASF30
 535 0174 03       		.byte	0x3
 536 0175 7402     		.2byte	0x274
 537 0177 29010000 		.4byte	0x129
 538 017b 04       		.byte	0x4
 539 017c 0C       		.uleb128 0xc
ARM GAS  C:\Users\SAISWA~1\AppData\Local\Temp\ccnk4iae.s 			page 11


 540 017d E3010000 		.4byte	.LASF31
 541 0181 03       		.byte	0x3
 542 0182 7502     		.2byte	0x275
 543 0184 29010000 		.4byte	0x129
 544 0188 08       		.byte	0x8
 545 0189 00       		.byte	0
 546 018a 0A       		.uleb128 0xa
 547 018b BE040000 		.4byte	.LASF32
 548 018f 03       		.byte	0x3
 549 0190 7A02     		.2byte	0x27a
 550 0192 59010000 		.4byte	0x159
 551 0196 0B       		.uleb128 0xb
 552 0197 08       		.byte	0x8
 553 0198 03       		.byte	0x3
 554 0199 7D02     		.2byte	0x27d
 555 019b BA010000 		.4byte	0x1ba
 556 019f 0C       		.uleb128 0xc
 557 01a0 F3010000 		.4byte	.LASF33
 558 01a4 03       		.byte	0x3
 559 01a5 7E02     		.2byte	0x27e
 560 01a7 29010000 		.4byte	0x129
 561 01ab 00       		.byte	0
 562 01ac 0C       		.uleb128 0xc
 563 01ad C2050000 		.4byte	.LASF34
 564 01b1 03       		.byte	0x3
 565 01b2 7F02     		.2byte	0x27f
 566 01b4 35010000 		.4byte	0x135
 567 01b8 04       		.byte	0x4
 568 01b9 00       		.byte	0
 569 01ba 0A       		.uleb128 0xa
 570 01bb 73010000 		.4byte	.LASF35
 571 01bf 03       		.byte	0x3
 572 01c0 8002     		.2byte	0x280
 573 01c2 96010000 		.4byte	0x196
 574 01c6 0D       		.uleb128 0xd
 575 01c7 01       		.byte	0x1
 576 01c8 24000000 		.4byte	0x24
 577 01cc 03       		.byte	0x3
 578 01cd 8A02     		.2byte	0x28a
 579 01cf E0010000 		.4byte	0x1e0
 580 01d3 0E       		.uleb128 0xe
 581 01d4 46040000 		.4byte	.LASF36
 582 01d8 00       		.byte	0
 583 01d9 0E       		.uleb128 0xe
 584 01da 0F040000 		.4byte	.LASF37
 585 01de 01       		.byte	0x1
 586 01df 00       		.byte	0
 587 01e0 0A       		.uleb128 0xa
 588 01e1 9E020000 		.4byte	.LASF38
 589 01e5 03       		.byte	0x3
 590 01e6 8D02     		.2byte	0x28d
 591 01e8 C6010000 		.4byte	0x1c6
 592 01ec 0A       		.uleb128 0xa
 593 01ed CA020000 		.4byte	.LASF39
 594 01f1 03       		.byte	0x3
 595 01f2 9002     		.2byte	0x290
 596 01f4 E0010000 		.4byte	0x1e0
ARM GAS  C:\Users\SAISWA~1\AppData\Local\Temp\ccnk4iae.s 			page 12


 597 01f8 0B       		.uleb128 0xb
 598 01f9 0C       		.byte	0xc
 599 01fa 03       		.byte	0x3
 600 01fb 9402     		.2byte	0x294
 601 01fd 27020000 		.4byte	0x227
 602 0201 0F       		.uleb128 0xf
 603 0202 6300     		.ascii	"c\000"
 604 0204 03       		.byte	0x3
 605 0205 9602     		.2byte	0x296
 606 0207 4D010000 		.4byte	0x14d
 607 020b 00       		.byte	0
 608 020c 0C       		.uleb128 0xc
 609 020d 1F060000 		.4byte	.LASF40
 610 0211 03       		.byte	0x3
 611 0212 9802     		.2byte	0x298
 612 0214 35010000 		.4byte	0x135
 613 0218 04       		.byte	0x4
 614 0219 0C       		.uleb128 0xc
 615 021a 6E020000 		.4byte	.LASF41
 616 021e 03       		.byte	0x3
 617 021f 9A02     		.2byte	0x29a
 618 0221 EC010000 		.4byte	0x1ec
 619 0225 08       		.byte	0x8
 620 0226 00       		.byte	0
 621 0227 0A       		.uleb128 0xa
 622 0228 7B000000 		.4byte	.LASF42
 623 022c 03       		.byte	0x3
 624 022d 9B02     		.2byte	0x29b
 625 022f F8010000 		.4byte	0x1f8
 626 0233 0B       		.uleb128 0xb
 627 0234 10       		.byte	0x10
 628 0235 03       		.byte	0x3
 629 0236 9F02     		.2byte	0x29f
 630 0238 71020000 		.4byte	0x271
 631 023c 0C       		.uleb128 0xc
 632 023d BD030000 		.4byte	.LASF43
 633 0241 03       		.byte	0x3
 634 0242 A002     		.2byte	0x2a0
 635 0244 D6000000 		.4byte	0xd6
 636 0248 00       		.byte	0
 637 0249 0C       		.uleb128 0xc
 638 024a 35070000 		.4byte	.LASF44
 639 024e 03       		.byte	0x3
 640 024f A102     		.2byte	0x2a1
 641 0251 29010000 		.4byte	0x129
 642 0255 04       		.byte	0x4
 643 0256 0C       		.uleb128 0xc
 644 0257 75000000 		.4byte	.LASF45
 645 025b 03       		.byte	0x3
 646 025c A202     		.2byte	0x2a2
 647 025e 29010000 		.4byte	0x129
 648 0262 08       		.byte	0x8
 649 0263 0C       		.uleb128 0xc
 650 0264 00000000 		.4byte	.LASF46
 651 0268 03       		.byte	0x3
 652 0269 A302     		.2byte	0x2a3
 653 026b 35010000 		.4byte	0x135
ARM GAS  C:\Users\SAISWA~1\AppData\Local\Temp\ccnk4iae.s 			page 13


 654 026f 0C       		.byte	0xc
 655 0270 00       		.byte	0
 656 0271 0A       		.uleb128 0xa
 657 0272 C2030000 		.4byte	.LASF47
 658 0276 03       		.byte	0x3
 659 0277 A402     		.2byte	0x2a4
 660 0279 33020000 		.4byte	0x233
 661 027d 0D       		.uleb128 0xd
 662 027e 01       		.byte	0x1
 663 027f 24000000 		.4byte	0x24
 664 0283 03       		.byte	0x3
 665 0284 A702     		.2byte	0x2a7
 666 0286 A3020000 		.4byte	0x2a3
 667 028a 0E       		.uleb128 0xe
 668 028b DF050000 		.4byte	.LASF48
 669 028f 00       		.byte	0
 670 0290 0E       		.uleb128 0xe
 671 0291 27060000 		.4byte	.LASF49
 672 0295 01       		.byte	0x1
 673 0296 0E       		.uleb128 0xe
 674 0297 FE050000 		.4byte	.LASF50
 675 029b 02       		.byte	0x2
 676 029c 0E       		.uleb128 0xe
 677 029d A1050000 		.4byte	.LASF51
 678 02a1 03       		.byte	0x3
 679 02a2 00       		.byte	0
 680 02a3 0A       		.uleb128 0xa
 681 02a4 1B010000 		.4byte	.LASF52
 682 02a8 03       		.byte	0x3
 683 02a9 AC02     		.2byte	0x2ac
 684 02ab 7D020000 		.4byte	0x27d
 685 02af 0A       		.uleb128 0xa
 686 02b0 83060000 		.4byte	.LASF53
 687 02b4 03       		.byte	0x3
 688 02b5 AF02     		.2byte	0x2af
 689 02b7 A3020000 		.4byte	0x2a3
 690 02bb 0B       		.uleb128 0xb
 691 02bc 14       		.byte	0x14
 692 02bd 03       		.byte	0x3
 693 02be B202     		.2byte	0x2b2
 694 02c0 04030000 		.4byte	0x304
 695 02c4 0C       		.uleb128 0xc
 696 02c5 59060000 		.4byte	.LASF54
 697 02c9 03       		.byte	0x3
 698 02ca B302     		.2byte	0x2b3
 699 02cc AF020000 		.4byte	0x2af
 700 02d0 00       		.byte	0
 701 02d1 0C       		.uleb128 0xc
 702 02d2 46070000 		.4byte	.LASF55
 703 02d6 03       		.byte	0x3
 704 02d7 B402     		.2byte	0x2b4
 705 02d9 11010000 		.4byte	0x111
 706 02dd 04       		.byte	0x4
 707 02de 0C       		.uleb128 0xc
 708 02df 63050000 		.4byte	.LASF56
 709 02e3 03       		.byte	0x3
 710 02e4 B602     		.2byte	0x2b6
ARM GAS  C:\Users\SAISWA~1\AppData\Local\Temp\ccnk4iae.s 			page 14


 711 02e6 1D010000 		.4byte	0x11d
 712 02ea 08       		.byte	0x8
 713 02eb 0F       		.uleb128 0xf
 714 02ec 6600     		.ascii	"f\000"
 715 02ee 03       		.byte	0x3
 716 02ef B802     		.2byte	0x2b8
 717 02f1 9F000000 		.4byte	0x9f
 718 02f5 0C       		.byte	0xc
 719 02f6 0C       		.uleb128 0xc
 720 02f7 74040000 		.4byte	.LASF57
 721 02fb 03       		.byte	0x3
 722 02fc BA02     		.2byte	0x2ba
 723 02fe 4D010000 		.4byte	0x14d
 724 0302 10       		.byte	0x10
 725 0303 00       		.byte	0
 726 0304 0A       		.uleb128 0xa
 727 0305 EF030000 		.4byte	.LASF58
 728 0309 03       		.byte	0x3
 729 030a BB02     		.2byte	0x2bb
 730 030c BB020000 		.4byte	0x2bb
 731 0310 0B       		.uleb128 0xb
 732 0311 04       		.byte	0x4
 733 0312 03       		.byte	0x3
 734 0313 BD02     		.2byte	0x2bd
 735 0315 27030000 		.4byte	0x327
 736 0319 0C       		.uleb128 0xc
 737 031a 3F030000 		.4byte	.LASF59
 738 031e 03       		.byte	0x3
 739 031f BF02     		.2byte	0x2bf
 740 0321 41010000 		.4byte	0x141
 741 0325 00       		.byte	0
 742 0326 00       		.byte	0
 743 0327 0A       		.uleb128 0xa
 744 0328 0E020000 		.4byte	.LASF60
 745 032c 03       		.byte	0x3
 746 032d C402     		.2byte	0x2c4
 747 032f 10030000 		.4byte	0x310
 748 0333 10       		.uleb128 0x10
 749 0334 54020000 		.4byte	.LASF62
 750 0338 08       		.byte	0x8
 751 0339 03       		.byte	0x3
 752 033a 0E04     		.2byte	0x40e
 753 033c 5A030000 		.4byte	0x35a
 754 0340 0F       		.uleb128 0xf
 755 0341 6E7400   		.ascii	"nt\000"
 756 0344 03       		.byte	0x3
 757 0345 0F04     		.2byte	0x40f
 758 0347 B5000000 		.4byte	0xb5
 759 034b 00       		.byte	0
 760 034c 0C       		.uleb128 0xc
 761 034d 65060000 		.4byte	.LASF63
 762 0351 03       		.byte	0x3
 763 0352 1004     		.2byte	0x410
 764 0354 6A030000 		.4byte	0x36a
 765 0358 04       		.byte	0x4
 766 0359 00       		.byte	0
 767 035a 11       		.uleb128 0x11
ARM GAS  C:\Users\SAISWA~1\AppData\Local\Temp\ccnk4iae.s 			page 15


 768 035b 65030000 		.4byte	0x365
 769 035f 65030000 		.4byte	0x365
 770 0363 12       		.uleb128 0x12
 771 0364 00       		.byte	0
 772 0365 13       		.uleb128 0x13
 773 0366 E1000000 		.4byte	0xe1
 774 036a 06       		.uleb128 0x6
 775 036b 04       		.byte	0x4
 776 036c 5A030000 		.4byte	0x35a
 777 0370 11       		.uleb128 0x11
 778 0371 65030000 		.4byte	0x365
 779 0375 80030000 		.4byte	0x380
 780 0379 14       		.uleb128 0x14
 781 037a 80030000 		.4byte	0x380
 782 037e 00       		.byte	0
 783 037f 00       		.byte	0
 784 0380 02       		.uleb128 0x2
 785 0381 04       		.byte	0x4
 786 0382 07       		.byte	0x7
 787 0383 7D030000 		.4byte	.LASF64
 788 0387 15       		.uleb128 0x15
 789 0388 CA000000 		.4byte	.LASF115
 790 038c 05       		.byte	0x5
 791 038d 6507     		.2byte	0x765
 792 038f 99030000 		.4byte	0x399
 793 0393 05       		.uleb128 0x5
 794 0394 03       		.byte	0x3
 795 0395 08000000 		.4byte	EE_oo_autostart_task_mode_OSDEFAULTAPPMODE
 796 0399 13       		.uleb128 0x13
 797 039a 70030000 		.4byte	0x370
 798 039e 11       		.uleb128 0x11
 799 039f AE030000 		.4byte	0x3ae
 800 03a3 AE030000 		.4byte	0x3ae
 801 03a7 14       		.uleb128 0x14
 802 03a8 80030000 		.4byte	0x380
 803 03ac 03       		.byte	0x3
 804 03ad 00       		.byte	0
 805 03ae 13       		.uleb128 0x13
 806 03af AA000000 		.4byte	0xaa
 807 03b3 16       		.uleb128 0x16
 808 03b4 37060000 		.4byte	.LASF65
 809 03b8 05       		.byte	0x5
 810 03b9 D2       		.byte	0xd2
 811 03ba C4030000 		.4byte	0x3c4
 812 03be 05       		.uleb128 0x5
 813 03bf 03       		.byte	0x3
 814 03c0 00000000 		.4byte	EE_hal_thread_body
 815 03c4 13       		.uleb128 0x13
 816 03c5 9E030000 		.4byte	0x39e
 817 03c9 11       		.uleb128 0x11
 818 03ca D9030000 		.4byte	0x3d9
 819 03ce D9030000 		.4byte	0x3d9
 820 03d2 14       		.uleb128 0x14
 821 03d3 80030000 		.4byte	0x380
 822 03d7 04       		.byte	0x4
 823 03d8 00       		.byte	0
 824 03d9 13       		.uleb128 0x13
ARM GAS  C:\Users\SAISWA~1\AppData\Local\Temp\ccnk4iae.s 			page 16


 825 03da B5000000 		.4byte	0xb5
 826 03de 16       		.uleb128 0x16
 827 03df 8F050000 		.4byte	.LASF66
 828 03e3 05       		.byte	0x5
 829 03e4 71       		.byte	0x71
 830 03e5 EF030000 		.4byte	0x3ef
 831 03e9 05       		.uleb128 0x5
 832 03ea 03       		.byte	0x3
 833 03eb 00000000 		.4byte	EE_std_thread_tos
 834 03ef 13       		.uleb128 0x13
 835 03f0 C9030000 		.4byte	0x3c9
 836 03f4 11       		.uleb128 0x11
 837 03f5 80000000 		.4byte	0x80
 838 03f9 04040000 		.4byte	0x404
 839 03fd 14       		.uleb128 0x14
 840 03fe 80030000 		.4byte	0x380
 841 0402 03       		.byte	0x3
 842 0403 00       		.byte	0
 843 0404 16       		.uleb128 0x16
 844 0405 E7060000 		.4byte	.LASF67
 845 0409 05       		.byte	0x5
 846 040a ED       		.byte	0xed
 847 040b F4030000 		.4byte	0x3f4
 848 040f 05       		.uleb128 0x5
 849 0410 03       		.byte	0x3
 850 0411 00000000 		.4byte	EE_terminate_data
 851 0415 16       		.uleb128 0x16
 852 0416 5A040000 		.4byte	.LASF68
 853 041a 05       		.byte	0x5
 854 041b F0       		.byte	0xf0
 855 041c 26040000 		.4byte	0x426
 856 0420 05       		.uleb128 0x5
 857 0421 03       		.byte	0x3
 858 0422 00000000 		.4byte	EE_terminate_real_th_body
 859 0426 13       		.uleb128 0x13
 860 0427 9E030000 		.4byte	0x39e
 861 042b 11       		.uleb128 0x11
 862 042c EC000000 		.4byte	0xec
 863 0430 3B040000 		.4byte	0x43b
 864 0434 14       		.uleb128 0x14
 865 0435 80030000 		.4byte	0x380
 866 0439 01       		.byte	0x1
 867 043a 00       		.byte	0
 868 043b 16       		.uleb128 0x16
 869 043c 20040000 		.4byte	.LASF69
 870 0440 05       		.byte	0x5
 871 0441 8D       		.byte	0x8d
 872 0442 2B040000 		.4byte	0x42b
 873 0446 05       		.uleb128 0x5
 874 0447 03       		.byte	0x3
 875 0448 00000000 		.4byte	EE_cortex_mx_system_tos
 876 044c 16       		.uleb128 0x16
 877 044d 5B010000 		.4byte	.LASF70
 878 0451 05       		.byte	0x5
 879 0452 A9       		.byte	0xa9
 880 0453 B5000000 		.4byte	0xb5
 881 0457 05       		.uleb128 0x5
ARM GAS  C:\Users\SAISWA~1\AppData\Local\Temp\ccnk4iae.s 			page 17


 882 0458 03       		.byte	0x3
 883 0459 00000000 		.4byte	EE_cortex_mx_active_tos
 884 045d 11       		.uleb128 0x11
 885 045e D9030000 		.4byte	0x3d9
 886 0462 6D040000 		.4byte	0x46d
 887 0466 14       		.uleb128 0x14
 888 0467 80030000 		.4byte	0x380
 889 046b 03       		.byte	0x3
 890 046c 00       		.byte	0
 891 046d 17       		.uleb128 0x17
 892 046e EE050000 		.4byte	.LASF71
 893 0472 05       		.byte	0x5
 894 0473 E202     		.2byte	0x2e2
 895 0475 7F040000 		.4byte	0x47f
 896 0479 05       		.uleb128 0x5
 897 047a 03       		.byte	0x3
 898 047b 00000000 		.4byte	EE_th_rnact_max
 899 047f 13       		.uleb128 0x13
 900 0480 5D040000 		.4byte	0x45d
 901 0484 17       		.uleb128 0x17
 902 0485 92060000 		.4byte	.LASF72
 903 0489 05       		.byte	0x5
 904 048a 0C01     		.2byte	0x10c
 905 048c 96040000 		.4byte	0x496
 906 0490 05       		.uleb128 0x5
 907 0491 03       		.byte	0x3
 908 0492 00000000 		.4byte	EE_th_ready_prio
 909 0496 13       		.uleb128 0x13
 910 0497 5D040000 		.4byte	0x45d
 911 049b 17       		.uleb128 0x17
 912 049c E0020000 		.4byte	.LASF73
 913 04a0 05       		.byte	0x5
 914 04a1 4502     		.2byte	0x245
 915 04a3 AD040000 		.4byte	0x4ad
 916 04a7 05       		.uleb128 0x5
 917 04a8 03       		.byte	0x3
 918 04a9 00000000 		.4byte	EE_th_dispatch_prio
 919 04ad 13       		.uleb128 0x13
 920 04ae 5D040000 		.4byte	0x45d
 921 04b2 11       		.uleb128 0x11
 922 04b3 C2040000 		.4byte	0x4c2
 923 04b7 C2040000 		.4byte	0x4c2
 924 04bb 14       		.uleb128 0x14
 925 04bc 80030000 		.4byte	0x380
 926 04c0 03       		.byte	0x3
 927 04c1 00       		.byte	0
 928 04c2 06       		.uleb128 0x6
 929 04c3 04       		.byte	0x4
 930 04c4 CF040000 		.4byte	0x4cf
 931 04c8 02       		.uleb128 0x2
 932 04c9 01       		.byte	0x1
 933 04ca 08       		.byte	0x8
 934 04cb DA050000 		.4byte	.LASF74
 935 04cf 13       		.uleb128 0x13
 936 04d0 C8040000 		.4byte	0x4c8
 937 04d4 17       		.uleb128 0x17
 938 04d5 B1040000 		.4byte	.LASF75
ARM GAS  C:\Users\SAISWA~1\AppData\Local\Temp\ccnk4iae.s 			page 18


 939 04d9 05       		.byte	0x5
 940 04da 2801     		.2byte	0x128
 941 04dc B2040000 		.4byte	0x4b2
 942 04e0 05       		.uleb128 0x5
 943 04e1 03       		.byte	0x3
 944 04e2 00000000 		.4byte	EE_TASK_NAME
 945 04e6 11       		.uleb128 0x11
 946 04e7 C2040000 		.4byte	0x4c2
 947 04eb F6040000 		.4byte	0x4f6
 948 04ef 14       		.uleb128 0x14
 949 04f0 80030000 		.4byte	0x380
 950 04f4 02       		.byte	0x2
 951 04f5 00       		.byte	0
 952 04f6 17       		.uleb128 0x17
 953 04f7 40010000 		.4byte	.LASF76
 954 04fb 05       		.byte	0x5
 955 04fc 8101     		.2byte	0x181
 956 04fe E6040000 		.4byte	0x4e6
 957 0502 05       		.uleb128 0x5
 958 0503 03       		.byte	0x3
 959 0504 00000000 		.4byte	EE_EVENT_NAME
 960 0508 11       		.uleb128 0x11
 961 0509 C2040000 		.4byte	0x4c2
 962 050d 18050000 		.4byte	0x518
 963 0511 14       		.uleb128 0x14
 964 0512 80030000 		.4byte	0x380
 965 0516 01       		.byte	0x1
 966 0517 00       		.byte	0
 967 0518 17       		.uleb128 0x17
 968 0519 23020000 		.4byte	.LASF77
 969 051d 05       		.byte	0x5
 970 051e 3D06     		.2byte	0x63d
 971 0520 08050000 		.4byte	0x508
 972 0524 05       		.uleb128 0x5
 973 0525 03       		.byte	0x3
 974 0526 00000000 		.4byte	EE_ALARM_NAME
 975 052a 11       		.uleb128 0x11
 976 052b 3A050000 		.4byte	0x53a
 977 052f 3A050000 		.4byte	0x53a
 978 0533 14       		.uleb128 0x14
 979 0534 80030000 		.4byte	0x380
 980 0538 02       		.byte	0x2
 981 0539 00       		.byte	0
 982 053a 13       		.uleb128 0x13
 983 053b 40000000 		.4byte	0x40
 984 053f 17       		.uleb128 0x17
 985 0540 8A010000 		.4byte	.LASF78
 986 0544 05       		.byte	0x5
 987 0545 E201     		.2byte	0x1e2
 988 0547 51050000 		.4byte	0x551
 989 054b 05       		.uleb128 0x5
 990 054c 03       		.byte	0x3
 991 054d 00000000 		.4byte	EE_EVENT_ID
 992 0551 13       		.uleb128 0x13
 993 0552 2A050000 		.4byte	0x52a
 994 0556 11       		.uleb128 0x11
 995 0557 3A050000 		.4byte	0x53a
ARM GAS  C:\Users\SAISWA~1\AppData\Local\Temp\ccnk4iae.s 			page 19


 996 055b 66050000 		.4byte	0x566
 997 055f 14       		.uleb128 0x14
 998 0560 80030000 		.4byte	0x380
 999 0564 01       		.byte	0x1
 1000 0565 00       		.byte	0
 1001 0566 17       		.uleb128 0x17
 1002 0567 F5000000 		.4byte	.LASF79
 1003 056b 05       		.byte	0x5
 1004 056c 5906     		.2byte	0x659
 1005 056e 78050000 		.4byte	0x578
 1006 0572 05       		.uleb128 0x5
 1007 0573 03       		.byte	0x3
 1008 0574 00000000 		.4byte	EE_ALARM_ID
 1009 0578 13       		.uleb128 0x13
 1010 0579 56050000 		.4byte	0x556
 1011 057d 11       		.uleb128 0x11
 1012 057e B5000000 		.4byte	0xb5
 1013 0582 8D050000 		.4byte	0x58d
 1014 0586 14       		.uleb128 0x14
 1015 0587 80030000 		.4byte	0x380
 1016 058b 03       		.byte	0x3
 1017 058c 00       		.byte	0
 1018 058d 17       		.uleb128 0x17
 1019 058e BD020000 		.4byte	.LASF80
 1020 0592 05       		.byte	0x5
 1021 0593 8102     		.2byte	0x281
 1022 0595 7D050000 		.4byte	0x57d
 1023 0599 05       		.uleb128 0x5
 1024 059a 03       		.byte	0x3
 1025 059b 00000000 		.4byte	EE_th_status
 1026 059f 11       		.uleb128 0x11
 1027 05a0 E1000000 		.4byte	0xe1
 1028 05a4 AF050000 		.4byte	0x5af
 1029 05a8 14       		.uleb128 0x14
 1030 05a9 80030000 		.4byte	0x380
 1031 05ad 03       		.byte	0x3
 1032 05ae 00       		.byte	0
 1033 05af 17       		.uleb128 0x17
 1034 05b0 4F040000 		.4byte	.LASF81
 1035 05b4 05       		.byte	0x5
 1036 05b5 9D02     		.2byte	0x29d
 1037 05b7 9F050000 		.4byte	0x59f
 1038 05bb 05       		.uleb128 0x5
 1039 05bc 03       		.byte	0x3
 1040 05bd 00000000 		.4byte	EE_th_next
 1041 05c1 17       		.uleb128 0x17
 1042 05c2 A3060000 		.4byte	.LASF82
 1043 05c6 05       		.byte	0x5
 1044 05c7 C702     		.2byte	0x2c7
 1045 05c9 7D050000 		.4byte	0x57d
 1046 05cd 05       		.uleb128 0x5
 1047 05ce 03       		.byte	0x3
 1048 05cf 00000000 		.4byte	EE_th_rnact
 1049 05d3 17       		.uleb128 0x17
 1050 05d4 05000000 		.4byte	.LASF83
 1051 05d8 05       		.byte	0x5
 1052 05d9 7703     		.2byte	0x377
ARM GAS  C:\Users\SAISWA~1\AppData\Local\Temp\ccnk4iae.s 			page 20


 1053 05db 9F050000 		.4byte	0x59f
 1054 05df 05       		.uleb128 0x5
 1055 05e0 03       		.byte	0x3
 1056 05e1 00000000 		.4byte	EE_th_terminate_nextask
 1057 05e5 17       		.uleb128 0x17
 1058 05e6 26000000 		.4byte	.LASF84
 1059 05ea 05       		.byte	0x5
 1060 05eb B902     		.2byte	0x2b9
 1061 05ed E1000000 		.4byte	0xe1
 1062 05f1 05       		.uleb128 0x5
 1063 05f2 03       		.byte	0x3
 1064 05f3 00000000 		.4byte	EE_stkfirst
 1065 05f7 17       		.uleb128 0x17
 1066 05f8 4A060000 		.4byte	.LASF85
 1067 05fc 05       		.byte	0x5
 1068 05fd BC02     		.2byte	0x2bc
 1069 05ff B5000000 		.4byte	0xb5
 1070 0603 05       		.uleb128 0x5
 1071 0604 03       		.byte	0x3
 1072 0605 00000000 		.4byte	EE_sys_ceiling
 1073 0609 17       		.uleb128 0x17
 1074 060a 9D030000 		.4byte	.LASF86
 1075 060e 05       		.byte	0x5
 1076 060f FD02     		.2byte	0x2fd
 1077 0611 7D050000 		.4byte	0x57d
 1078 0615 05       		.uleb128 0x5
 1079 0616 03       		.byte	0x3
 1080 0617 00000000 		.4byte	EE_rq_link
 1081 061b 11       		.uleb128 0x11
 1082 061c C0000000 		.4byte	0xc0
 1083 0620 2B060000 		.4byte	0x62b
 1084 0624 14       		.uleb128 0x14
 1085 0625 80030000 		.4byte	0x380
 1086 0629 0F       		.byte	0xf
 1087 062a 00       		.byte	0
 1088 062b 17       		.uleb128 0x17
 1089 062c 9F010000 		.4byte	.LASF87
 1090 0630 05       		.byte	0x5
 1091 0631 BF02     		.2byte	0x2bf
 1092 0633 1B060000 		.4byte	0x61b
 1093 0637 05       		.uleb128 0x5
 1094 0638 03       		.byte	0x3
 1095 0639 00000000 		.4byte	EE_rq_queues_head
 1096 063d 17       		.uleb128 0x17
 1097 063e 7D050000 		.4byte	.LASF88
 1098 0642 05       		.byte	0x5
 1099 0643 C102     		.2byte	0x2c1
 1100 0645 1B060000 		.4byte	0x61b
 1101 0649 05       		.uleb128 0x5
 1102 064a 03       		.byte	0x3
 1103 064b 00000000 		.4byte	EE_rq_queues_tail
 1104 064f 11       		.uleb128 0x11
 1105 0650 C0000000 		.4byte	0xc0
 1106 0654 5F060000 		.4byte	0x65f
 1107 0658 14       		.uleb128 0x14
 1108 0659 80030000 		.4byte	0x380
 1109 065d 03       		.byte	0x3
ARM GAS  C:\Users\SAISWA~1\AppData\Local\Temp\ccnk4iae.s 			page 21


 1110 065e 00       		.byte	0
 1111 065f 17       		.uleb128 0x17
 1112 0660 99000000 		.4byte	.LASF89
 1113 0664 05       		.byte	0x5
 1114 0665 1B03     		.2byte	0x31b
 1115 0667 4F060000 		.4byte	0x64f
 1116 066b 05       		.uleb128 0x5
 1117 066c 03       		.byte	0x3
 1118 066d 00000000 		.4byte	EE_rq_pairs_next
 1119 0671 17       		.uleb128 0x17
 1120 0672 AF060000 		.4byte	.LASF90
 1121 0676 05       		.byte	0x5
 1122 0677 7003     		.2byte	0x370
 1123 0679 9F050000 		.4byte	0x59f
 1124 067d 05       		.uleb128 0x5
 1125 067e 03       		.byte	0x3
 1126 067f 00000000 		.4byte	EE_rq_pairs_tid
 1127 0683 17       		.uleb128 0x17
 1128 0684 B4050000 		.4byte	.LASF91
 1129 0688 05       		.byte	0x5
 1130 0689 C402     		.2byte	0x2c4
 1131 068b 05010000 		.4byte	0x105
 1132 068f 05       		.uleb128 0x5
 1133 0690 03       		.byte	0x3
 1134 0691 00000000 		.4byte	EE_rq_bitmask
 1135 0695 17       		.uleb128 0x17
 1136 0696 92030000 		.4byte	.LASF92
 1137 069a 05       		.byte	0x5
 1138 069b 7303     		.2byte	0x373
 1139 069d C0000000 		.4byte	0xc0
 1140 06a1 05       		.uleb128 0x5
 1141 06a2 03       		.byte	0x3
 1142 06a3 00000000 		.4byte	EE_rq_free
 1143 06a7 17       		.uleb128 0x17
 1144 06a8 22070000 		.4byte	.LASF93
 1145 06ac 05       		.byte	0x5
 1146 06ad 9A03     		.2byte	0x39a
 1147 06af 7D050000 		.4byte	0x57d
 1148 06b3 05       		.uleb128 0x5
 1149 06b4 03       		.byte	0x3
 1150 06b5 00000000 		.4byte	EE_th_event_active
 1151 06b9 17       		.uleb128 0x17
 1152 06ba 87040000 		.4byte	.LASF94
 1153 06be 05       		.byte	0x5
 1154 06bf B603     		.2byte	0x3b6
 1155 06c1 7D050000 		.4byte	0x57d
 1156 06c5 05       		.uleb128 0x5
 1157 06c6 03       		.byte	0x3
 1158 06c7 00000000 		.4byte	EE_th_event_waitmask
 1159 06cb 11       		.uleb128 0x11
 1160 06cc D6000000 		.4byte	0xd6
 1161 06d0 DB060000 		.4byte	0x6db
 1162 06d4 14       		.uleb128 0x14
 1163 06d5 80030000 		.4byte	0x380
 1164 06d9 03       		.byte	0x3
 1165 06da 00       		.byte	0
 1166 06db 17       		.uleb128 0x17
ARM GAS  C:\Users\SAISWA~1\AppData\Local\Temp\ccnk4iae.s 			page 22


 1167 06dc 43020000 		.4byte	.LASF95
 1168 06e0 05       		.byte	0x5
 1169 06e1 D203     		.2byte	0x3d2
 1170 06e3 CB060000 		.4byte	0x6cb
 1171 06e7 05       		.uleb128 0x5
 1172 06e8 03       		.byte	0x3
 1173 06e9 00000000 		.4byte	EE_th_waswaiting
 1174 06ed 17       		.uleb128 0x17
 1175 06ee C6070000 		.4byte	.LASF96
 1176 06f2 05       		.byte	0x5
 1177 06f3 EE03     		.2byte	0x3ee
 1178 06f5 FF060000 		.4byte	0x6ff
 1179 06f9 05       		.uleb128 0x5
 1180 06fa 03       		.byte	0x3
 1181 06fb 00000000 		.4byte	EE_th_is_extended
 1182 06ff 13       		.uleb128 0x13
 1183 0700 5D040000 		.4byte	0x45d
 1184 0704 11       		.uleb128 0x11
 1185 0705 14070000 		.4byte	0x714
 1186 0709 14070000 		.4byte	0x714
 1187 070d 14       		.uleb128 0x14
 1188 070e 80030000 		.4byte	0x380
 1189 0712 00       		.byte	0
 1190 0713 00       		.byte	0
 1191 0714 13       		.uleb128 0x13
 1192 0715 8A010000 		.4byte	0x18a
 1193 0719 17       		.uleb128 0x17
 1194 071a E0030000 		.4byte	.LASF97
 1195 071e 05       		.byte	0x5
 1196 071f FF05     		.2byte	0x5ff
 1197 0721 2B070000 		.4byte	0x72b
 1198 0725 05       		.uleb128 0x5
 1199 0726 03       		.byte	0x3
 1200 0727 00000000 		.4byte	EE_counter_ROM
 1201 072b 13       		.uleb128 0x13
 1202 072c 04070000 		.4byte	0x704
 1203 0730 11       		.uleb128 0x11
 1204 0731 40070000 		.4byte	0x740
 1205 0735 40070000 		.4byte	0x740
 1206 0739 14       		.uleb128 0x14
 1207 073a 80030000 		.4byte	0x380
 1208 073e 01       		.byte	0x1
 1209 073f 00       		.byte	0
 1210 0740 13       		.uleb128 0x13
 1211 0741 27020000 		.4byte	0x227
 1212 0745 17       		.uleb128 0x17
 1213 0746 26030000 		.4byte	.LASF98
 1214 074a 05       		.byte	0x5
 1215 074b 9606     		.2byte	0x696
 1216 074d 57070000 		.4byte	0x757
 1217 0751 05       		.uleb128 0x5
 1218 0752 03       		.byte	0x3
 1219 0753 00000000 		.4byte	EE_oo_counter_object_ROM
 1220 0757 13       		.uleb128 0x13
 1221 0758 30070000 		.4byte	0x730
 1222 075c 11       		.uleb128 0x11
 1223 075d 6C070000 		.4byte	0x76c
ARM GAS  C:\Users\SAISWA~1\AppData\Local\Temp\ccnk4iae.s 			page 23


 1224 0761 6C070000 		.4byte	0x76c
 1225 0765 14       		.uleb128 0x14
 1226 0766 80030000 		.4byte	0x380
 1227 076a 01       		.byte	0x1
 1228 076b 00       		.byte	0
 1229 076c 13       		.uleb128 0x13
 1230 076d 04030000 		.4byte	0x304
 1231 0771 17       		.uleb128 0x17
 1232 0772 5C030000 		.4byte	.LASF99
 1233 0776 05       		.byte	0x5
 1234 0777 BA06     		.2byte	0x6ba
 1235 0779 83070000 		.4byte	0x783
 1236 077d 05       		.uleb128 0x5
 1237 077e 03       		.byte	0x3
 1238 077f 00000000 		.4byte	EE_oo_action_ROM
 1239 0783 13       		.uleb128 0x13
 1240 0784 5C070000 		.4byte	0x75c
 1241 0788 11       		.uleb128 0x11
 1242 0789 98070000 		.4byte	0x798
 1243 078d 98070000 		.4byte	0x798
 1244 0791 14       		.uleb128 0x14
 1245 0792 80030000 		.4byte	0x380
 1246 0796 01       		.byte	0x1
 1247 0797 00       		.byte	0
 1248 0798 13       		.uleb128 0x13
 1249 0799 27030000 		.4byte	0x327
 1250 079d 17       		.uleb128 0x17
 1251 079e 4E010000 		.4byte	.LASF100
 1252 07a2 05       		.byte	0x5
 1253 07a3 2006     		.2byte	0x620
 1254 07a5 AF070000 		.4byte	0x7af
 1255 07a9 05       		.uleb128 0x5
 1256 07aa 03       		.byte	0x3
 1257 07ab 00000000 		.4byte	EE_alarm_ROM
 1258 07af 13       		.uleb128 0x13
 1259 07b0 88070000 		.4byte	0x788
 1260 07b4 11       		.uleb128 0x11
 1261 07b5 BA010000 		.4byte	0x1ba
 1262 07b9 C4070000 		.4byte	0x7c4
 1263 07bd 14       		.uleb128 0x14
 1264 07be 80030000 		.4byte	0x380
 1265 07c2 00       		.byte	0
 1266 07c3 00       		.byte	0
 1267 07c4 17       		.uleb128 0x17
 1268 07c5 10060000 		.4byte	.LASF101
 1269 07c9 05       		.byte	0x5
 1270 07ca 0C06     		.2byte	0x60c
 1271 07cc B4070000 		.4byte	0x7b4
 1272 07d0 05       		.uleb128 0x5
 1273 07d1 03       		.byte	0x3
 1274 07d2 00000000 		.4byte	EE_counter_RAM
 1275 07d6 11       		.uleb128 0x11
 1276 07d7 71020000 		.4byte	0x271
 1277 07db E6070000 		.4byte	0x7e6
 1278 07df 14       		.uleb128 0x14
 1279 07e0 80030000 		.4byte	0x380
 1280 07e4 01       		.byte	0x1
ARM GAS  C:\Users\SAISWA~1\AppData\Local\Temp\ccnk4iae.s 			page 24


 1281 07e5 00       		.byte	0
 1282 07e6 17       		.uleb128 0x17
 1283 07e7 6A060000 		.4byte	.LASF102
 1284 07eb 05       		.byte	0x5
 1285 07ec B106     		.2byte	0x6b1
 1286 07ee D6070000 		.4byte	0x7d6
 1287 07f2 05       		.uleb128 0x5
 1288 07f3 03       		.byte	0x3
 1289 07f4 00000000 		.4byte	EE_oo_counter_object_RAM
 1290 07f8 11       		.uleb128 0x11
 1291 07f9 08080000 		.4byte	0x808
 1292 07fd 08080000 		.4byte	0x808
 1293 0801 14       		.uleb128 0x14
 1294 0802 80030000 		.4byte	0x380
 1295 0806 00       		.byte	0
 1296 0807 00       		.byte	0
 1297 0808 13       		.uleb128 0x13
 1298 0809 33030000 		.4byte	0x333
 1299 080d 17       		.uleb128 0x17
 1300 080e E0070000 		.4byte	.LASF103
 1301 0812 05       		.byte	0x5
 1302 0813 9607     		.2byte	0x796
 1303 0815 1F080000 		.4byte	0x81f
 1304 0819 05       		.uleb128 0x5
 1305 081a 03       		.byte	0x3
 1306 081b 00000000 		.4byte	EE_oo_autostart_task_data
 1307 081f 13       		.uleb128 0x13
 1308 0820 F8070000 		.4byte	0x7f8
 1309 0824 18       		.uleb128 0x18
 1310 0825 86020000 		.4byte	.LASF104
 1311 0829 06       		.byte	0x6
 1312 082a 40       		.byte	0x40
 1313 082b B5000000 		.4byte	0xb5
 1314 082f 18       		.uleb128 0x18
 1315 0830 B1010000 		.4byte	.LASF105
 1316 0834 06       		.byte	0x6
 1317 0835 47       		.byte	0x47
 1318 0836 CB000000 		.4byte	0xcb
 1319 083a 17       		.uleb128 0x17
 1320 083b 49030000 		.4byte	.LASF106
 1321 083f 05       		.byte	0x5
 1322 0840 5C07     		.2byte	0x75c
 1323 0842 B5000000 		.4byte	0xb5
 1324 0846 05       		.uleb128 0x5
 1325 0847 03       		.byte	0x3
 1326 0848 00000000 		.4byte	EE_ApplicationMode
 1327 084c 18       		.uleb128 0x18
 1328 084d CA010000 		.4byte	.LASF107
 1329 0851 07       		.byte	0x7
 1330 0852 48       		.byte	0x48
 1331 0853 E1000000 		.4byte	0xe1
 1332 0857 18       		.uleb128 0x18
 1333 0858 BF060000 		.4byte	.LASF108
 1334 085c 08       		.byte	0x8
 1335 085d 44       		.byte	0x44
 1336 085e B5000000 		.4byte	0xb5
 1337 0862 16       		.uleb128 0x16
ARM GAS  C:\Users\SAISWA~1\AppData\Local\Temp\ccnk4iae.s 			page 25


 1338 0863 49000000 		.4byte	.LASF109
 1339 0867 05       		.byte	0x5
 1340 0868 AD       		.byte	0xad
 1341 0869 EC000000 		.4byte	0xec
 1342 086d 05       		.uleb128 0x5
 1343 086e 03       		.byte	0x3
 1344 086f 00000000 		.4byte	EE_cortex_mx_IRQ_tos
 1345 0873 11       		.uleb128 0x11
 1346 0874 55000000 		.4byte	0x55
 1347 0878 84080000 		.4byte	0x884
 1348 087c 19       		.uleb128 0x19
 1349 087d 80030000 		.4byte	0x380
 1350 0881 F301     		.2byte	0x1f3
 1351 0883 00       		.byte	0
 1352 0884 16       		.uleb128 0x16
 1353 0885 9C040000 		.4byte	.LASF110
 1354 0889 05       		.byte	0x5
 1355 088a 19       		.byte	0x19
 1356 088b 73080000 		.4byte	0x873
 1357 088f 05       		.uleb128 0x5
 1358 0890 03       		.byte	0x3
 1359 0891 00000000 		.4byte	EE_cortex_mx_stack_3
 1360 0895 11       		.uleb128 0x11
 1361 0896 55000000 		.4byte	0x55
 1362 089a A5080000 		.4byte	0x8a5
 1363 089e 14       		.uleb128 0x14
 1364 089f 80030000 		.4byte	0x380
 1365 08a3 7F       		.byte	0x7f
 1366 08a4 00       		.byte	0
 1367 08a5 16       		.uleb128 0x16
 1368 08a6 F4020000 		.4byte	.LASF111
 1369 08aa 05       		.byte	0x5
 1370 08ab 32       		.byte	0x32
 1371 08ac 95080000 		.4byte	0x895
 1372 08b0 05       		.uleb128 0x5
 1373 08b1 03       		.byte	0x3
 1374 08b2 00000000 		.4byte	EE_cortex_mx_stack_9
 1375 08b6 00       		.byte	0
 1376              		.section	.debug_abbrev,"",%progbits
 1377              	.Ldebug_abbrev0:
 1378 0000 01       		.uleb128 0x1
 1379 0001 11       		.uleb128 0x11
 1380 0002 01       		.byte	0x1
 1381 0003 25       		.uleb128 0x25
 1382 0004 0E       		.uleb128 0xe
 1383 0005 13       		.uleb128 0x13
 1384 0006 0B       		.uleb128 0xb
 1385 0007 03       		.uleb128 0x3
 1386 0008 0E       		.uleb128 0xe
 1387 0009 1B       		.uleb128 0x1b
 1388 000a 0E       		.uleb128 0xe
 1389 000b 10       		.uleb128 0x10
 1390 000c 17       		.uleb128 0x17
 1391 000d 00       		.byte	0
 1392 000e 00       		.byte	0
 1393 000f 02       		.uleb128 0x2
 1394 0010 24       		.uleb128 0x24
ARM GAS  C:\Users\SAISWA~1\AppData\Local\Temp\ccnk4iae.s 			page 26


 1395 0011 00       		.byte	0
 1396 0012 0B       		.uleb128 0xb
 1397 0013 0B       		.uleb128 0xb
 1398 0014 3E       		.uleb128 0x3e
 1399 0015 0B       		.uleb128 0xb
 1400 0016 03       		.uleb128 0x3
 1401 0017 0E       		.uleb128 0xe
 1402 0018 00       		.byte	0
 1403 0019 00       		.byte	0
 1404 001a 03       		.uleb128 0x3
 1405 001b 24       		.uleb128 0x24
 1406 001c 00       		.byte	0
 1407 001d 0B       		.uleb128 0xb
 1408 001e 0B       		.uleb128 0xb
 1409 001f 3E       		.uleb128 0x3e
 1410 0020 0B       		.uleb128 0xb
 1411 0021 03       		.uleb128 0x3
 1412 0022 08       		.uleb128 0x8
 1413 0023 00       		.byte	0
 1414 0024 00       		.byte	0
 1415 0025 04       		.uleb128 0x4
 1416 0026 16       		.uleb128 0x16
 1417 0027 00       		.byte	0
 1418 0028 03       		.uleb128 0x3
 1419 0029 0E       		.uleb128 0xe
 1420 002a 3A       		.uleb128 0x3a
 1421 002b 0B       		.uleb128 0xb
 1422 002c 3B       		.uleb128 0x3b
 1423 002d 0B       		.uleb128 0xb
 1424 002e 49       		.uleb128 0x49
 1425 002f 13       		.uleb128 0x13
 1426 0030 00       		.byte	0
 1427 0031 00       		.byte	0
 1428 0032 05       		.uleb128 0x5
 1429 0033 0F       		.uleb128 0xf
 1430 0034 00       		.byte	0
 1431 0035 0B       		.uleb128 0xb
 1432 0036 0B       		.uleb128 0xb
 1433 0037 00       		.byte	0
 1434 0038 00       		.byte	0
 1435 0039 06       		.uleb128 0x6
 1436 003a 0F       		.uleb128 0xf
 1437 003b 00       		.byte	0
 1438 003c 0B       		.uleb128 0xb
 1439 003d 0B       		.uleb128 0xb
 1440 003e 49       		.uleb128 0x49
 1441 003f 13       		.uleb128 0x13
 1442 0040 00       		.byte	0
 1443 0041 00       		.byte	0
 1444 0042 07       		.uleb128 0x7
 1445 0043 15       		.uleb128 0x15
 1446 0044 00       		.byte	0
 1447 0045 27       		.uleb128 0x27
 1448 0046 19       		.uleb128 0x19
 1449 0047 00       		.byte	0
 1450 0048 00       		.byte	0
 1451 0049 08       		.uleb128 0x8
ARM GAS  C:\Users\SAISWA~1\AppData\Local\Temp\ccnk4iae.s 			page 27


 1452 004a 13       		.uleb128 0x13
 1453 004b 01       		.byte	0x1
 1454 004c 03       		.uleb128 0x3
 1455 004d 0E       		.uleb128 0xe
 1456 004e 0B       		.uleb128 0xb
 1457 004f 0B       		.uleb128 0xb
 1458 0050 3A       		.uleb128 0x3a
 1459 0051 0B       		.uleb128 0xb
 1460 0052 3B       		.uleb128 0x3b
 1461 0053 0B       		.uleb128 0xb
 1462 0054 01       		.uleb128 0x1
 1463 0055 13       		.uleb128 0x13
 1464 0056 00       		.byte	0
 1465 0057 00       		.byte	0
 1466 0058 09       		.uleb128 0x9
 1467 0059 0D       		.uleb128 0xd
 1468 005a 00       		.byte	0
 1469 005b 03       		.uleb128 0x3
 1470 005c 0E       		.uleb128 0xe
 1471 005d 3A       		.uleb128 0x3a
 1472 005e 0B       		.uleb128 0xb
 1473 005f 3B       		.uleb128 0x3b
 1474 0060 0B       		.uleb128 0xb
 1475 0061 49       		.uleb128 0x49
 1476 0062 13       		.uleb128 0x13
 1477 0063 38       		.uleb128 0x38
 1478 0064 0B       		.uleb128 0xb
 1479 0065 00       		.byte	0
 1480 0066 00       		.byte	0
 1481 0067 0A       		.uleb128 0xa
 1482 0068 16       		.uleb128 0x16
 1483 0069 00       		.byte	0
 1484 006a 03       		.uleb128 0x3
 1485 006b 0E       		.uleb128 0xe
 1486 006c 3A       		.uleb128 0x3a
 1487 006d 0B       		.uleb128 0xb
 1488 006e 3B       		.uleb128 0x3b
 1489 006f 05       		.uleb128 0x5
 1490 0070 49       		.uleb128 0x49
 1491 0071 13       		.uleb128 0x13
 1492 0072 00       		.byte	0
 1493 0073 00       		.byte	0
 1494 0074 0B       		.uleb128 0xb
 1495 0075 13       		.uleb128 0x13
 1496 0076 01       		.byte	0x1
 1497 0077 0B       		.uleb128 0xb
 1498 0078 0B       		.uleb128 0xb
 1499 0079 3A       		.uleb128 0x3a
 1500 007a 0B       		.uleb128 0xb
 1501 007b 3B       		.uleb128 0x3b
 1502 007c 05       		.uleb128 0x5
 1503 007d 01       		.uleb128 0x1
 1504 007e 13       		.uleb128 0x13
 1505 007f 00       		.byte	0
 1506 0080 00       		.byte	0
 1507 0081 0C       		.uleb128 0xc
 1508 0082 0D       		.uleb128 0xd
ARM GAS  C:\Users\SAISWA~1\AppData\Local\Temp\ccnk4iae.s 			page 28


 1509 0083 00       		.byte	0
 1510 0084 03       		.uleb128 0x3
 1511 0085 0E       		.uleb128 0xe
 1512 0086 3A       		.uleb128 0x3a
 1513 0087 0B       		.uleb128 0xb
 1514 0088 3B       		.uleb128 0x3b
 1515 0089 05       		.uleb128 0x5
 1516 008a 49       		.uleb128 0x49
 1517 008b 13       		.uleb128 0x13
 1518 008c 38       		.uleb128 0x38
 1519 008d 0B       		.uleb128 0xb
 1520 008e 00       		.byte	0
 1521 008f 00       		.byte	0
 1522 0090 0D       		.uleb128 0xd
 1523 0091 04       		.uleb128 0x4
 1524 0092 01       		.byte	0x1
 1525 0093 0B       		.uleb128 0xb
 1526 0094 0B       		.uleb128 0xb
 1527 0095 49       		.uleb128 0x49
 1528 0096 13       		.uleb128 0x13
 1529 0097 3A       		.uleb128 0x3a
 1530 0098 0B       		.uleb128 0xb
 1531 0099 3B       		.uleb128 0x3b
 1532 009a 05       		.uleb128 0x5
 1533 009b 01       		.uleb128 0x1
 1534 009c 13       		.uleb128 0x13
 1535 009d 00       		.byte	0
 1536 009e 00       		.byte	0
 1537 009f 0E       		.uleb128 0xe
 1538 00a0 28       		.uleb128 0x28
 1539 00a1 00       		.byte	0
 1540 00a2 03       		.uleb128 0x3
 1541 00a3 0E       		.uleb128 0xe
 1542 00a4 1C       		.uleb128 0x1c
 1543 00a5 0B       		.uleb128 0xb
 1544 00a6 00       		.byte	0
 1545 00a7 00       		.byte	0
 1546 00a8 0F       		.uleb128 0xf
 1547 00a9 0D       		.uleb128 0xd
 1548 00aa 00       		.byte	0
 1549 00ab 03       		.uleb128 0x3
 1550 00ac 08       		.uleb128 0x8
 1551 00ad 3A       		.uleb128 0x3a
 1552 00ae 0B       		.uleb128 0xb
 1553 00af 3B       		.uleb128 0x3b
 1554 00b0 05       		.uleb128 0x5
 1555 00b1 49       		.uleb128 0x49
 1556 00b2 13       		.uleb128 0x13
 1557 00b3 38       		.uleb128 0x38
 1558 00b4 0B       		.uleb128 0xb
 1559 00b5 00       		.byte	0
 1560 00b6 00       		.byte	0
 1561 00b7 10       		.uleb128 0x10
 1562 00b8 13       		.uleb128 0x13
 1563 00b9 01       		.byte	0x1
 1564 00ba 03       		.uleb128 0x3
 1565 00bb 0E       		.uleb128 0xe
ARM GAS  C:\Users\SAISWA~1\AppData\Local\Temp\ccnk4iae.s 			page 29


 1566 00bc 0B       		.uleb128 0xb
 1567 00bd 0B       		.uleb128 0xb
 1568 00be 3A       		.uleb128 0x3a
 1569 00bf 0B       		.uleb128 0xb
 1570 00c0 3B       		.uleb128 0x3b
 1571 00c1 05       		.uleb128 0x5
 1572 00c2 01       		.uleb128 0x1
 1573 00c3 13       		.uleb128 0x13
 1574 00c4 00       		.byte	0
 1575 00c5 00       		.byte	0
 1576 00c6 11       		.uleb128 0x11
 1577 00c7 01       		.uleb128 0x1
 1578 00c8 01       		.byte	0x1
 1579 00c9 49       		.uleb128 0x49
 1580 00ca 13       		.uleb128 0x13
 1581 00cb 01       		.uleb128 0x1
 1582 00cc 13       		.uleb128 0x13
 1583 00cd 00       		.byte	0
 1584 00ce 00       		.byte	0
 1585 00cf 12       		.uleb128 0x12
 1586 00d0 21       		.uleb128 0x21
 1587 00d1 00       		.byte	0
 1588 00d2 00       		.byte	0
 1589 00d3 00       		.byte	0
 1590 00d4 13       		.uleb128 0x13
 1591 00d5 26       		.uleb128 0x26
 1592 00d6 00       		.byte	0
 1593 00d7 49       		.uleb128 0x49
 1594 00d8 13       		.uleb128 0x13
 1595 00d9 00       		.byte	0
 1596 00da 00       		.byte	0
 1597 00db 14       		.uleb128 0x14
 1598 00dc 21       		.uleb128 0x21
 1599 00dd 00       		.byte	0
 1600 00de 49       		.uleb128 0x49
 1601 00df 13       		.uleb128 0x13
 1602 00e0 2F       		.uleb128 0x2f
 1603 00e1 0B       		.uleb128 0xb
 1604 00e2 00       		.byte	0
 1605 00e3 00       		.byte	0
 1606 00e4 15       		.uleb128 0x15
 1607 00e5 34       		.uleb128 0x34
 1608 00e6 00       		.byte	0
 1609 00e7 03       		.uleb128 0x3
 1610 00e8 0E       		.uleb128 0xe
 1611 00e9 3A       		.uleb128 0x3a
 1612 00ea 0B       		.uleb128 0xb
 1613 00eb 3B       		.uleb128 0x3b
 1614 00ec 05       		.uleb128 0x5
 1615 00ed 49       		.uleb128 0x49
 1616 00ee 13       		.uleb128 0x13
 1617 00ef 02       		.uleb128 0x2
 1618 00f0 18       		.uleb128 0x18
 1619 00f1 00       		.byte	0
 1620 00f2 00       		.byte	0
 1621 00f3 16       		.uleb128 0x16
 1622 00f4 34       		.uleb128 0x34
ARM GAS  C:\Users\SAISWA~1\AppData\Local\Temp\ccnk4iae.s 			page 30


 1623 00f5 00       		.byte	0
 1624 00f6 03       		.uleb128 0x3
 1625 00f7 0E       		.uleb128 0xe
 1626 00f8 3A       		.uleb128 0x3a
 1627 00f9 0B       		.uleb128 0xb
 1628 00fa 3B       		.uleb128 0x3b
 1629 00fb 0B       		.uleb128 0xb
 1630 00fc 49       		.uleb128 0x49
 1631 00fd 13       		.uleb128 0x13
 1632 00fe 3F       		.uleb128 0x3f
 1633 00ff 19       		.uleb128 0x19
 1634 0100 02       		.uleb128 0x2
 1635 0101 18       		.uleb128 0x18
 1636 0102 00       		.byte	0
 1637 0103 00       		.byte	0
 1638 0104 17       		.uleb128 0x17
 1639 0105 34       		.uleb128 0x34
 1640 0106 00       		.byte	0
 1641 0107 03       		.uleb128 0x3
 1642 0108 0E       		.uleb128 0xe
 1643 0109 3A       		.uleb128 0x3a
 1644 010a 0B       		.uleb128 0xb
 1645 010b 3B       		.uleb128 0x3b
 1646 010c 05       		.uleb128 0x5
 1647 010d 49       		.uleb128 0x49
 1648 010e 13       		.uleb128 0x13
 1649 010f 3F       		.uleb128 0x3f
 1650 0110 19       		.uleb128 0x19
 1651 0111 02       		.uleb128 0x2
 1652 0112 18       		.uleb128 0x18
 1653 0113 00       		.byte	0
 1654 0114 00       		.byte	0
 1655 0115 18       		.uleb128 0x18
 1656 0116 34       		.uleb128 0x34
 1657 0117 00       		.byte	0
 1658 0118 03       		.uleb128 0x3
 1659 0119 0E       		.uleb128 0xe
 1660 011a 3A       		.uleb128 0x3a
 1661 011b 0B       		.uleb128 0xb
 1662 011c 3B       		.uleb128 0x3b
 1663 011d 0B       		.uleb128 0xb
 1664 011e 49       		.uleb128 0x49
 1665 011f 13       		.uleb128 0x13
 1666 0120 3F       		.uleb128 0x3f
 1667 0121 19       		.uleb128 0x19
 1668 0122 3C       		.uleb128 0x3c
 1669 0123 19       		.uleb128 0x19
 1670 0124 00       		.byte	0
 1671 0125 00       		.byte	0
 1672 0126 19       		.uleb128 0x19
 1673 0127 21       		.uleb128 0x21
 1674 0128 00       		.byte	0
 1675 0129 49       		.uleb128 0x49
 1676 012a 13       		.uleb128 0x13
 1677 012b 2F       		.uleb128 0x2f
 1678 012c 05       		.uleb128 0x5
 1679 012d 00       		.byte	0
ARM GAS  C:\Users\SAISWA~1\AppData\Local\Temp\ccnk4iae.s 			page 31


 1680 012e 00       		.byte	0
 1681 012f 00       		.byte	0
 1682              		.section	.debug_aranges,"",%progbits
 1683 0000 14000000 		.4byte	0x14
 1684 0004 0200     		.2byte	0x2
 1685 0006 00000000 		.4byte	.Ldebug_info0
 1686 000a 04       		.byte	0x4
 1687 000b 00       		.byte	0
 1688 000c 0000     		.2byte	0
 1689 000e 0000     		.2byte	0
 1690 0010 00000000 		.4byte	0
 1691 0014 00000000 		.4byte	0
 1692              		.section	.debug_line,"",%progbits
 1693              	.Ldebug_line0:
 1694 0000 38010000 		.section	.debug_str,"MS",%progbits,1
 1694      02003201 
 1694      00000201 
 1694      FB0E0D00 
 1694      01010101 
 1695              	.LASF46:
 1696 0000 6E657874 		.ascii	"next\000"
 1696      00
 1697              	.LASF83:
 1698 0005 45455F74 		.ascii	"EE_th_terminate_nextask\000"
 1698      685F7465 
 1698      726D696E 
 1698      6174655F 
 1698      6E657874 
 1699              	.LASF24:
 1700 001d 5469636B 		.ascii	"TickType\000"
 1700      54797065 
 1700      00
 1701              	.LASF84:
 1702 0026 45455F73 		.ascii	"EE_stkfirst\000"
 1702      746B6669 
 1702      72737400 
 1703              	.LASF26:
 1704 0032 41637469 		.ascii	"ActionType\000"
 1704      6F6E5479 
 1704      706500
 1705              	.LASF19:
 1706 003d 45455F54 		.ascii	"EE_TYPEBOOL\000"
 1706      59504542 
 1706      4F4F4C00 
 1707              	.LASF109:
 1708 0049 45455F63 		.ascii	"EE_cortex_mx_IRQ_tos\000"
 1708      6F727465 
 1708      785F6D78 
 1708      5F495251 
 1708      5F746F73 
 1709              	.LASF7:
 1710 005e 6C6F6E67 		.ascii	"long long unsigned int\000"
 1710      206C6F6E 
 1710      6720756E 
 1710      7369676E 
 1710      65642069 
 1711              	.LASF45:
ARM GAS  C:\Users\SAISWA~1\AppData\Local\Temp\ccnk4iae.s 			page 32


 1712 0075 64656C74 		.ascii	"delta\000"
 1712      6100
 1713              	.LASF42:
 1714 007b 45455F6F 		.ascii	"EE_oo_counter_object_ROM_type\000"
 1714      6F5F636F 
 1714      756E7465 
 1714      725F6F62 
 1714      6A656374 
 1715              	.LASF89:
 1716 0099 45455F72 		.ascii	"EE_rq_pairs_next\000"
 1716      715F7061 
 1716      6972735F 
 1716      6E657874 
 1716      00
 1717              	.LASF22:
 1718 00aa 5461736B 		.ascii	"TaskType\000"
 1718      54797065 
 1718      00
 1719              	.LASF61:
 1720 00b3 45455F54 		.ascii	"EE_TOS\000"
 1720      4F5300
 1721              	.LASF29:
 1722 00ba 6D617861 		.ascii	"maxallowedvalue\000"
 1722      6C6C6F77 
 1722      65647661 
 1722      6C756500 
 1723              	.LASF115:
 1724 00ca 45455F6F 		.ascii	"EE_oo_autostart_task_mode_OSDEFAULTAPPMODE\000"
 1724      6F5F6175 
 1724      746F7374 
 1724      6172745F 
 1724      7461736B 
 1725              	.LASF79:
 1726 00f5 45455F41 		.ascii	"EE_ALARM_ID\000"
 1726      4C41524D 
 1726      5F494400 
 1727              	.LASF6:
 1728 0101 6C6F6E67 		.ascii	"long long int\000"
 1728      206C6F6E 
 1728      6720696E 
 1728      7400
 1729              	.LASF0:
 1730 010f 7369676E 		.ascii	"signed char\000"
 1730      65642063 
 1730      68617200 
 1731              	.LASF52:
 1732 011b 45455F6F 		.ascii	"EE_oo_action_kind_type\000"
 1732      6F5F6163 
 1732      74696F6E 
 1732      5F6B696E 
 1732      645F7479 
 1733              	.LASF23:
 1734 0132 4576656E 		.ascii	"EventMaskType\000"
 1734      744D6173 
 1734      6B547970 
 1734      6500
 1735              	.LASF76:
ARM GAS  C:\Users\SAISWA~1\AppData\Local\Temp\ccnk4iae.s 			page 33


 1736 0140 45455F45 		.ascii	"EE_EVENT_NAME\000"
 1736      56454E54 
 1736      5F4E414D 
 1736      4500
 1737              	.LASF100:
 1738 014e 45455F61 		.ascii	"EE_alarm_ROM\000"
 1738      6C61726D 
 1738      5F524F4D 
 1738      00
 1739              	.LASF70:
 1740 015b 45455F63 		.ascii	"EE_cortex_mx_active_tos\000"
 1740      6F727465 
 1740      785F6D78 
 1740      5F616374 
 1740      6976655F 
 1741              	.LASF35:
 1742 0173 45455F6F 		.ascii	"EE_oo_counter_RAM_type\000"
 1742      6F5F636F 
 1742      756E7465 
 1742      725F5241 
 1742      4D5F7479 
 1743              	.LASF78:
 1744 018a 45455F45 		.ascii	"EE_EVENT_ID\000"
 1744      56454E54 
 1744      5F494400 
 1745              	.LASF4:
 1746 0196 6C6F6E67 		.ascii	"long int\000"
 1746      20696E74 
 1746      00
 1747              	.LASF87:
 1748 019f 45455F72 		.ascii	"EE_rq_queues_head\000"
 1748      715F7175 
 1748      65756573 
 1748      5F686561 
 1748      6400
 1749              	.LASF105:
 1750 01b1 45455F6F 		.ascii	"EE_oo_IRQ_suspend_status\000"
 1750      6F5F4952 
 1750      515F7375 
 1750      7370656E 
 1750      645F7374 
 1751              	.LASF107:
 1752 01ca 45455F73 		.ascii	"EE_std_endcycle_next_tid\000"
 1752      74645F65 
 1752      6E646379 
 1752      636C655F 
 1752      6E657874 
 1753              	.LASF31:
 1754 01e3 6D696E63 		.ascii	"mincycle\000"
 1754      79636C65 
 1754      00
 1755              	.LASF20:
 1756 01ec 45455F54 		.ascii	"EE_TID\000"
 1756      494400
 1757              	.LASF33:
 1758 01f3 76616C75 		.ascii	"value\000"
 1758      6500
ARM GAS  C:\Users\SAISWA~1\AppData\Local\Temp\ccnk4iae.s 			page 34


 1759              	.LASF8:
 1760 01f9 756E7369 		.ascii	"unsigned int\000"
 1760      676E6564 
 1760      20696E74 
 1760      00
 1761              	.LASF16:
 1762 0206 45455F55 		.ascii	"EE_UREG\000"
 1762      52454700 
 1763              	.LASF60:
 1764 020e 45455F6F 		.ascii	"EE_oo_alarm_ROM_type\000"
 1764      6F5F616C 
 1764      61726D5F 
 1764      524F4D5F 
 1764      74797065 
 1765              	.LASF77:
 1766 0223 45455F41 		.ascii	"EE_ALARM_NAME\000"
 1766      4C41524D 
 1766      5F4E414D 
 1766      4500
 1767              	.LASF5:
 1768 0231 6C6F6E67 		.ascii	"long unsigned int\000"
 1768      20756E73 
 1768      69676E65 
 1768      6420696E 
 1768      7400
 1769              	.LASF95:
 1770 0243 45455F74 		.ascii	"EE_th_waswaiting\000"
 1770      685F7761 
 1770      73776169 
 1770      74696E67 
 1770      00
 1771              	.LASF62:
 1772 0254 45455F6F 		.ascii	"EE_oo_autostart_task_type\000"
 1772      6F5F6175 
 1772      746F7374 
 1772      6172745F 
 1772      7461736B 
 1773              	.LASF41:
 1774 026e 6B696E64 		.ascii	"kind\000"
 1774      00
 1775              	.LASF3:
 1776 0273 73686F72 		.ascii	"short unsigned int\000"
 1776      7420756E 
 1776      7369676E 
 1776      65642069 
 1776      6E7400
 1777              	.LASF104:
 1778 0286 45455F6F 		.ascii	"EE_oo_IRQ_disable_count\000"
 1778      6F5F4952 
 1778      515F6469 
 1778      7361626C 
 1778      655F636F 
 1779              	.LASF38:
 1780 029e 45455F6F 		.ascii	"EE_oo_counter_object_kind_type\000"
 1780      6F5F636F 
 1780      756E7465 
 1780      725F6F62 
ARM GAS  C:\Users\SAISWA~1\AppData\Local\Temp\ccnk4iae.s 			page 35


 1780      6A656374 
 1781              	.LASF80:
 1782 02bd 45455F74 		.ascii	"EE_th_status\000"
 1782      685F7374 
 1782      61747573 
 1782      00
 1783              	.LASF39:
 1784 02ca 436F756E 		.ascii	"CounterObjectKindType\000"
 1784      7465724F 
 1784      626A6563 
 1784      744B696E 
 1784      64547970 
 1785              	.LASF73:
 1786 02e0 45455F74 		.ascii	"EE_th_dispatch_prio\000"
 1786      685F6469 
 1786      73706174 
 1786      63685F70 
 1786      72696F00 
 1787              	.LASF111:
 1788 02f4 45455F63 		.ascii	"EE_cortex_mx_stack_9\000"
 1788      6F727465 
 1788      785F6D78 
 1788      5F737461 
 1788      636B5F39 
 1789              	.LASF14:
 1790 0309 45455F56 		.ascii	"EE_VOID_CALLBACK\000"
 1790      4F49445F 
 1790      43414C4C 
 1790      4241434B 
 1790      00
 1791              	.LASF27:
 1792 031a 436F756E 		.ascii	"CounterType\000"
 1792      74657254 
 1792      79706500 
 1793              	.LASF98:
 1794 0326 45455F6F 		.ascii	"EE_oo_counter_object_ROM\000"
 1794      6F5F636F 
 1794      756E7465 
 1794      725F6F62 
 1794      6A656374 
 1795              	.LASF59:
 1796 033f 61637469 		.ascii	"action_id\000"
 1796      6F6E5F69 
 1796      6400
 1797              	.LASF106:
 1798 0349 45455F41 		.ascii	"EE_ApplicationMode\000"
 1798      70706C69 
 1798      63617469 
 1798      6F6E4D6F 
 1798      646500
 1799              	.LASF99:
 1800 035c 45455F6F 		.ascii	"EE_oo_action_ROM\000"
 1800      6F5F6163 
 1800      74696F6E 
 1800      5F524F4D 
 1800      00
 1801              	.LASF21:
ARM GAS  C:\Users\SAISWA~1\AppData\Local\Temp\ccnk4iae.s 			page 36


 1802 036d 45455F54 		.ascii	"EE_TYPE_RQ_MASK\000"
 1802      5950455F 
 1802      52515F4D 
 1802      41534B00 
 1803              	.LASF64:
 1804 037d 73697A65 		.ascii	"sizetype\000"
 1804      74797065 
 1804      00
 1805              	.LASF9:
 1806 0386 6C6F6E67 		.ascii	"long double\000"
 1806      20646F75 
 1806      626C6500 
 1807              	.LASF92:
 1808 0392 45455F72 		.ascii	"EE_rq_free\000"
 1808      715F6672 
 1808      656500
 1809              	.LASF86:
 1810 039d 45455F72 		.ascii	"EE_rq_link\000"
 1810      715F6C69 
 1810      6E6B00
 1811              	.LASF17:
 1812 03a8 45455F53 		.ascii	"EE_SREG\000"
 1812      52454700 
 1813              	.LASF30:
 1814 03b0 7469636B 		.ascii	"ticksperbase\000"
 1814      73706572 
 1814      62617365 
 1814      00
 1815              	.LASF43:
 1816 03bd 75736564 		.ascii	"used\000"
 1816      00
 1817              	.LASF47:
 1818 03c2 45455F6F 		.ascii	"EE_oo_counter_object_RAM_type\000"
 1818      6F5F636F 
 1818      756E7465 
 1818      725F6F62 
 1818      6A656374 
 1819              	.LASF97:
 1820 03e0 45455F63 		.ascii	"EE_counter_ROM\000"
 1820      6F756E74 
 1820      65725F52 
 1820      4F4D00
 1821              	.LASF58:
 1822 03ef 45455F6F 		.ascii	"EE_oo_action_ROM_type\000"
 1822      6F5F6163 
 1822      74696F6E 
 1822      5F524F4D 
 1822      5F747970 
 1823              	.LASF10:
 1824 0405 45455F55 		.ascii	"EE_UINT16\000"
 1824      494E5431 
 1824      3600
 1825              	.LASF37:
 1826 040f 45455F53 		.ascii	"EE_SCHEDULETABLE\000"
 1826      43484544 
 1826      554C4554 
 1826      41424C45 
ARM GAS  C:\Users\SAISWA~1\AppData\Local\Temp\ccnk4iae.s 			page 37


 1826      00
 1827              	.LASF69:
 1828 0420 45455F63 		.ascii	"EE_cortex_mx_system_tos\000"
 1828      6F727465 
 1828      785F6D78 
 1828      5F737973 
 1828      74656D5F 
 1829              	.LASF1:
 1830 0438 756E7369 		.ascii	"unsigned char\000"
 1830      676E6564 
 1830      20636861 
 1830      7200
 1831              	.LASF36:
 1832 0446 45455F41 		.ascii	"EE_ALARM\000"
 1832      4C41524D 
 1832      00
 1833              	.LASF81:
 1834 044f 45455F74 		.ascii	"EE_th_next\000"
 1834      685F6E65 
 1834      787400
 1835              	.LASF68:
 1836 045a 45455F74 		.ascii	"EE_terminate_real_th_body\000"
 1836      65726D69 
 1836      6E617465 
 1836      5F726561 
 1836      6C5F7468 
 1837              	.LASF57:
 1838 0474 696E6363 		.ascii	"inccount\000"
 1838      6F756E74 
 1838      00
 1839              	.LASF2:
 1840 047d 73686F72 		.ascii	"short int\000"
 1840      7420696E 
 1840      7400
 1841              	.LASF94:
 1842 0487 45455F74 		.ascii	"EE_th_event_waitmask\000"
 1842      685F6576 
 1842      656E745F 
 1842      77616974 
 1842      6D61736B 
 1843              	.LASF110:
 1844 049c 45455F63 		.ascii	"EE_cortex_mx_stack_3\000"
 1844      6F727465 
 1844      785F6D78 
 1844      5F737461 
 1844      636B5F33 
 1845              	.LASF75:
 1846 04b1 45455F54 		.ascii	"EE_TASK_NAME\000"
 1846      41534B5F 
 1846      4E414D45 
 1846      00
 1847              	.LASF32:
 1848 04be 45455F6F 		.ascii	"EE_oo_counter_ROM_type\000"
 1848      6F5F636F 
 1848      756E7465 
 1848      725F524F 
 1848      4D5F7479 
ARM GAS  C:\Users\SAISWA~1\AppData\Local\Temp\ccnk4iae.s 			page 38


 1849              	.LASF112:
 1850 04d5 474E5520 		.ascii	"GNU C11 5.4.1 20160609 (release) [ARM/embedded-5-br"
 1850      43313120 
 1850      352E342E 
 1850      31203230 
 1850      31363036 
 1851 0508 616E6368 		.ascii	"anch revision 237715] -mcpu=cortex-m3 -mthumb -g -O"
 1851      20726576 
 1851      6973696F 
 1851      6E203233 
 1851      37373135 
 1852 053b 67202D66 		.ascii	"g -ffunction-sections -ffat-lto-objects\000"
 1852      66756E63 
 1852      74696F6E 
 1852      2D736563 
 1852      74696F6E 
 1853              	.LASF56:
 1854 0563 61637469 		.ascii	"action_mask\000"
 1854      6F6E5F6D 
 1854      61736B00 
 1855              	.LASF15:
 1856 056f 45455F54 		.ascii	"EE_THREAD_PTR\000"
 1856      48524541 
 1856      445F5054 
 1856      5200
 1857              	.LASF88:
 1858 057d 45455F72 		.ascii	"EE_rq_queues_tail\000"
 1858      715F7175 
 1858      65756573 
 1858      5F746169 
 1858      6C00
 1859              	.LASF66:
 1860 058f 45455F73 		.ascii	"EE_std_thread_tos\000"
 1860      74645F74 
 1860      68726561 
 1860      645F746F 
 1860      7300
 1861              	.LASF51:
 1862 05a1 45455F41 		.ascii	"EE_ACTION_CALLBACK\000"
 1862      4354494F 
 1862      4E5F4341 
 1862      4C4C4241 
 1862      434B00
 1863              	.LASF91:
 1864 05b4 45455F72 		.ascii	"EE_rq_bitmask\000"
 1864      715F6269 
 1864      746D6173 
 1864      6B00
 1865              	.LASF34:
 1866 05c2 66697273 		.ascii	"first\000"
 1866      7400
 1867              	.LASF25:
 1868 05c8 436F756E 		.ascii	"CounterObjectType\000"
 1868      7465724F 
 1868      626A6563 
 1868      74547970 
 1868      6500
ARM GAS  C:\Users\SAISWA~1\AppData\Local\Temp\ccnk4iae.s 			page 39


 1869              	.LASF74:
 1870 05da 63686172 		.ascii	"char\000"
 1870      00
 1871              	.LASF48:
 1872 05df 45455F41 		.ascii	"EE_ACTION_TASK\000"
 1872      4354494F 
 1872      4E5F5441 
 1872      534B00
 1873              	.LASF71:
 1874 05ee 45455F74 		.ascii	"EE_th_rnact_max\000"
 1874      685F726E 
 1874      6163745F 
 1874      6D617800 
 1875              	.LASF50:
 1876 05fe 45455F41 		.ascii	"EE_ACTION_COUNTER\000"
 1876      4354494F 
 1876      4E5F434F 
 1876      554E5445 
 1876      5200
 1877              	.LASF101:
 1878 0610 45455F63 		.ascii	"EE_counter_RAM\000"
 1878      6F756E74 
 1878      65725F52 
 1878      414D00
 1879              	.LASF40:
 1880 061f 73706563 		.ascii	"spec_id\000"
 1880      5F696400 
 1881              	.LASF49:
 1882 0627 45455F41 		.ascii	"EE_ACTION_EVENT\000"
 1882      4354494F 
 1882      4E5F4556 
 1882      454E5400 
 1883              	.LASF65:
 1884 0637 45455F68 		.ascii	"EE_hal_thread_body\000"
 1884      616C5F74 
 1884      68726561 
 1884      645F626F 
 1884      647900
 1885              	.LASF85:
 1886 064a 45455F73 		.ascii	"EE_sys_ceiling\000"
 1886      79735F63 
 1886      65696C69 
 1886      6E6700
 1887              	.LASF54:
 1888 0659 61637469 		.ascii	"action_kind\000"
 1888      6F6E5F6B 
 1888      696E6400 
 1889              	.LASF63:
 1890 0665 7461736B 		.ascii	"task\000"
 1890      00
 1891              	.LASF102:
 1892 066a 45455F6F 		.ascii	"EE_oo_counter_object_RAM\000"
 1892      6F5F636F 
 1892      756E7465 
 1892      725F6F62 
 1892      6A656374 
 1893              	.LASF53:
ARM GAS  C:\Users\SAISWA~1\AppData\Local\Temp\ccnk4iae.s 			page 40


 1894 0683 41637469 		.ascii	"ActionKindType\000"
 1894      6F6E4B69 
 1894      6E645479 
 1894      706500
 1895              	.LASF72:
 1896 0692 45455F74 		.ascii	"EE_th_ready_prio\000"
 1896      685F7265 
 1896      6164795F 
 1896      7072696F 
 1896      00
 1897              	.LASF82:
 1898 06a3 45455F74 		.ascii	"EE_th_rnact\000"
 1898      685F726E 
 1898      61637400 
 1899              	.LASF90:
 1900 06af 45455F72 		.ascii	"EE_rq_pairs_tid\000"
 1900      715F7061 
 1900      6972735F 
 1900      74696400 
 1901              	.LASF108:
 1902 06bf 45455F49 		.ascii	"EE_IRQ_nesting_level\000"
 1902      52515F6E 
 1902      65737469 
 1902      6E675F6C 
 1902      6576656C 
 1903              	.LASF12:
 1904 06d4 45455F55 		.ascii	"EE_UINT32\000"
 1904      494E5433 
 1904      3200
 1905              	.LASF11:
 1906 06de 45455F49 		.ascii	"EE_INT32\000"
 1906      4E543332 
 1906      00
 1907              	.LASF67:
 1908 06e7 45455F74 		.ascii	"EE_terminate_data\000"
 1908      65726D69 
 1908      6E617465 
 1908      5F646174 
 1908      6100
 1909              	.LASF113:
 1910 06f9 47656E65 		.ascii	"Generated_Source\\PSoC5\\ErikaOS_1_eecfg.c\000"
 1910      72617465 
 1910      645F536F 
 1910      75726365 
 1910      5C50536F 
 1911              	.LASF93:
 1912 0722 45455F74 		.ascii	"EE_th_event_active\000"
 1912      685F6576 
 1912      656E745F 
 1912      61637469 
 1912      766500
 1913              	.LASF44:
 1914 0735 636E7463 		.ascii	"cntcycle\000"
 1914      79636C65 
 1914      00
 1915              	.LASF28:
 1916 073e 5359535F 		.ascii	"SYS_tos\000"
ARM GAS  C:\Users\SAISWA~1\AppData\Local\Temp\ccnk4iae.s 			page 41


 1916      746F7300 
 1917              	.LASF55:
 1918 0746 61637469 		.ascii	"action_task\000"
 1918      6F6E5F74 
 1918      61736B00 
 1919              	.LASF114:
 1920 0752 443A5C44 		.ascii	"D:\\Darmstadt\\College\\Study\\Semester1\\AMA_EOS\\"
 1920      61726D73 
 1920      74616474 
 1920      5C436F6C 
 1920      6C656765 
 1921 077f 454F535C 		.ascii	"EOS\\Lab\\Assignments\\Lab1\\ReactionGame.cydsn\\Re"
 1921      4C61625C 
 1921      41737369 
 1921      676E6D65 
 1921      6E74735C 
 1922 07ad 61637469 		.ascii	"actionGame.cydsn\000"
 1922      6F6E4761 
 1922      6D652E63 
 1922      7964736E 
 1922      00
 1923              	.LASF13:
 1924 07be 45455F41 		.ascii	"EE_ADDR\000"
 1924      44445200 
 1925              	.LASF96:
 1926 07c6 45455F74 		.ascii	"EE_th_is_extended\000"
 1926      685F6973 
 1926      5F657874 
 1926      656E6465 
 1926      6400
 1927              	.LASF18:
 1928 07d8 45455F46 		.ascii	"EE_FREG\000"
 1928      52454700 
 1929              	.LASF103:
 1930 07e0 45455F6F 		.ascii	"EE_oo_autostart_task_data\000"
 1930      6F5F6175 
 1930      746F7374 
 1930      6172745F 
 1930      7461736B 
 1931              		.ident	"GCC: (GNU Tools for ARM Embedded Processors) 5.4.1 20160609 (release) [ARM/embedded-5-bran
