ARM GAS  C:\Users\SAISWA~1\AppData\Local\Temp\ccoctcqf.s 			page 1


   1              		.syntax unified
   2              		.cpu cortex-m3
   3              		.fpu softvfp
   4              		.eabi_attribute 20, 1
   5              		.eabi_attribute 21, 1
   6              		.eabi_attribute 23, 3
   7              		.eabi_attribute 24, 1
   8              		.eabi_attribute 25, 1
   9              		.eabi_attribute 26, 1
  10              		.eabi_attribute 30, 1
  11              		.eabi_attribute 34, 1
  12              		.eabi_attribute 18, 4
  13              		.thumb
  14              		.syntax unified
  15              		.file	"RGB_Led.c"
  16              		.text
  17              	.Ltext0:
  18              		.cfi_sections	.debug_frame
  19              		.section	.text.LED_Set,"ax",%progbits
  20              		.align	2
  21              		.global	LED_Set
  22              		.thumb
  23              		.thumb_func
  24              		.type	LED_Set, %function
  25              	LED_Set:
  26              	.LFB111:
  27              		.file 1 "source\\bsw\\RGB_Led.c"
   1:source\bsw/RGB_Led.c **** #include "RGB_Led.h"
   2:source\bsw/RGB_Led.c **** 
   3:source\bsw/RGB_Led.c **** static LED_onoff LED__state[LED_ALL] = {LED_OFF, LED_OFF, LED_OFF};
   4:source\bsw/RGB_Led.c **** 
   5:source\bsw/RGB_Led.c **** 
   6:source\bsw/RGB_Led.c **** 
   7:source\bsw/RGB_Led.c **** /**
   8:source\bsw/RGB_Led.c ****  * <Description>
   9:source\bsw/RGB_Led.c ****  * @param <first para>
  10:source\bsw/RGB_Led.c ****  * @return <return value>
  11:source\bsw/RGB_Led.c ****  */
  12:source\bsw/RGB_Led.c **** 
  13:source\bsw/RGB_Led.c **** RC_t LED_init()
  14:source\bsw/RGB_Led.c **** {
  15:source\bsw/RGB_Led.c ****     RGB_PWM_blue_Start();
  16:source\bsw/RGB_Led.c ****     RGB_PWM_green_Start();
  17:source\bsw/RGB_Led.c ****     RGB_PWM_red_Start();
  18:source\bsw/RGB_Led.c ****     
  19:source\bsw/RGB_Led.c ****     //Green_Led_Write(0);
  20:source\bsw/RGB_Led.c ****     //Red_Led_Write(0);
  21:source\bsw/RGB_Led.c ****    // Yellow_Led_Write(0);
  22:source\bsw/RGB_Led.c ****     LED_Set(LED_ALL, LED_OFF);
  23:source\bsw/RGB_Led.c ****     
  24:source\bsw/RGB_Led.c ****     return RC_SUCCESS;
  25:source\bsw/RGB_Led.c **** }
  26:source\bsw/RGB_Led.c **** 
  27:source\bsw/RGB_Led.c **** RC_t LED_Set(LED_id_t ledid, LED_onoff ledOnOff)
  28:source\bsw/RGB_Led.c **** {
  28              		.loc 1 28 0
  29              		.cfi_startproc
ARM GAS  C:\Users\SAISWA~1\AppData\Local\Temp\ccoctcqf.s 			page 2


  30              		@ args = 0, pretend = 0, frame = 0
  31              		@ frame_needed = 0, uses_anonymous_args = 0
  32              	.LVL0:
  33 0000 10B5     		push	{r4, lr}
  34              		.cfi_def_cfa_offset 8
  35              		.cfi_offset 4, -8
  36              		.cfi_offset 14, -4
  37 0002 0C46     		mov	r4, r1
  29:source\bsw/RGB_Led.c ****     LED__state[ledid] = ledOnOff;
  38              		.loc 1 29 0
  39 0004 0F4B     		ldr	r3, .L9
  40 0006 1954     		strb	r1, [r3, r0]
  30:source\bsw/RGB_Led.c ****     
  31:source\bsw/RGB_Led.c ****     switch(ledid)
  41              		.loc 1 31 0
  42 0008 0328     		cmp	r0, #3
  43 000a 18D8     		bhi	.L2
  44 000c DFE800F0 		tbb	[pc, r0]
  45              	.L4:
  46 0010 02       		.byte	(.L3-.L4)/2
  47 0011 06       		.byte	(.L5-.L4)/2
  48 0012 0A       		.byte	(.L6-.L4)/2
  49 0013 0E       		.byte	(.L7-.L4)/2
  50              		.p2align 1
  51              	.L3:
  32:source\bsw/RGB_Led.c ****     {
  33:source\bsw/RGB_Led.c ****         case LED_RED:
  34:source\bsw/RGB_Led.c ****         {
  35:source\bsw/RGB_Led.c ****             Red_Led_Write(ledOnOff);
  52              		.loc 1 35 0
  53 0014 0846     		mov	r0, r1
  54              	.LVL1:
  55 0016 FFF7FEFF 		bl	Red_Led_Write
  56              	.LVL2:
  36:source\bsw/RGB_Led.c ****             break;
  57              		.loc 1 36 0
  58 001a 10E0     		b	.L2
  59              	.LVL3:
  60              	.L5:
  37:source\bsw/RGB_Led.c ****         }
  38:source\bsw/RGB_Led.c ****         case LED_YELLOW:
  39:source\bsw/RGB_Led.c ****         {
  40:source\bsw/RGB_Led.c ****             Yellow_Led_Write(ledOnOff);
  61              		.loc 1 40 0
  62 001c 0846     		mov	r0, r1
  63              	.LVL4:
  64 001e FFF7FEFF 		bl	Yellow_Led_Write
  65              	.LVL5:
  41:source\bsw/RGB_Led.c ****             break;
  66              		.loc 1 41 0
  67 0022 0CE0     		b	.L2
  68              	.LVL6:
  69              	.L6:
  42:source\bsw/RGB_Led.c ****         }
  43:source\bsw/RGB_Led.c ****         case LED_GREEN:
  44:source\bsw/RGB_Led.c ****         {
  45:source\bsw/RGB_Led.c ****             Green_Led_Write(ledOnOff);
ARM GAS  C:\Users\SAISWA~1\AppData\Local\Temp\ccoctcqf.s 			page 3


  70              		.loc 1 45 0
  71 0024 0846     		mov	r0, r1
  72              	.LVL7:
  73 0026 FFF7FEFF 		bl	Green_Led_Write
  74              	.LVL8:
  46:source\bsw/RGB_Led.c ****             break;
  75              		.loc 1 46 0
  76 002a 08E0     		b	.L2
  77              	.LVL9:
  78              	.L7:
  47:source\bsw/RGB_Led.c ****         }
  48:source\bsw/RGB_Led.c ****         case LED_ALL:
  49:source\bsw/RGB_Led.c ****         {
  50:source\bsw/RGB_Led.c ****             Red_Led_Write(ledOnOff);
  79              		.loc 1 50 0
  80 002c 0846     		mov	r0, r1
  81              	.LVL10:
  82 002e FFF7FEFF 		bl	Red_Led_Write
  83              	.LVL11:
  51:source\bsw/RGB_Led.c ****             Yellow_Led_Write(ledOnOff);
  84              		.loc 1 51 0
  85 0032 2046     		mov	r0, r4
  86 0034 FFF7FEFF 		bl	Yellow_Led_Write
  87              	.LVL12:
  52:source\bsw/RGB_Led.c ****             Green_Led_Write(ledOnOff);
  88              		.loc 1 52 0
  89 0038 2046     		mov	r0, r4
  90 003a FFF7FEFF 		bl	Green_Led_Write
  91              	.LVL13:
  92              	.L2:
  53:source\bsw/RGB_Led.c ****             break;
  54:source\bsw/RGB_Led.c ****         }
  55:source\bsw/RGB_Led.c ****         default:
  56:source\bsw/RGB_Led.c ****         break;
  57:source\bsw/RGB_Led.c ****     }
  58:source\bsw/RGB_Led.c ****     
  59:source\bsw/RGB_Led.c ****     return RC_SUCCESS;
  60:source\bsw/RGB_Led.c **** }
  93              		.loc 1 60 0
  94 003e 0020     		movs	r0, #0
  95 0040 10BD     		pop	{r4, pc}
  96              	.L10:
  97 0042 00BF     		.align	2
  98              	.L9:
  99 0044 00000000 		.word	.LANCHOR0
 100              		.cfi_endproc
 101              	.LFE111:
 102              		.size	LED_Set, .-LED_Set
 103              		.section	.text.LED_init,"ax",%progbits
 104              		.align	2
 105              		.global	LED_init
 106              		.thumb
 107              		.thumb_func
 108              		.type	LED_init, %function
 109              	LED_init:
 110              	.LFB110:
  14:source\bsw/RGB_Led.c ****     RGB_PWM_blue_Start();
ARM GAS  C:\Users\SAISWA~1\AppData\Local\Temp\ccoctcqf.s 			page 4


 111              		.loc 1 14 0
 112              		.cfi_startproc
 113              		@ args = 0, pretend = 0, frame = 0
 114              		@ frame_needed = 0, uses_anonymous_args = 0
 115 0000 08B5     		push	{r3, lr}
 116              		.cfi_def_cfa_offset 8
 117              		.cfi_offset 3, -8
 118              		.cfi_offset 14, -4
  15:source\bsw/RGB_Led.c ****     RGB_PWM_green_Start();
 119              		.loc 1 15 0
 120 0002 FFF7FEFF 		bl	RGB_PWM_blue_Start
 121              	.LVL14:
  16:source\bsw/RGB_Led.c ****     RGB_PWM_red_Start();
 122              		.loc 1 16 0
 123 0006 FFF7FEFF 		bl	RGB_PWM_green_Start
 124              	.LVL15:
  17:source\bsw/RGB_Led.c ****     
 125              		.loc 1 17 0
 126 000a FFF7FEFF 		bl	RGB_PWM_red_Start
 127              	.LVL16:
  22:source\bsw/RGB_Led.c ****     
 128              		.loc 1 22 0
 129 000e 0021     		movs	r1, #0
 130 0010 0320     		movs	r0, #3
 131 0012 FFF7FEFF 		bl	LED_Set
 132              	.LVL17:
  25:source\bsw/RGB_Led.c **** 
 133              		.loc 1 25 0
 134 0016 0020     		movs	r0, #0
 135 0018 08BD     		pop	{r3, pc}
 136              		.cfi_endproc
 137              	.LFE110:
 138              		.size	LED_init, .-LED_init
 139 001a 00BF     		.section	.text.LED_Toggle,"ax",%progbits
 140              		.align	2
 141              		.global	LED_Toggle
 142              		.thumb
 143              		.thumb_func
 144              		.type	LED_Toggle, %function
 145              	LED_Toggle:
 146              	.LFB112:
  61:source\bsw/RGB_Led.c **** 
  62:source\bsw/RGB_Led.c **** RC_t LED_Toggle(LED_id_t ledid)
  63:source\bsw/RGB_Led.c **** {
 147              		.loc 1 63 0
 148              		.cfi_startproc
 149              		@ args = 0, pretend = 0, frame = 0
 150              		@ frame_needed = 0, uses_anonymous_args = 0
 151              	.LVL18:
 152 0000 10B5     		push	{r4, lr}
 153              		.cfi_def_cfa_offset 8
 154              		.cfi_offset 4, -8
 155              		.cfi_offset 14, -4
 156 0002 0446     		mov	r4, r0
  64:source\bsw/RGB_Led.c ****     if(LED__state[ledid] == LED_ON)
 157              		.loc 1 64 0
 158 0004 0C4B     		ldr	r3, .L17
ARM GAS  C:\Users\SAISWA~1\AppData\Local\Temp\ccoctcqf.s 			page 5


 159 0006 1B5C     		ldrb	r3, [r3, r0]	@ zero_extendqisi2
 160 0008 012B     		cmp	r3, #1
 161 000a 07D1     		bne	.L14
  65:source\bsw/RGB_Led.c ****     {
  66:source\bsw/RGB_Led.c ****         LED__state[ledid] = LED_OFF;
 162              		.loc 1 66 0
 163 000c 0022     		movs	r2, #0
 164 000e 0A4B     		ldr	r3, .L17
 165 0010 1A54     		strb	r2, [r3, r0]
  67:source\bsw/RGB_Led.c ****         CyDelay(1000);
 166              		.loc 1 67 0
 167 0012 4FF47A70 		mov	r0, #1000
 168              	.LVL19:
 169 0016 FFF7FEFF 		bl	CyDelay
 170              	.LVL20:
 171 001a 06E0     		b	.L15
 172              	.LVL21:
 173              	.L14:
  68:source\bsw/RGB_Led.c ****     }
  69:source\bsw/RGB_Led.c ****     else
  70:source\bsw/RGB_Led.c ****     {
  71:source\bsw/RGB_Led.c ****         LED__state[ledid] = LED_ON;
 174              		.loc 1 71 0
 175 001c 0122     		movs	r2, #1
 176 001e 064B     		ldr	r3, .L17
 177 0020 1A54     		strb	r2, [r3, r0]
  72:source\bsw/RGB_Led.c ****         CyDelay(1000);
 178              		.loc 1 72 0
 179 0022 4FF47A70 		mov	r0, #1000
 180              	.LVL22:
 181 0026 FFF7FEFF 		bl	CyDelay
 182              	.LVL23:
 183              	.L15:
  73:source\bsw/RGB_Led.c ****     }
  74:source\bsw/RGB_Led.c ****     
  75:source\bsw/RGB_Led.c ****     LED_Set(ledid, LED__state[ledid]);
 184              		.loc 1 75 0
 185 002a 034B     		ldr	r3, .L17
 186 002c 195D     		ldrb	r1, [r3, r4]	@ zero_extendqisi2
 187 002e 2046     		mov	r0, r4
 188 0030 FFF7FEFF 		bl	LED_Set
 189              	.LVL24:
  76:source\bsw/RGB_Led.c ****     
  77:source\bsw/RGB_Led.c ****     return RC_SUCCESS;   
  78:source\bsw/RGB_Led.c **** }
 190              		.loc 1 78 0
 191 0034 0020     		movs	r0, #0
 192 0036 10BD     		pop	{r4, pc}
 193              	.L18:
 194              		.align	2
 195              	.L17:
 196 0038 00000000 		.word	.LANCHOR0
 197              		.cfi_endproc
 198              	.LFE112:
 199              		.size	LED_Toggle, .-LED_Toggle
 200              		.section	.text.LED_RGB_Set,"ax",%progbits
 201              		.align	2
ARM GAS  C:\Users\SAISWA~1\AppData\Local\Temp\ccoctcqf.s 			page 6


 202              		.global	LED_RGB_Set
 203              		.thumb
 204              		.thumb_func
 205              		.type	LED_RGB_Set, %function
 206              	LED_RGB_Set:
 207              	.LFB113:
  79:source\bsw/RGB_Led.c **** 
  80:source\bsw/RGB_Led.c **** RC_t LED_RGB_Set(uint8_t red, uint8_t green, uint8_t blue)
  81:source\bsw/RGB_Led.c **** {          
 208              		.loc 1 81 0
 209              		.cfi_startproc
 210              		@ args = 0, pretend = 0, frame = 0
 211              		@ frame_needed = 0, uses_anonymous_args = 0
 212              	.LVL25:
 213 0000 70B5     		push	{r4, r5, r6, lr}
 214              		.cfi_def_cfa_offset 16
 215              		.cfi_offset 4, -16
 216              		.cfi_offset 5, -12
 217              		.cfi_offset 6, -8
 218              		.cfi_offset 14, -4
 219 0002 0546     		mov	r5, r0
 220 0004 0E46     		mov	r6, r1
  82:source\bsw/RGB_Led.c ****         RGB_PWM_blue_WriteCompare(LED__Pulse_Width[blue]);
 221              		.loc 1 82 0
 222 0006 074C     		ldr	r4, .L21
 223 0008 14F81200 		ldrb	r0, [r4, r2, lsl #1]	@ zero_extendqisi2
 224              	.LVL26:
 225 000c FFF7FEFF 		bl	RGB_PWM_blue_WriteCompare
 226              	.LVL27:
  83:source\bsw/RGB_Led.c ****         RGB_PWM_green_WriteCompare(LED__Pulse_Width[green]);
 227              		.loc 1 83 0
 228 0010 14F81600 		ldrb	r0, [r4, r6, lsl #1]	@ zero_extendqisi2
 229 0014 FFF7FEFF 		bl	RGB_PWM_green_WriteCompare
 230              	.LVL28:
  84:source\bsw/RGB_Led.c ****         RGB_PWM_red_WriteCompare(LED__Pulse_Width[red]);
 231              		.loc 1 84 0
 232 0018 14F81500 		ldrb	r0, [r4, r5, lsl #1]	@ zero_extendqisi2
 233 001c FFF7FEFF 		bl	RGB_PWM_red_WriteCompare
 234              	.LVL29:
  85:source\bsw/RGB_Led.c ****     
  86:source\bsw/RGB_Led.c ****     return RC_SUCCESS;
  87:source\bsw/RGB_Led.c **** }...
 235              		.loc 1 87 0
 236 0020 0020     		movs	r0, #0
 237 0022 70BD     		pop	{r4, r5, r6, pc}
 238              	.L22:
 239              		.align	2
 240              	.L21:
 241 0024 00000000 		.word	.LANCHOR1
 242              		.cfi_endproc
 243              	.LFE113:
 244              		.size	LED_RGB_Set, .-LED_RGB_Set
 245              		.section	.rodata
 246              		.align	2
 247              		.set	.LANCHOR1,. + 0
 248              		.type	LED__Pulse_Width, %object
 249              		.size	LED__Pulse_Width, 512
ARM GAS  C:\Users\SAISWA~1\AppData\Local\Temp\ccoctcqf.s 			page 7


 250              	LED__Pulse_Width:
 251 0000 0000     		.short	0
 252 0002 0100     		.short	1
 253 0004 0100     		.short	1
 254 0006 0100     		.short	1
 255 0008 0100     		.short	1
 256 000a 0100     		.short	1
 257 000c 0100     		.short	1
 258 000e 0100     		.short	1
 259 0010 0100     		.short	1
 260 0012 0200     		.short	2
 261 0014 0200     		.short	2
 262 0016 0200     		.short	2
 263 0018 0200     		.short	2
 264 001a 0200     		.short	2
 265 001c 0200     		.short	2
 266 001e 0200     		.short	2
 267 0020 0200     		.short	2
 268 0022 0200     		.short	2
 269 0024 0200     		.short	2
 270 0026 0200     		.short	2
 271 0028 0200     		.short	2
 272 002a 0300     		.short	3
 273 002c 0300     		.short	3
 274 002e 0300     		.short	3
 275 0030 0300     		.short	3
 276 0032 0300     		.short	3
 277 0034 0300     		.short	3
 278 0036 0300     		.short	3
 279 0038 0400     		.short	4
 280 003a 0400     		.short	4
 281 003c 0400     		.short	4
 282 003e 0400     		.short	4
 283 0040 0400     		.short	4
 284 0042 0400     		.short	4
 285 0044 0500     		.short	5
 286 0046 0500     		.short	5
 287 0048 0500     		.short	5
 288 004a 0500     		.short	5
 289 004c 0500     		.short	5
 290 004e 0600     		.short	6
 291 0050 0600     		.short	6
 292 0052 0600     		.short	6
 293 0054 0600     		.short	6
 294 0056 0700     		.short	7
 295 0058 0700     		.short	7
 296 005a 0700     		.short	7
 297 005c 0800     		.short	8
 298 005e 0800     		.short	8
 299 0060 0800     		.short	8
 300 0062 0900     		.short	9
 301 0064 0900     		.short	9
 302 0066 0A00     		.short	10
 303 0068 0A00     		.short	10
 304 006a 0A00     		.short	10
 305 006c 0B00     		.short	11
 306 006e 0B00     		.short	11
ARM GAS  C:\Users\SAISWA~1\AppData\Local\Temp\ccoctcqf.s 			page 8


 307 0070 0C00     		.short	12
 308 0072 0C00     		.short	12
 309 0074 0D00     		.short	13
 310 0076 0D00     		.short	13
 311 0078 0E00     		.short	14
 312 007a 0F00     		.short	15
 313 007c 0F00     		.short	15
 314 007e 1000     		.short	16
 315 0080 1100     		.short	17
 316 0082 1100     		.short	17
 317 0084 1200     		.short	18
 318 0086 1300     		.short	19
 319 0088 1400     		.short	20
 320 008a 1500     		.short	21
 321 008c 1600     		.short	22
 322 008e 1700     		.short	23
 323 0090 1800     		.short	24
 324 0092 1900     		.short	25
 325 0094 1A00     		.short	26
 326 0096 1B00     		.short	27
 327 0098 1C00     		.short	28
 328 009a 1D00     		.short	29
 329 009c 1F00     		.short	31
 330 009e 2000     		.short	32
 331 00a0 2100     		.short	33
 332 00a2 2300     		.short	35
 333 00a4 2400     		.short	36
 334 00a6 2600     		.short	38
 335 00a8 2800     		.short	40
 336 00aa 2900     		.short	41
 337 00ac 2B00     		.short	43
 338 00ae 2D00     		.short	45
 339 00b0 2F00     		.short	47
 340 00b2 3100     		.short	49
 341 00b4 3400     		.short	52
 342 00b6 3600     		.short	54
 343 00b8 3800     		.short	56
 344 00ba 3B00     		.short	59
 345 00bc 3D00     		.short	61
 346 00be 4000     		.short	64
 347 00c0 4300     		.short	67
 348 00c2 4600     		.short	70
 349 00c4 4900     		.short	73
 350 00c6 4C00     		.short	76
 351 00c8 4F00     		.short	79
 352 00ca 5300     		.short	83
 353 00cc 5700     		.short	87
 354 00ce 5B00     		.short	91
 355 00d0 5F00     		.short	95
 356 00d2 6300     		.short	99
 357 00d4 6700     		.short	103
 358 00d6 6C00     		.short	108
 359 00d8 7000     		.short	112
 360 00da 7500     		.short	117
 361 00dc 7B00     		.short	123
 362 00de 8000     		.short	128
 363 00e0 8600     		.short	134
ARM GAS  C:\Users\SAISWA~1\AppData\Local\Temp\ccoctcqf.s 			page 9


 364 00e2 8C00     		.short	140
 365 00e4 9200     		.short	146
 366 00e6 9800     		.short	152
 367 00e8 9F00     		.short	159
 368 00ea A600     		.short	166
 369 00ec AD00     		.short	173
 370 00ee B500     		.short	181
 371 00f0 BD00     		.short	189
 372 00f2 C500     		.short	197
 373 00f4 CE00     		.short	206
 374 00f6 D700     		.short	215
 375 00f8 E100     		.short	225
 376 00fa EB00     		.short	235
 377 00fc F500     		.short	245
 378 00fe 0001     		.short	256
 379 0100 0B01     		.short	267
 380 0102 1701     		.short	279
 381 0104 2401     		.short	292
 382 0106 3001     		.short	304
 383 0108 3E01     		.short	318
 384 010a 4C01     		.short	332
 385 010c 5B01     		.short	347
 386 010e 6A01     		.short	362
 387 0110 7A01     		.short	378
 388 0112 8B01     		.short	395
 389 0114 9C01     		.short	412
 390 0116 AF01     		.short	431
 391 0118 C201     		.short	450
 392 011a D601     		.short	470
 393 011c EA01     		.short	490
 394 011e 0002     		.short	512
 395 0120 1702     		.short	535
 396 0122 2E02     		.short	558
 397 0124 4702     		.short	583
 398 0126 6102     		.short	609
 399 0128 7C02     		.short	636
 400 012a 9802     		.short	664
 401 012c B502     		.short	693
 402 012e D402     		.short	724
 403 0130 F402     		.short	756
 404 0132 1603     		.short	790
 405 0134 3903     		.short	825
 406 0136 5D03     		.short	861
 407 0138 8303     		.short	899
 408 013a AB03     		.short	939
 409 013c D503     		.short	981
 410 013e 0004     		.short	1024
 411 0140 2D04     		.short	1069
 412 0142 5D04     		.short	1117
 413 0144 8E04     		.short	1166
 414 0146 C204     		.short	1218
 415 0148 F804     		.short	1272
 416 014a 3005     		.short	1328
 417 014c 6B05     		.short	1387
 418 014e A805     		.short	1448
 419 0150 E805     		.short	1512
 420 0152 2B06     		.short	1579
ARM GAS  C:\Users\SAISWA~1\AppData\Local\Temp\ccoctcqf.s 			page 10


 421 0154 7106     		.short	1649
 422 0156 BA06     		.short	1722
 423 0158 0607     		.short	1798
 424 015a 5607     		.short	1878
 425 015c A907     		.short	1961
 426 015e 0008     		.short	2048
 427 0160 5B08     		.short	2139
 428 0162 B908     		.short	2233
 429 0164 1C09     		.short	2332
 430 0166 8309     		.short	2435
 431 0168 EF09     		.short	2543
 432 016a 600A     		.short	2656
 433 016c D50A     		.short	2773
 434 016e 500B     		.short	2896
 435 0170 D10B     		.short	3025
 436 0172 560C     		.short	3158
 437 0174 E20C     		.short	3298
 438 0176 740D     		.short	3444
 439 0178 0D0E     		.short	3597
 440 017a AC0E     		.short	3756
 441 017c 520F     		.short	3922
 442 017e 0010     		.short	4096
 443 0180 B510     		.short	4277
 444 0182 7311     		.short	4467
 445 0184 3812     		.short	4664
 446 0186 0713     		.short	4871
 447 0188 DF13     		.short	5087
 448 018a C014     		.short	5312
 449 018c AB15     		.short	5547
 450 018e A116     		.short	5793
 451 0190 A117     		.short	6049
 452 0192 AD18     		.short	6317
 453 0194 C419     		.short	6596
 454 0196 E91A     		.short	6889
 455 0198 1A1C     		.short	7194
 456 019a 581D     		.short	7512
 457 019c A51E     		.short	7845
 458 019e 0020     		.short	8192
 459 01a0 6B21     		.short	8555
 460 01a2 E522     		.short	8933
 461 01a4 7124     		.short	9329
 462 01a6 0E26     		.short	9742
 463 01a8 BD27     		.short	10173
 464 01aa 8029     		.short	10624
 465 01ac 562B     		.short	11094
 466 01ae 412D     		.short	11585
 467 01b0 422F     		.short	12098
 468 01b2 5A31     		.short	12634
 469 01b4 8933     		.short	13193
 470 01b6 D135     		.short	13777
 471 01b8 3338     		.short	14387
 472 01ba B03A     		.short	15024
 473 01bc 493D     		.short	15689
 474 01be 0040     		.short	16384
 475 01c0 D542     		.short	17109
 476 01c2 CB45     		.short	17867
 477 01c4 E248     		.short	18658
ARM GAS  C:\Users\SAISWA~1\AppData\Local\Temp\ccoctcqf.s 			page 11


 478 01c6 1C4C     		.short	19484
 479 01c8 7A4F     		.short	20346
 480 01ca FF52     		.short	21247
 481 01cc AC56     		.short	22188
 482 01ce 825A     		.short	23170
 483 01d0 845E     		.short	24196
 484 01d2 B362     		.short	25267
 485 01d4 1267     		.short	26386
 486 01d6 A26B     		.short	27554
 487 01d8 6670     		.short	28774
 488 01da 6075     		.short	30048
 489 01dc 927A     		.short	31378
 490 01de 0080     		.short	-32768
 491 01e0 AA85     		.short	-31318
 492 01e2 958B     		.short	-29803
 493 01e4 C391     		.short	-28221
 494 01e6 3798     		.short	-26569
 495 01e8 F59E     		.short	-24843
 496 01ea FEA5     		.short	-23042
 497 01ec 58AD     		.short	-21160
 498 01ee 04B5     		.short	-19196
 499 01f0 08BD     		.short	-17144
 500 01f2 66C5     		.short	-15002
 501 01f4 24CE     		.short	-12764
 502 01f6 44D7     		.short	-10428
 503 01f8 CCE0     		.short	-7988
 504 01fa C0EA     		.short	-5440
 505 01fc 25F5     		.short	-2779
 506 01fe FFFF     		.short	-1
 507              		.bss
 508              		.align	2
 509              		.set	.LANCHOR0,. + 0
 510              		.type	LED__state, %object
 511              		.size	LED__state, 3
 512              	LED__state:
 513 0000 000000   		.space	3
 514              		.text
 515              	.Letext0:
 516              		.file 2 "c:\\program files (x86)\\cypress\\psoc creator\\4.4\\psoc creator\\import\\gnu\\arm\\5.4.
 517              		.file 3 "c:\\program files (x86)\\cypress\\psoc creator\\4.4\\psoc creator\\import\\gnu\\arm\\5.4.
 518              		.file 4 "Generated_Source\\PSoC5/cytypes.h"
 519              		.file 5 "Generated_Source\\PSoC5/ErikaOS_1_common_ee_types.inc"
 520              		.file 6 "Generated_Source\\PSoC5/ErikaOS_1_cortex_mx_ee_cpu.inc"
 521              		.file 7 "source\\bsw\\enum.h"
 522              		.file 8 "source\\bsw\\global.h"
 523              		.file 9 "source\\bsw\\RGB_Led.h"
 524              		.file 10 "Generated_Source\\PSoC5/ErikaOS_1_ee_oo_intfunc.inc"
 525              		.file 11 "Generated_Source\\PSoC5/ErikaOS_1_cortex_mx_ee_context.inc"
 526              		.file 12 "Generated_Source\\PSoC5/ErikaOS_1_common_ee_primitives.inc"
 527              		.file 13 "Generated_Source\\PSoC5/core_cm3.h"
 528              		.file 14 "Generated_Source\\PSoC5/Red_Led.h"
 529              		.file 15 "Generated_Source\\PSoC5/Yellow_Led.h"
 530              		.file 16 "Generated_Source\\PSoC5/Green_Led.h"
 531              		.file 17 "Generated_Source\\PSoC5/RGB_PWM_blue.h"
 532              		.file 18 "Generated_Source\\PSoC5/RGB_PWM_green.h"
 533              		.file 19 "Generated_Source\\PSoC5/RGB_PWM_red.h"
 534              		.file 20 "Generated_Source\\PSoC5/CyLib.h"
ARM GAS  C:\Users\SAISWA~1\AppData\Local\Temp\ccoctcqf.s 			page 12


 535              		.section	.debug_info,"",%progbits
 536              	.Ldebug_info0:
 537 0000 54040000 		.4byte	0x454
 538 0004 0400     		.2byte	0x4
 539 0006 00000000 		.4byte	.Ldebug_abbrev0
 540 000a 04       		.byte	0x4
 541 000b 01       		.uleb128 0x1
 542 000c 97020000 		.4byte	.LASF61
 543 0010 0C       		.byte	0xc
 544 0011 D4000000 		.4byte	.LASF62
 545 0015 F7000000 		.4byte	.LASF63
 546 0019 00000000 		.4byte	.Ldebug_ranges0+0
 547 001d 00000000 		.4byte	0
 548 0021 00000000 		.4byte	.Ldebug_line0
 549 0025 02       		.uleb128 0x2
 550 0026 01       		.byte	0x1
 551 0027 06       		.byte	0x6
 552 0028 F5010000 		.4byte	.LASF0
 553 002c 03       		.uleb128 0x3
 554 002d 8D010000 		.4byte	.LASF4
 555 0031 02       		.byte	0x2
 556 0032 1D       		.byte	0x1d
 557 0033 37000000 		.4byte	0x37
 558 0037 02       		.uleb128 0x2
 559 0038 01       		.byte	0x1
 560 0039 08       		.byte	0x8
 561 003a E7010000 		.4byte	.LASF1
 562 003e 02       		.uleb128 0x2
 563 003f 02       		.byte	0x2
 564 0040 05       		.byte	0x5
 565 0041 68000000 		.4byte	.LASF2
 566 0045 02       		.uleb128 0x2
 567 0046 02       		.byte	0x2
 568 0047 07       		.byte	0x7
 569 0048 84020000 		.4byte	.LASF3
 570 004c 03       		.uleb128 0x3
 571 004d B1030000 		.4byte	.LASF5
 572 0051 02       		.byte	0x2
 573 0052 3F       		.byte	0x3f
 574 0053 57000000 		.4byte	0x57
 575 0057 02       		.uleb128 0x2
 576 0058 04       		.byte	0x4
 577 0059 05       		.byte	0x5
 578 005a 63010000 		.4byte	.LASF6
 579 005e 02       		.uleb128 0x2
 580 005f 04       		.byte	0x4
 581 0060 07       		.byte	0x7
 582 0061 75030000 		.4byte	.LASF7
 583 0065 02       		.uleb128 0x2
 584 0066 08       		.byte	0x8
 585 0067 05       		.byte	0x5
 586 0068 E9000000 		.4byte	.LASF8
 587 006c 02       		.uleb128 0x2
 588 006d 08       		.byte	0x8
 589 006e 07       		.byte	0x7
 590 006f 01020000 		.4byte	.LASF9
 591 0073 04       		.uleb128 0x4
ARM GAS  C:\Users\SAISWA~1\AppData\Local\Temp\ccoctcqf.s 			page 13


 592 0074 04       		.byte	0x4
 593 0075 05       		.byte	0x5
 594 0076 696E7400 		.ascii	"int\000"
 595 007a 02       		.uleb128 0x2
 596 007b 04       		.byte	0x4
 597 007c 07       		.byte	0x7
 598 007d 31020000 		.4byte	.LASF10
 599 0081 03       		.uleb128 0x3
 600 0082 B1000000 		.4byte	.LASF11
 601 0086 03       		.byte	0x3
 602 0087 18       		.byte	0x18
 603 0088 2C000000 		.4byte	0x2c
 604 008c 03       		.uleb128 0x3
 605 008d 44030000 		.4byte	.LASF12
 606 0091 03       		.byte	0x3
 607 0092 2C       		.byte	0x2c
 608 0093 4C000000 		.4byte	0x4c
 609 0097 05       		.uleb128 0x5
 610 0098 99000000 		.4byte	.LASF13
 611 009c 04       		.byte	0x4
 612 009d E901     		.2byte	0x1e9
 613 009f 45000000 		.4byte	0x45
 614 00a3 02       		.uleb128 0x2
 615 00a4 04       		.byte	0x4
 616 00a5 04       		.byte	0x4
 617 00a6 CE000000 		.4byte	.LASF14
 618 00aa 02       		.uleb128 0x2
 619 00ab 08       		.byte	0x8
 620 00ac 04       		.byte	0x4
 621 00ad 87030000 		.4byte	.LASF15
 622 00b1 02       		.uleb128 0x2
 623 00b2 01       		.byte	0x1
 624 00b3 08       		.byte	0x8
 625 00b4 3F030000 		.4byte	.LASF16
 626 00b8 02       		.uleb128 0x2
 627 00b9 08       		.byte	0x8
 628 00ba 04       		.byte	0x4
 629 00bb DB010000 		.4byte	.LASF17
 630 00bf 03       		.uleb128 0x3
 631 00c0 72020000 		.4byte	.LASF18
 632 00c4 05       		.byte	0x5
 633 00c5 53       		.byte	0x53
 634 00c6 73000000 		.4byte	0x73
 635 00ca 03       		.uleb128 0x3
 636 00cb 83000000 		.4byte	.LASF19
 637 00cf 05       		.byte	0x5
 638 00d0 54       		.byte	0x54
 639 00d1 7A000000 		.4byte	0x7a
 640 00d5 03       		.uleb128 0x3
 641 00d6 3B000000 		.4byte	.LASF20
 642 00da 06       		.byte	0x6
 643 00db 4D       		.byte	0x4d
 644 00dc CA000000 		.4byte	0xca
 645 00e0 03       		.uleb128 0x3
 646 00e1 7B000000 		.4byte	.LASF21
 647 00e5 06       		.byte	0x6
 648 00e6 4F       		.byte	0x4f
ARM GAS  C:\Users\SAISWA~1\AppData\Local\Temp\ccoctcqf.s 			page 14


 649 00e7 CA000000 		.4byte	0xca
 650 00eb 03       		.uleb128 0x3
 651 00ec 8D000000 		.4byte	.LASF22
 652 00f0 06       		.byte	0x6
 653 00f1 78       		.byte	0x78
 654 00f2 BF000000 		.4byte	0xbf
 655 00f6 02       		.uleb128 0x2
 656 00f7 04       		.byte	0x4
 657 00f8 07       		.byte	0x7
 658 00f9 72000000 		.4byte	.LASF23
 659 00fd 06       		.uleb128 0x6
 660 00fe 01       		.byte	0x1
 661 00ff 37000000 		.4byte	0x37
 662 0103 07       		.byte	0x7
 663 0104 10       		.byte	0x10
 664 0105 16010000 		.4byte	0x116
 665 0109 07       		.uleb128 0x7
 666 010a 46020000 		.4byte	.LASF24
 667 010e 00       		.byte	0
 668 010f 07       		.uleb128 0x7
 669 0110 CF030000 		.4byte	.LASF25
 670 0114 01       		.byte	0x1
 671 0115 00       		.byte	0
 672 0116 03       		.uleb128 0x3
 673 0117 26000000 		.4byte	.LASF26
 674 011b 07       		.byte	0x7
 675 011c 13       		.byte	0x13
 676 011d FD000000 		.4byte	0xfd
 677 0121 06       		.uleb128 0x6
 678 0122 01       		.byte	0x1
 679 0123 37000000 		.4byte	0x37
 680 0127 07       		.byte	0x7
 681 0128 16       		.byte	0x16
 682 0129 46010000 		.4byte	0x146
 683 012d 07       		.uleb128 0x7
 684 012e 85010000 		.4byte	.LASF27
 685 0132 00       		.byte	0
 686 0133 07       		.uleb128 0x7
 687 0134 4E020000 		.4byte	.LASF28
 688 0138 01       		.byte	0x1
 689 0139 07       		.uleb128 0x7
 690 013a 58030000 		.4byte	.LASF29
 691 013e 02       		.byte	0x2
 692 013f 07       		.uleb128 0x7
 693 0140 9C030000 		.4byte	.LASF30
 694 0144 03       		.byte	0x3
 695 0145 00       		.byte	0
 696 0146 03       		.uleb128 0x3
 697 0147 28020000 		.4byte	.LASF31
 698 014b 07       		.byte	0x7
 699 014c 1B       		.byte	0x1b
 700 014d 21010000 		.4byte	0x121
 701 0151 06       		.uleb128 0x6
 702 0152 01       		.byte	0x1
 703 0153 37000000 		.4byte	0x37
 704 0157 08       		.byte	0x8
 705 0158 C3       		.byte	0xc3
ARM GAS  C:\Users\SAISWA~1\AppData\Local\Temp\ccoctcqf.s 			page 15


 706 0159 70010000 		.4byte	0x170
 707 015d 07       		.uleb128 0x7
 708 015e 43000000 		.4byte	.LASF32
 709 0162 00       		.byte	0
 710 0163 07       		.uleb128 0x7
 711 0164 E3030000 		.4byte	.LASF33
 712 0168 01       		.byte	0x1
 713 0169 07       		.uleb128 0x7
 714 016a A4030000 		.4byte	.LASF34
 715 016e 02       		.byte	0x2
 716 016f 00       		.byte	0
 717 0170 03       		.uleb128 0x3
 718 0171 12040000 		.4byte	.LASF35
 719 0175 08       		.byte	0x8
 720 0176 C7       		.byte	0xc7
 721 0177 51010000 		.4byte	0x151
 722 017b 08       		.uleb128 0x8
 723 017c 3E020000 		.4byte	.LASF38
 724 0180 01       		.byte	0x1
 725 0181 1B       		.byte	0x1b
 726 0182 70010000 		.4byte	0x170
 727 0186 00000000 		.4byte	.LFB111
 728 018a 48000000 		.4byte	.LFE111-.LFB111
 729 018e 01       		.uleb128 0x1
 730 018f 9C       		.byte	0x9c
 731 0190 27020000 		.4byte	0x227
 732 0194 09       		.uleb128 0x9
 733 0195 F4030000 		.4byte	.LASF36
 734 0199 01       		.byte	0x1
 735 019a 1B       		.byte	0x1b
 736 019b 46010000 		.4byte	0x146
 737 019f 00000000 		.4byte	.LLST0
 738 01a3 09       		.uleb128 0x9
 739 01a4 7B020000 		.4byte	.LASF37
 740 01a8 01       		.byte	0x1
 741 01a9 1B       		.byte	0x1b
 742 01aa 16010000 		.4byte	0x116
 743 01ae 6C000000 		.4byte	.LLST1
 744 01b2 0A       		.uleb128 0xa
 745 01b3 1A000000 		.4byte	.LVL2
 746 01b7 E9030000 		.4byte	0x3e9
 747 01bb C6010000 		.4byte	0x1c6
 748 01bf 0B       		.uleb128 0xb
 749 01c0 01       		.uleb128 0x1
 750 01c1 50       		.byte	0x50
 751 01c2 02       		.uleb128 0x2
 752 01c3 74       		.byte	0x74
 753 01c4 00       		.sleb128 0
 754 01c5 00       		.byte	0
 755 01c6 0A       		.uleb128 0xa
 756 01c7 22000000 		.4byte	.LVL5
 757 01cb F4030000 		.4byte	0x3f4
 758 01cf DA010000 		.4byte	0x1da
 759 01d3 0B       		.uleb128 0xb
 760 01d4 01       		.uleb128 0x1
 761 01d5 50       		.byte	0x50
 762 01d6 02       		.uleb128 0x2
ARM GAS  C:\Users\SAISWA~1\AppData\Local\Temp\ccoctcqf.s 			page 16


 763 01d7 74       		.byte	0x74
 764 01d8 00       		.sleb128 0
 765 01d9 00       		.byte	0
 766 01da 0A       		.uleb128 0xa
 767 01db 2A000000 		.4byte	.LVL8
 768 01df FF030000 		.4byte	0x3ff
 769 01e3 EE010000 		.4byte	0x1ee
 770 01e7 0B       		.uleb128 0xb
 771 01e8 01       		.uleb128 0x1
 772 01e9 50       		.byte	0x50
 773 01ea 02       		.uleb128 0x2
 774 01eb 74       		.byte	0x74
 775 01ec 00       		.sleb128 0
 776 01ed 00       		.byte	0
 777 01ee 0A       		.uleb128 0xa
 778 01ef 32000000 		.4byte	.LVL11
 779 01f3 E9030000 		.4byte	0x3e9
 780 01f7 02020000 		.4byte	0x202
 781 01fb 0B       		.uleb128 0xb
 782 01fc 01       		.uleb128 0x1
 783 01fd 50       		.byte	0x50
 784 01fe 02       		.uleb128 0x2
 785 01ff 74       		.byte	0x74
 786 0200 00       		.sleb128 0
 787 0201 00       		.byte	0
 788 0202 0A       		.uleb128 0xa
 789 0203 38000000 		.4byte	.LVL12
 790 0207 F4030000 		.4byte	0x3f4
 791 020b 16020000 		.4byte	0x216
 792 020f 0B       		.uleb128 0xb
 793 0210 01       		.uleb128 0x1
 794 0211 50       		.byte	0x50
 795 0212 02       		.uleb128 0x2
 796 0213 74       		.byte	0x74
 797 0214 00       		.sleb128 0
 798 0215 00       		.byte	0
 799 0216 0C       		.uleb128 0xc
 800 0217 3E000000 		.4byte	.LVL13
 801 021b FF030000 		.4byte	0x3ff
 802 021f 0B       		.uleb128 0xb
 803 0220 01       		.uleb128 0x1
 804 0221 50       		.byte	0x50
 805 0222 02       		.uleb128 0x2
 806 0223 74       		.byte	0x74
 807 0224 00       		.sleb128 0
 808 0225 00       		.byte	0
 809 0226 00       		.byte	0
 810 0227 0D       		.uleb128 0xd
 811 0228 4E000000 		.4byte	.LASF64
 812 022c 01       		.byte	0x1
 813 022d 0D       		.byte	0xd
 814 022e 70010000 		.4byte	0x170
 815 0232 00000000 		.4byte	.LFB110
 816 0236 1A000000 		.4byte	.LFE110-.LFB110
 817 023a 01       		.uleb128 0x1
 818 023b 9C       		.byte	0x9c
 819 023c 70020000 		.4byte	0x270
ARM GAS  C:\Users\SAISWA~1\AppData\Local\Temp\ccoctcqf.s 			page 17


 820 0240 0E       		.uleb128 0xe
 821 0241 06000000 		.4byte	.LVL14
 822 0245 0A040000 		.4byte	0x40a
 823 0249 0E       		.uleb128 0xe
 824 024a 0A000000 		.4byte	.LVL15
 825 024e 15040000 		.4byte	0x415
 826 0252 0E       		.uleb128 0xe
 827 0253 0E000000 		.4byte	.LVL16
 828 0257 20040000 		.4byte	0x420
 829 025b 0C       		.uleb128 0xc
 830 025c 16000000 		.4byte	.LVL17
 831 0260 7B010000 		.4byte	0x17b
 832 0264 0B       		.uleb128 0xb
 833 0265 01       		.uleb128 0x1
 834 0266 50       		.byte	0x50
 835 0267 01       		.uleb128 0x1
 836 0268 33       		.byte	0x33
 837 0269 0B       		.uleb128 0xb
 838 026a 01       		.uleb128 0x1
 839 026b 51       		.byte	0x51
 840 026c 01       		.uleb128 0x1
 841 026d 30       		.byte	0x30
 842 026e 00       		.byte	0
 843 026f 00       		.byte	0
 844 0270 08       		.uleb128 0x8
 845 0271 00000000 		.4byte	.LASF39
 846 0275 01       		.byte	0x1
 847 0276 3E       		.byte	0x3e
 848 0277 70010000 		.4byte	0x170
 849 027b 00000000 		.4byte	.LFB112
 850 027f 3C000000 		.4byte	.LFE112-.LFB112
 851 0283 01       		.uleb128 0x1
 852 0284 9C       		.byte	0x9c
 853 0285 D3020000 		.4byte	0x2d3
 854 0289 09       		.uleb128 0x9
 855 028a F4030000 		.4byte	.LASF36
 856 028e 01       		.byte	0x1
 857 028f 3E       		.byte	0x3e
 858 0290 46010000 		.4byte	0x146
 859 0294 D8000000 		.4byte	.LLST2
 860 0298 0A       		.uleb128 0xa
 861 0299 1A000000 		.4byte	.LVL20
 862 029d 2B040000 		.4byte	0x42b
 863 02a1 AD020000 		.4byte	0x2ad
 864 02a5 0B       		.uleb128 0xb
 865 02a6 01       		.uleb128 0x1
 866 02a7 50       		.byte	0x50
 867 02a8 03       		.uleb128 0x3
 868 02a9 0A       		.byte	0xa
 869 02aa E803     		.2byte	0x3e8
 870 02ac 00       		.byte	0
 871 02ad 0A       		.uleb128 0xa
 872 02ae 2A000000 		.4byte	.LVL23
 873 02b2 2B040000 		.4byte	0x42b
 874 02b6 C2020000 		.4byte	0x2c2
 875 02ba 0B       		.uleb128 0xb
 876 02bb 01       		.uleb128 0x1
ARM GAS  C:\Users\SAISWA~1\AppData\Local\Temp\ccoctcqf.s 			page 18


 877 02bc 50       		.byte	0x50
 878 02bd 03       		.uleb128 0x3
 879 02be 0A       		.byte	0xa
 880 02bf E803     		.2byte	0x3e8
 881 02c1 00       		.byte	0
 882 02c2 0C       		.uleb128 0xc
 883 02c3 34000000 		.4byte	.LVL24
 884 02c7 7B010000 		.4byte	0x17b
 885 02cb 0B       		.uleb128 0xb
 886 02cc 01       		.uleb128 0x1
 887 02cd 50       		.byte	0x50
 888 02ce 02       		.uleb128 0x2
 889 02cf 74       		.byte	0x74
 890 02d0 00       		.sleb128 0
 891 02d1 00       		.byte	0
 892 02d2 00       		.byte	0
 893 02d3 08       		.uleb128 0x8
 894 02d4 4C030000 		.4byte	.LASF40
 895 02d8 01       		.byte	0x1
 896 02d9 50       		.byte	0x50
 897 02da 70010000 		.4byte	0x170
 898 02de 00000000 		.4byte	.LFB113
 899 02e2 28000000 		.4byte	.LFE113-.LFB113
 900 02e6 01       		.uleb128 0x1
 901 02e7 9C       		.byte	0x9c
 902 02e8 55030000 		.4byte	0x355
 903 02ec 0F       		.uleb128 0xf
 904 02ed 72656400 		.ascii	"red\000"
 905 02f1 01       		.byte	0x1
 906 02f2 50       		.byte	0x50
 907 02f3 81000000 		.4byte	0x81
 908 02f7 12010000 		.4byte	.LLST3
 909 02fb 09       		.uleb128 0x9
 910 02fc A9010000 		.4byte	.LASF41
 911 0300 01       		.byte	0x1
 912 0301 50       		.byte	0x50
 913 0302 81000000 		.4byte	0x81
 914 0306 33010000 		.4byte	.LLST4
 915 030a 09       		.uleb128 0x9
 916 030b 94000000 		.4byte	.LASF42
 917 030f 01       		.byte	0x1
 918 0310 50       		.byte	0x50
 919 0311 81000000 		.4byte	0x81
 920 0315 54010000 		.4byte	.LLST5
 921 0319 0E       		.uleb128 0xe
 922 031a 10000000 		.4byte	.LVL27
 923 031e 36040000 		.4byte	0x436
 924 0322 0A       		.uleb128 0xa
 925 0323 18000000 		.4byte	.LVL28
 926 0327 41040000 		.4byte	0x441
 927 032b 3D030000 		.4byte	0x33d
 928 032f 0B       		.uleb128 0xb
 929 0330 01       		.uleb128 0x1
 930 0331 50       		.byte	0x50
 931 0332 09       		.uleb128 0x9
 932 0333 76       		.byte	0x76
 933 0334 00       		.sleb128 0
ARM GAS  C:\Users\SAISWA~1\AppData\Local\Temp\ccoctcqf.s 			page 19


 934 0335 31       		.byte	0x31
 935 0336 24       		.byte	0x24
 936 0337 74       		.byte	0x74
 937 0338 00       		.sleb128 0
 938 0339 22       		.byte	0x22
 939 033a 94       		.byte	0x94
 940 033b 01       		.byte	0x1
 941 033c 00       		.byte	0
 942 033d 0C       		.uleb128 0xc
 943 033e 20000000 		.4byte	.LVL29
 944 0342 4C040000 		.4byte	0x44c
 945 0346 0B       		.uleb128 0xb
 946 0347 01       		.uleb128 0x1
 947 0348 50       		.byte	0x50
 948 0349 09       		.uleb128 0x9
 949 034a 75       		.byte	0x75
 950 034b 00       		.sleb128 0
 951 034c 31       		.byte	0x31
 952 034d 24       		.byte	0x24
 953 034e 74       		.byte	0x74
 954 034f 00       		.sleb128 0
 955 0350 22       		.byte	0x22
 956 0351 94       		.byte	0x94
 957 0352 01       		.byte	0x1
 958 0353 00       		.byte	0
 959 0354 00       		.byte	0
 960 0355 10       		.uleb128 0x10
 961 0356 65030000 		.4byte	0x365
 962 035a 65030000 		.4byte	0x365
 963 035e 11       		.uleb128 0x11
 964 035f F6000000 		.4byte	0xf6
 965 0363 FF       		.byte	0xff
 966 0364 00       		.byte	0
 967 0365 12       		.uleb128 0x12
 968 0366 97000000 		.4byte	0x97
 969 036a 13       		.uleb128 0x13
 970 036b 57000000 		.4byte	.LASF43
 971 036f 09       		.byte	0x9
 972 0370 08       		.byte	0x8
 973 0371 7B030000 		.4byte	0x37b
 974 0375 05       		.uleb128 0x5
 975 0376 03       		.byte	0x3
 976 0377 00000000 		.4byte	LED__Pulse_Width
 977 037b 12       		.uleb128 0x12
 978 037c 55030000 		.4byte	0x355
 979 0380 10       		.uleb128 0x10
 980 0381 16010000 		.4byte	0x116
 981 0385 90030000 		.4byte	0x390
 982 0389 11       		.uleb128 0x11
 983 038a F6000000 		.4byte	0xf6
 984 038e 02       		.byte	0x2
 985 038f 00       		.byte	0
 986 0390 13       		.uleb128 0x13
 987 0391 30000000 		.4byte	.LASF44
 988 0395 01       		.byte	0x1
 989 0396 03       		.byte	0x3
 990 0397 80030000 		.4byte	0x380
ARM GAS  C:\Users\SAISWA~1\AppData\Local\Temp\ccoctcqf.s 			page 20


 991 039b 05       		.uleb128 0x5
 992 039c 03       		.byte	0x3
 993 039d 00000000 		.4byte	LED__state
 994 03a1 14       		.uleb128 0x14
 995 03a2 FA030000 		.4byte	.LASF45
 996 03a6 0A       		.byte	0xa
 997 03a7 40       		.byte	0x40
 998 03a8 D5000000 		.4byte	0xd5
 999 03ac 14       		.uleb128 0x14
 1000 03ad 6C010000 		.4byte	.LASF46
 1001 03b1 0A       		.byte	0xa
 1002 03b2 47       		.byte	0x47
 1003 03b3 E0000000 		.4byte	0xe0
 1004 03b7 14       		.uleb128 0x14
 1005 03b8 62030000 		.4byte	.LASF47
 1006 03bc 0A       		.byte	0xa
 1007 03bd 4A       		.byte	0x4a
 1008 03be D5000000 		.4byte	0xd5
 1009 03c2 14       		.uleb128 0x14
 1010 03c3 59020000 		.4byte	.LASF48
 1011 03c7 0B       		.byte	0xb
 1012 03c8 48       		.byte	0x48
 1013 03c9 EB000000 		.4byte	0xeb
 1014 03cd 14       		.uleb128 0x14
 1015 03ce B9000000 		.4byte	.LASF49
 1016 03d2 0C       		.byte	0xc
 1017 03d3 44       		.byte	0x44
 1018 03d4 D5000000 		.4byte	0xd5
 1019 03d8 15       		.uleb128 0x15
 1020 03d9 D6030000 		.4byte	.LASF50
 1021 03dd 0D       		.byte	0xd
 1022 03de 1207     		.2byte	0x712
 1023 03e0 E4030000 		.4byte	0x3e4
 1024 03e4 16       		.uleb128 0x16
 1025 03e5 8C000000 		.4byte	0x8c
 1026 03e9 17       		.uleb128 0x17
 1027 03ea 8E030000 		.4byte	.LASF51
 1028 03ee 8E030000 		.4byte	.LASF51
 1029 03f2 0E       		.byte	0xe
 1030 03f3 26       		.byte	0x26
 1031 03f4 17       		.uleb128 0x17
 1032 03f5 A0000000 		.4byte	.LASF52
 1033 03f9 A0000000 		.4byte	.LASF52
 1034 03fd 0F       		.byte	0xf
 1035 03fe 26       		.byte	0x26
 1036 03ff 17       		.uleb128 0x17
 1037 0400 18020000 		.4byte	.LASF53
 1038 0404 18020000 		.4byte	.LASF53
 1039 0408 10       		.byte	0x10
 1040 0409 26       		.byte	0x26
 1041 040a 17       		.uleb128 0x17
 1042 040b C8010000 		.4byte	.LASF54
 1043 040f C8010000 		.4byte	.LASF54
 1044 0413 11       		.byte	0x11
 1045 0414 92       		.byte	0x92
 1046 0415 17       		.uleb128 0x17
 1047 0416 BB030000 		.4byte	.LASF55
ARM GAS  C:\Users\SAISWA~1\AppData\Local\Temp\ccoctcqf.s 			page 21


 1048 041a BB030000 		.4byte	.LASF55
 1049 041e 12       		.byte	0x12
 1050 041f 92       		.byte	0x92
 1051 0420 17       		.uleb128 0x17
 1052 0421 97010000 		.4byte	.LASF56
 1053 0425 97010000 		.4byte	.LASF56
 1054 0429 13       		.byte	0x13
 1055 042a 92       		.byte	0x92
 1056 042b 17       		.uleb128 0x17
 1057 042c EC030000 		.4byte	.LASF57
 1058 0430 EC030000 		.4byte	.LASF57
 1059 0434 14       		.byte	0x14
 1060 0435 76       		.byte	0x76
 1061 0436 17       		.uleb128 0x17
 1062 0437 25030000 		.4byte	.LASF58
 1063 043b 25030000 		.4byte	.LASF58
 1064 043f 11       		.byte	0x11
 1065 0440 C3       		.byte	0xc3
 1066 0441 17       		.uleb128 0x17
 1067 0442 0B000000 		.4byte	.LASF59
 1068 0446 0B000000 		.4byte	.LASF59
 1069 044a 12       		.byte	0x12
 1070 044b C3       		.byte	0xc3
 1071 044c 17       		.uleb128 0x17
 1072 044d AF010000 		.4byte	.LASF60
 1073 0451 AF010000 		.4byte	.LASF60
 1074 0455 13       		.byte	0x13
 1075 0456 C3       		.byte	0xc3
 1076 0457 00       		.byte	0
 1077              		.section	.debug_abbrev,"",%progbits
 1078              	.Ldebug_abbrev0:
 1079 0000 01       		.uleb128 0x1
 1080 0001 11       		.uleb128 0x11
 1081 0002 01       		.byte	0x1
 1082 0003 25       		.uleb128 0x25
 1083 0004 0E       		.uleb128 0xe
 1084 0005 13       		.uleb128 0x13
 1085 0006 0B       		.uleb128 0xb
 1086 0007 03       		.uleb128 0x3
 1087 0008 0E       		.uleb128 0xe
 1088 0009 1B       		.uleb128 0x1b
 1089 000a 0E       		.uleb128 0xe
 1090 000b 55       		.uleb128 0x55
 1091 000c 17       		.uleb128 0x17
 1092 000d 11       		.uleb128 0x11
 1093 000e 01       		.uleb128 0x1
 1094 000f 10       		.uleb128 0x10
 1095 0010 17       		.uleb128 0x17
 1096 0011 00       		.byte	0
 1097 0012 00       		.byte	0
 1098 0013 02       		.uleb128 0x2
 1099 0014 24       		.uleb128 0x24
 1100 0015 00       		.byte	0
 1101 0016 0B       		.uleb128 0xb
 1102 0017 0B       		.uleb128 0xb
 1103 0018 3E       		.uleb128 0x3e
 1104 0019 0B       		.uleb128 0xb
ARM GAS  C:\Users\SAISWA~1\AppData\Local\Temp\ccoctcqf.s 			page 22


 1105 001a 03       		.uleb128 0x3
 1106 001b 0E       		.uleb128 0xe
 1107 001c 00       		.byte	0
 1108 001d 00       		.byte	0
 1109 001e 03       		.uleb128 0x3
 1110 001f 16       		.uleb128 0x16
 1111 0020 00       		.byte	0
 1112 0021 03       		.uleb128 0x3
 1113 0022 0E       		.uleb128 0xe
 1114 0023 3A       		.uleb128 0x3a
 1115 0024 0B       		.uleb128 0xb
 1116 0025 3B       		.uleb128 0x3b
 1117 0026 0B       		.uleb128 0xb
 1118 0027 49       		.uleb128 0x49
 1119 0028 13       		.uleb128 0x13
 1120 0029 00       		.byte	0
 1121 002a 00       		.byte	0
 1122 002b 04       		.uleb128 0x4
 1123 002c 24       		.uleb128 0x24
 1124 002d 00       		.byte	0
 1125 002e 0B       		.uleb128 0xb
 1126 002f 0B       		.uleb128 0xb
 1127 0030 3E       		.uleb128 0x3e
 1128 0031 0B       		.uleb128 0xb
 1129 0032 03       		.uleb128 0x3
 1130 0033 08       		.uleb128 0x8
 1131 0034 00       		.byte	0
 1132 0035 00       		.byte	0
 1133 0036 05       		.uleb128 0x5
 1134 0037 16       		.uleb128 0x16
 1135 0038 00       		.byte	0
 1136 0039 03       		.uleb128 0x3
 1137 003a 0E       		.uleb128 0xe
 1138 003b 3A       		.uleb128 0x3a
 1139 003c 0B       		.uleb128 0xb
 1140 003d 3B       		.uleb128 0x3b
 1141 003e 05       		.uleb128 0x5
 1142 003f 49       		.uleb128 0x49
 1143 0040 13       		.uleb128 0x13
 1144 0041 00       		.byte	0
 1145 0042 00       		.byte	0
 1146 0043 06       		.uleb128 0x6
 1147 0044 04       		.uleb128 0x4
 1148 0045 01       		.byte	0x1
 1149 0046 0B       		.uleb128 0xb
 1150 0047 0B       		.uleb128 0xb
 1151 0048 49       		.uleb128 0x49
 1152 0049 13       		.uleb128 0x13
 1153 004a 3A       		.uleb128 0x3a
 1154 004b 0B       		.uleb128 0xb
 1155 004c 3B       		.uleb128 0x3b
 1156 004d 0B       		.uleb128 0xb
 1157 004e 01       		.uleb128 0x1
 1158 004f 13       		.uleb128 0x13
 1159 0050 00       		.byte	0
 1160 0051 00       		.byte	0
 1161 0052 07       		.uleb128 0x7
ARM GAS  C:\Users\SAISWA~1\AppData\Local\Temp\ccoctcqf.s 			page 23


 1162 0053 28       		.uleb128 0x28
 1163 0054 00       		.byte	0
 1164 0055 03       		.uleb128 0x3
 1165 0056 0E       		.uleb128 0xe
 1166 0057 1C       		.uleb128 0x1c
 1167 0058 0B       		.uleb128 0xb
 1168 0059 00       		.byte	0
 1169 005a 00       		.byte	0
 1170 005b 08       		.uleb128 0x8
 1171 005c 2E       		.uleb128 0x2e
 1172 005d 01       		.byte	0x1
 1173 005e 3F       		.uleb128 0x3f
 1174 005f 19       		.uleb128 0x19
 1175 0060 03       		.uleb128 0x3
 1176 0061 0E       		.uleb128 0xe
 1177 0062 3A       		.uleb128 0x3a
 1178 0063 0B       		.uleb128 0xb
 1179 0064 3B       		.uleb128 0x3b
 1180 0065 0B       		.uleb128 0xb
 1181 0066 27       		.uleb128 0x27
 1182 0067 19       		.uleb128 0x19
 1183 0068 49       		.uleb128 0x49
 1184 0069 13       		.uleb128 0x13
 1185 006a 11       		.uleb128 0x11
 1186 006b 01       		.uleb128 0x1
 1187 006c 12       		.uleb128 0x12
 1188 006d 06       		.uleb128 0x6
 1189 006e 40       		.uleb128 0x40
 1190 006f 18       		.uleb128 0x18
 1191 0070 9742     		.uleb128 0x2117
 1192 0072 19       		.uleb128 0x19
 1193 0073 01       		.uleb128 0x1
 1194 0074 13       		.uleb128 0x13
 1195 0075 00       		.byte	0
 1196 0076 00       		.byte	0
 1197 0077 09       		.uleb128 0x9
 1198 0078 05       		.uleb128 0x5
 1199 0079 00       		.byte	0
 1200 007a 03       		.uleb128 0x3
 1201 007b 0E       		.uleb128 0xe
 1202 007c 3A       		.uleb128 0x3a
 1203 007d 0B       		.uleb128 0xb
 1204 007e 3B       		.uleb128 0x3b
 1205 007f 0B       		.uleb128 0xb
 1206 0080 49       		.uleb128 0x49
 1207 0081 13       		.uleb128 0x13
 1208 0082 02       		.uleb128 0x2
 1209 0083 17       		.uleb128 0x17
 1210 0084 00       		.byte	0
 1211 0085 00       		.byte	0
 1212 0086 0A       		.uleb128 0xa
 1213 0087 898201   		.uleb128 0x4109
 1214 008a 01       		.byte	0x1
 1215 008b 11       		.uleb128 0x11
 1216 008c 01       		.uleb128 0x1
 1217 008d 31       		.uleb128 0x31
 1218 008e 13       		.uleb128 0x13
ARM GAS  C:\Users\SAISWA~1\AppData\Local\Temp\ccoctcqf.s 			page 24


 1219 008f 01       		.uleb128 0x1
 1220 0090 13       		.uleb128 0x13
 1221 0091 00       		.byte	0
 1222 0092 00       		.byte	0
 1223 0093 0B       		.uleb128 0xb
 1224 0094 8A8201   		.uleb128 0x410a
 1225 0097 00       		.byte	0
 1226 0098 02       		.uleb128 0x2
 1227 0099 18       		.uleb128 0x18
 1228 009a 9142     		.uleb128 0x2111
 1229 009c 18       		.uleb128 0x18
 1230 009d 00       		.byte	0
 1231 009e 00       		.byte	0
 1232 009f 0C       		.uleb128 0xc
 1233 00a0 898201   		.uleb128 0x4109
 1234 00a3 01       		.byte	0x1
 1235 00a4 11       		.uleb128 0x11
 1236 00a5 01       		.uleb128 0x1
 1237 00a6 31       		.uleb128 0x31
 1238 00a7 13       		.uleb128 0x13
 1239 00a8 00       		.byte	0
 1240 00a9 00       		.byte	0
 1241 00aa 0D       		.uleb128 0xd
 1242 00ab 2E       		.uleb128 0x2e
 1243 00ac 01       		.byte	0x1
 1244 00ad 3F       		.uleb128 0x3f
 1245 00ae 19       		.uleb128 0x19
 1246 00af 03       		.uleb128 0x3
 1247 00b0 0E       		.uleb128 0xe
 1248 00b1 3A       		.uleb128 0x3a
 1249 00b2 0B       		.uleb128 0xb
 1250 00b3 3B       		.uleb128 0x3b
 1251 00b4 0B       		.uleb128 0xb
 1252 00b5 49       		.uleb128 0x49
 1253 00b6 13       		.uleb128 0x13
 1254 00b7 11       		.uleb128 0x11
 1255 00b8 01       		.uleb128 0x1
 1256 00b9 12       		.uleb128 0x12
 1257 00ba 06       		.uleb128 0x6
 1258 00bb 40       		.uleb128 0x40
 1259 00bc 18       		.uleb128 0x18
 1260 00bd 9742     		.uleb128 0x2117
 1261 00bf 19       		.uleb128 0x19
 1262 00c0 01       		.uleb128 0x1
 1263 00c1 13       		.uleb128 0x13
 1264 00c2 00       		.byte	0
 1265 00c3 00       		.byte	0
 1266 00c4 0E       		.uleb128 0xe
 1267 00c5 898201   		.uleb128 0x4109
 1268 00c8 00       		.byte	0
 1269 00c9 11       		.uleb128 0x11
 1270 00ca 01       		.uleb128 0x1
 1271 00cb 31       		.uleb128 0x31
 1272 00cc 13       		.uleb128 0x13
 1273 00cd 00       		.byte	0
 1274 00ce 00       		.byte	0
 1275 00cf 0F       		.uleb128 0xf
ARM GAS  C:\Users\SAISWA~1\AppData\Local\Temp\ccoctcqf.s 			page 25


 1276 00d0 05       		.uleb128 0x5
 1277 00d1 00       		.byte	0
 1278 00d2 03       		.uleb128 0x3
 1279 00d3 08       		.uleb128 0x8
 1280 00d4 3A       		.uleb128 0x3a
 1281 00d5 0B       		.uleb128 0xb
 1282 00d6 3B       		.uleb128 0x3b
 1283 00d7 0B       		.uleb128 0xb
 1284 00d8 49       		.uleb128 0x49
 1285 00d9 13       		.uleb128 0x13
 1286 00da 02       		.uleb128 0x2
 1287 00db 17       		.uleb128 0x17
 1288 00dc 00       		.byte	0
 1289 00dd 00       		.byte	0
 1290 00de 10       		.uleb128 0x10
 1291 00df 01       		.uleb128 0x1
 1292 00e0 01       		.byte	0x1
 1293 00e1 49       		.uleb128 0x49
 1294 00e2 13       		.uleb128 0x13
 1295 00e3 01       		.uleb128 0x1
 1296 00e4 13       		.uleb128 0x13
 1297 00e5 00       		.byte	0
 1298 00e6 00       		.byte	0
 1299 00e7 11       		.uleb128 0x11
 1300 00e8 21       		.uleb128 0x21
 1301 00e9 00       		.byte	0
 1302 00ea 49       		.uleb128 0x49
 1303 00eb 13       		.uleb128 0x13
 1304 00ec 2F       		.uleb128 0x2f
 1305 00ed 0B       		.uleb128 0xb
 1306 00ee 00       		.byte	0
 1307 00ef 00       		.byte	0
 1308 00f0 12       		.uleb128 0x12
 1309 00f1 26       		.uleb128 0x26
 1310 00f2 00       		.byte	0
 1311 00f3 49       		.uleb128 0x49
 1312 00f4 13       		.uleb128 0x13
 1313 00f5 00       		.byte	0
 1314 00f6 00       		.byte	0
 1315 00f7 13       		.uleb128 0x13
 1316 00f8 34       		.uleb128 0x34
 1317 00f9 00       		.byte	0
 1318 00fa 03       		.uleb128 0x3
 1319 00fb 0E       		.uleb128 0xe
 1320 00fc 3A       		.uleb128 0x3a
 1321 00fd 0B       		.uleb128 0xb
 1322 00fe 3B       		.uleb128 0x3b
 1323 00ff 0B       		.uleb128 0xb
 1324 0100 49       		.uleb128 0x49
 1325 0101 13       		.uleb128 0x13
 1326 0102 02       		.uleb128 0x2
 1327 0103 18       		.uleb128 0x18
 1328 0104 00       		.byte	0
 1329 0105 00       		.byte	0
 1330 0106 14       		.uleb128 0x14
 1331 0107 34       		.uleb128 0x34
 1332 0108 00       		.byte	0
ARM GAS  C:\Users\SAISWA~1\AppData\Local\Temp\ccoctcqf.s 			page 26


 1333 0109 03       		.uleb128 0x3
 1334 010a 0E       		.uleb128 0xe
 1335 010b 3A       		.uleb128 0x3a
 1336 010c 0B       		.uleb128 0xb
 1337 010d 3B       		.uleb128 0x3b
 1338 010e 0B       		.uleb128 0xb
 1339 010f 49       		.uleb128 0x49
 1340 0110 13       		.uleb128 0x13
 1341 0111 3F       		.uleb128 0x3f
 1342 0112 19       		.uleb128 0x19
 1343 0113 3C       		.uleb128 0x3c
 1344 0114 19       		.uleb128 0x19
 1345 0115 00       		.byte	0
 1346 0116 00       		.byte	0
 1347 0117 15       		.uleb128 0x15
 1348 0118 34       		.uleb128 0x34
 1349 0119 00       		.byte	0
 1350 011a 03       		.uleb128 0x3
 1351 011b 0E       		.uleb128 0xe
 1352 011c 3A       		.uleb128 0x3a
 1353 011d 0B       		.uleb128 0xb
 1354 011e 3B       		.uleb128 0x3b
 1355 011f 05       		.uleb128 0x5
 1356 0120 49       		.uleb128 0x49
 1357 0121 13       		.uleb128 0x13
 1358 0122 3F       		.uleb128 0x3f
 1359 0123 19       		.uleb128 0x19
 1360 0124 3C       		.uleb128 0x3c
 1361 0125 19       		.uleb128 0x19
 1362 0126 00       		.byte	0
 1363 0127 00       		.byte	0
 1364 0128 16       		.uleb128 0x16
 1365 0129 35       		.uleb128 0x35
 1366 012a 00       		.byte	0
 1367 012b 49       		.uleb128 0x49
 1368 012c 13       		.uleb128 0x13
 1369 012d 00       		.byte	0
 1370 012e 00       		.byte	0
 1371 012f 17       		.uleb128 0x17
 1372 0130 2E       		.uleb128 0x2e
 1373 0131 00       		.byte	0
 1374 0132 3F       		.uleb128 0x3f
 1375 0133 19       		.uleb128 0x19
 1376 0134 3C       		.uleb128 0x3c
 1377 0135 19       		.uleb128 0x19
 1378 0136 6E       		.uleb128 0x6e
 1379 0137 0E       		.uleb128 0xe
 1380 0138 03       		.uleb128 0x3
 1381 0139 0E       		.uleb128 0xe
 1382 013a 3A       		.uleb128 0x3a
 1383 013b 0B       		.uleb128 0xb
 1384 013c 3B       		.uleb128 0x3b
 1385 013d 0B       		.uleb128 0xb
 1386 013e 00       		.byte	0
 1387 013f 00       		.byte	0
 1388 0140 00       		.byte	0
 1389              		.section	.debug_loc,"",%progbits
ARM GAS  C:\Users\SAISWA~1\AppData\Local\Temp\ccoctcqf.s 			page 27


 1390              	.Ldebug_loc0:
 1391              	.LLST0:
 1392 0000 00000000 		.4byte	.LVL0
 1393 0004 16000000 		.4byte	.LVL1
 1394 0008 0100     		.2byte	0x1
 1395 000a 50       		.byte	0x50
 1396 000b 16000000 		.4byte	.LVL1
 1397 000f 1C000000 		.4byte	.LVL3
 1398 0013 0400     		.2byte	0x4
 1399 0015 F3       		.byte	0xf3
 1400 0016 01       		.uleb128 0x1
 1401 0017 50       		.byte	0x50
 1402 0018 9F       		.byte	0x9f
 1403 0019 1C000000 		.4byte	.LVL3
 1404 001d 1E000000 		.4byte	.LVL4
 1405 0021 0100     		.2byte	0x1
 1406 0023 50       		.byte	0x50
 1407 0024 1E000000 		.4byte	.LVL4
 1408 0028 24000000 		.4byte	.LVL6
 1409 002c 0400     		.2byte	0x4
 1410 002e F3       		.byte	0xf3
 1411 002f 01       		.uleb128 0x1
 1412 0030 50       		.byte	0x50
 1413 0031 9F       		.byte	0x9f
 1414 0032 24000000 		.4byte	.LVL6
 1415 0036 26000000 		.4byte	.LVL7
 1416 003a 0100     		.2byte	0x1
 1417 003c 50       		.byte	0x50
 1418 003d 26000000 		.4byte	.LVL7
 1419 0041 2C000000 		.4byte	.LVL9
 1420 0045 0400     		.2byte	0x4
 1421 0047 F3       		.byte	0xf3
 1422 0048 01       		.uleb128 0x1
 1423 0049 50       		.byte	0x50
 1424 004a 9F       		.byte	0x9f
 1425 004b 2C000000 		.4byte	.LVL9
 1426 004f 2E000000 		.4byte	.LVL10
 1427 0053 0100     		.2byte	0x1
 1428 0055 50       		.byte	0x50
 1429 0056 2E000000 		.4byte	.LVL10
 1430 005a 48000000 		.4byte	.LFE111
 1431 005e 0400     		.2byte	0x4
 1432 0060 F3       		.byte	0xf3
 1433 0061 01       		.uleb128 0x1
 1434 0062 50       		.byte	0x50
 1435 0063 9F       		.byte	0x9f
 1436 0064 00000000 		.4byte	0
 1437 0068 00000000 		.4byte	0
 1438              	.LLST1:
 1439 006c 00000000 		.4byte	.LVL0
 1440 0070 19000000 		.4byte	.LVL2-1
 1441 0074 0100     		.2byte	0x1
 1442 0076 51       		.byte	0x51
 1443 0077 19000000 		.4byte	.LVL2-1
 1444 007b 1C000000 		.4byte	.LVL3
 1445 007f 0400     		.2byte	0x4
 1446 0081 F3       		.byte	0xf3
ARM GAS  C:\Users\SAISWA~1\AppData\Local\Temp\ccoctcqf.s 			page 28


 1447 0082 01       		.uleb128 0x1
 1448 0083 51       		.byte	0x51
 1449 0084 9F       		.byte	0x9f
 1450 0085 1C000000 		.4byte	.LVL3
 1451 0089 21000000 		.4byte	.LVL5-1
 1452 008d 0100     		.2byte	0x1
 1453 008f 51       		.byte	0x51
 1454 0090 21000000 		.4byte	.LVL5-1
 1455 0094 24000000 		.4byte	.LVL6
 1456 0098 0400     		.2byte	0x4
 1457 009a F3       		.byte	0xf3
 1458 009b 01       		.uleb128 0x1
 1459 009c 51       		.byte	0x51
 1460 009d 9F       		.byte	0x9f
 1461 009e 24000000 		.4byte	.LVL6
 1462 00a2 29000000 		.4byte	.LVL8-1
 1463 00a6 0100     		.2byte	0x1
 1464 00a8 51       		.byte	0x51
 1465 00a9 29000000 		.4byte	.LVL8-1
 1466 00ad 2C000000 		.4byte	.LVL9
 1467 00b1 0400     		.2byte	0x4
 1468 00b3 F3       		.byte	0xf3
 1469 00b4 01       		.uleb128 0x1
 1470 00b5 51       		.byte	0x51
 1471 00b6 9F       		.byte	0x9f
 1472 00b7 2C000000 		.4byte	.LVL9
 1473 00bb 31000000 		.4byte	.LVL11-1
 1474 00bf 0100     		.2byte	0x1
 1475 00c1 51       		.byte	0x51
 1476 00c2 31000000 		.4byte	.LVL11-1
 1477 00c6 48000000 		.4byte	.LFE111
 1478 00ca 0400     		.2byte	0x4
 1479 00cc F3       		.byte	0xf3
 1480 00cd 01       		.uleb128 0x1
 1481 00ce 51       		.byte	0x51
 1482 00cf 9F       		.byte	0x9f
 1483 00d0 00000000 		.4byte	0
 1484 00d4 00000000 		.4byte	0
 1485              	.LLST2:
 1486 00d8 00000000 		.4byte	.LVL18
 1487 00dc 16000000 		.4byte	.LVL19
 1488 00e0 0100     		.2byte	0x1
 1489 00e2 50       		.byte	0x50
 1490 00e3 16000000 		.4byte	.LVL19
 1491 00e7 1C000000 		.4byte	.LVL21
 1492 00eb 0400     		.2byte	0x4
 1493 00ed F3       		.byte	0xf3
 1494 00ee 01       		.uleb128 0x1
 1495 00ef 50       		.byte	0x50
 1496 00f0 9F       		.byte	0x9f
 1497 00f1 1C000000 		.4byte	.LVL21
 1498 00f5 26000000 		.4byte	.LVL22
 1499 00f9 0100     		.2byte	0x1
 1500 00fb 50       		.byte	0x50
 1501 00fc 26000000 		.4byte	.LVL22
 1502 0100 3C000000 		.4byte	.LFE112
 1503 0104 0400     		.2byte	0x4
ARM GAS  C:\Users\SAISWA~1\AppData\Local\Temp\ccoctcqf.s 			page 29


 1504 0106 F3       		.byte	0xf3
 1505 0107 01       		.uleb128 0x1
 1506 0108 50       		.byte	0x50
 1507 0109 9F       		.byte	0x9f
 1508 010a 00000000 		.4byte	0
 1509 010e 00000000 		.4byte	0
 1510              	.LLST3:
 1511 0112 00000000 		.4byte	.LVL25
 1512 0116 0C000000 		.4byte	.LVL26
 1513 011a 0100     		.2byte	0x1
 1514 011c 50       		.byte	0x50
 1515 011d 0C000000 		.4byte	.LVL26
 1516 0121 28000000 		.4byte	.LFE113
 1517 0125 0400     		.2byte	0x4
 1518 0127 F3       		.byte	0xf3
 1519 0128 01       		.uleb128 0x1
 1520 0129 50       		.byte	0x50
 1521 012a 9F       		.byte	0x9f
 1522 012b 00000000 		.4byte	0
 1523 012f 00000000 		.4byte	0
 1524              	.LLST4:
 1525 0133 00000000 		.4byte	.LVL25
 1526 0137 0F000000 		.4byte	.LVL27-1
 1527 013b 0100     		.2byte	0x1
 1528 013d 51       		.byte	0x51
 1529 013e 0F000000 		.4byte	.LVL27-1
 1530 0142 28000000 		.4byte	.LFE113
 1531 0146 0400     		.2byte	0x4
 1532 0148 F3       		.byte	0xf3
 1533 0149 01       		.uleb128 0x1
 1534 014a 51       		.byte	0x51
 1535 014b 9F       		.byte	0x9f
 1536 014c 00000000 		.4byte	0
 1537 0150 00000000 		.4byte	0
 1538              	.LLST5:
 1539 0154 00000000 		.4byte	.LVL25
 1540 0158 0F000000 		.4byte	.LVL27-1
 1541 015c 0100     		.2byte	0x1
 1542 015e 52       		.byte	0x52
 1543 015f 0F000000 		.4byte	.LVL27-1
 1544 0163 28000000 		.4byte	.LFE113
 1545 0167 0400     		.2byte	0x4
 1546 0169 F3       		.byte	0xf3
 1547 016a 01       		.uleb128 0x1
 1548 016b 52       		.byte	0x52
 1549 016c 9F       		.byte	0x9f
 1550 016d 00000000 		.4byte	0
 1551 0171 00000000 		.4byte	0
 1552              		.section	.debug_aranges,"",%progbits
 1553 0000 34000000 		.4byte	0x34
 1554 0004 0200     		.2byte	0x2
 1555 0006 00000000 		.4byte	.Ldebug_info0
 1556 000a 04       		.byte	0x4
 1557 000b 00       		.byte	0
 1558 000c 0000     		.2byte	0
 1559 000e 0000     		.2byte	0
 1560 0010 00000000 		.4byte	.LFB111
ARM GAS  C:\Users\SAISWA~1\AppData\Local\Temp\ccoctcqf.s 			page 30


 1561 0014 48000000 		.4byte	.LFE111-.LFB111
 1562 0018 00000000 		.4byte	.LFB110
 1563 001c 1A000000 		.4byte	.LFE110-.LFB110
 1564 0020 00000000 		.4byte	.LFB112
 1565 0024 3C000000 		.4byte	.LFE112-.LFB112
 1566 0028 00000000 		.4byte	.LFB113
 1567 002c 28000000 		.4byte	.LFE113-.LFB113
 1568 0030 00000000 		.4byte	0
 1569 0034 00000000 		.4byte	0
 1570              		.section	.debug_ranges,"",%progbits
 1571              	.Ldebug_ranges0:
 1572 0000 00000000 		.4byte	.LFB111
 1573 0004 48000000 		.4byte	.LFE111
 1574 0008 00000000 		.4byte	.LFB110
 1575 000c 1A000000 		.4byte	.LFE110
 1576 0010 00000000 		.4byte	.LFB112
 1577 0014 3C000000 		.4byte	.LFE112
 1578 0018 00000000 		.4byte	.LFB113
 1579 001c 28000000 		.4byte	.LFE113
 1580 0020 00000000 		.4byte	0
 1581 0024 00000000 		.4byte	0
 1582              		.section	.debug_line,"",%progbits
 1583              	.Ldebug_line0:
 1584 0000 F7020000 		.section	.debug_str,"MS",%progbits,1
 1584      02009802 
 1584      00000201 
 1584      FB0E0D00 
 1584      01010101 
 1585              	.LASF39:
 1586 0000 4C45445F 		.ascii	"LED_Toggle\000"
 1586      546F6767 
 1586      6C6500
 1587              	.LASF59:
 1588 000b 5247425F 		.ascii	"RGB_PWM_green_WriteCompare\000"
 1588      50574D5F 
 1588      67726565 
 1588      6E5F5772 
 1588      69746543 
 1589              	.LASF26:
 1590 0026 4C45445F 		.ascii	"LED_onoff\000"
 1590      6F6E6F66 
 1590      6600
 1591              	.LASF44:
 1592 0030 4C45445F 		.ascii	"LED__state\000"
 1592      5F737461 
 1592      746500
 1593              	.LASF20:
 1594 003b 45455F55 		.ascii	"EE_UREG\000"
 1594      52454700 
 1595              	.LASF32:
 1596 0043 52435F53 		.ascii	"RC_SUCCESS\000"
 1596      55434345 
 1596      535300
 1597              	.LASF64:
 1598 004e 4C45445F 		.ascii	"LED_init\000"
 1598      696E6974 
 1598      00
ARM GAS  C:\Users\SAISWA~1\AppData\Local\Temp\ccoctcqf.s 			page 31


 1599              	.LASF43:
 1600 0057 4C45445F 		.ascii	"LED__Pulse_Width\000"
 1600      5F50756C 
 1600      73655F57 
 1600      69647468 
 1600      00
 1601              	.LASF2:
 1602 0068 73686F72 		.ascii	"short int\000"
 1602      7420696E 
 1602      7400
 1603              	.LASF23:
 1604 0072 73697A65 		.ascii	"sizetype\000"
 1604      74797065 
 1604      00
 1605              	.LASF21:
 1606 007b 45455F46 		.ascii	"EE_FREG\000"
 1606      52454700 
 1607              	.LASF19:
 1608 0083 45455F55 		.ascii	"EE_UINT32\000"
 1608      494E5433 
 1608      3200
 1609              	.LASF22:
 1610 008d 45455F54 		.ascii	"EE_TID\000"
 1610      494400
 1611              	.LASF42:
 1612 0094 626C7565 		.ascii	"blue\000"
 1612      00
 1613              	.LASF13:
 1614 0099 75696E74 		.ascii	"uint16\000"
 1614      313600
 1615              	.LASF52:
 1616 00a0 59656C6C 		.ascii	"Yellow_Led_Write\000"
 1616      6F775F4C 
 1616      65645F57 
 1616      72697465 
 1616      00
 1617              	.LASF11:
 1618 00b1 75696E74 		.ascii	"uint8_t\000"
 1618      385F7400 
 1619              	.LASF49:
 1620 00b9 45455F49 		.ascii	"EE_IRQ_nesting_level\000"
 1620      52515F6E 
 1620      65737469 
 1620      6E675F6C 
 1620      6576656C 
 1621              	.LASF14:
 1622 00ce 666C6F61 		.ascii	"float\000"
 1622      7400
 1623              	.LASF62:
 1624 00d4 736F7572 		.ascii	"source\\bsw\\RGB_Led.c\000"
 1624      63655C62 
 1624      73775C52 
 1624      47425F4C 
 1624      65642E63 
 1625              	.LASF8:
 1626 00e9 6C6F6E67 		.ascii	"long long int\000"
 1626      206C6F6E 
ARM GAS  C:\Users\SAISWA~1\AppData\Local\Temp\ccoctcqf.s 			page 32


 1626      6720696E 
 1626      7400
 1627              	.LASF63:
 1628 00f7 443A5C44 		.ascii	"D:\\Darmstadt\\College\\Study\\Semester1\\AMA_EOS\\"
 1628      61726D73 
 1628      74616474 
 1628      5C436F6C 
 1628      6C656765 
 1629 0124 454F535C 		.ascii	"EOS\\Lab\\Assignments\\Lab1\\ReactionGame.cydsn\\Re"
 1629      4C61625C 
 1629      41737369 
 1629      676E6D65 
 1629      6E74735C 
 1630 0152 61637469 		.ascii	"actionGame.cydsn\000"
 1630      6F6E4761 
 1630      6D652E63 
 1630      7964736E 
 1630      00
 1631              	.LASF6:
 1632 0163 6C6F6E67 		.ascii	"long int\000"
 1632      20696E74 
 1632      00
 1633              	.LASF46:
 1634 016c 45455F6F 		.ascii	"EE_oo_IRQ_suspend_status\000"
 1634      6F5F4952 
 1634      515F7375 
 1634      7370656E 
 1634      645F7374 
 1635              	.LASF27:
 1636 0185 4C45445F 		.ascii	"LED_RED\000"
 1636      52454400 
 1637              	.LASF4:
 1638 018d 5F5F7569 		.ascii	"__uint8_t\000"
 1638      6E74385F 
 1638      7400
 1639              	.LASF56:
 1640 0197 5247425F 		.ascii	"RGB_PWM_red_Start\000"
 1640      50574D5F 
 1640      7265645F 
 1640      53746172 
 1640      7400
 1641              	.LASF41:
 1642 01a9 67726565 		.ascii	"green\000"
 1642      6E00
 1643              	.LASF60:
 1644 01af 5247425F 		.ascii	"RGB_PWM_red_WriteCompare\000"
 1644      50574D5F 
 1644      7265645F 
 1644      57726974 
 1644      65436F6D 
 1645              	.LASF54:
 1646 01c8 5247425F 		.ascii	"RGB_PWM_blue_Start\000"
 1646      50574D5F 
 1646      626C7565 
 1646      5F537461 
 1646      727400
 1647              	.LASF17:
ARM GAS  C:\Users\SAISWA~1\AppData\Local\Temp\ccoctcqf.s 			page 33


 1648 01db 6C6F6E67 		.ascii	"long double\000"
 1648      20646F75 
 1648      626C6500 
 1649              	.LASF1:
 1650 01e7 756E7369 		.ascii	"unsigned char\000"
 1650      676E6564 
 1650      20636861 
 1650      7200
 1651              	.LASF0:
 1652 01f5 7369676E 		.ascii	"signed char\000"
 1652      65642063 
 1652      68617200 
 1653              	.LASF9:
 1654 0201 6C6F6E67 		.ascii	"long long unsigned int\000"
 1654      206C6F6E 
 1654      6720756E 
 1654      7369676E 
 1654      65642069 
 1655              	.LASF53:
 1656 0218 47726565 		.ascii	"Green_Led_Write\000"
 1656      6E5F4C65 
 1656      645F5772 
 1656      69746500 
 1657              	.LASF31:
 1658 0228 4C45445F 		.ascii	"LED_id_t\000"
 1658      69645F74 
 1658      00
 1659              	.LASF10:
 1660 0231 756E7369 		.ascii	"unsigned int\000"
 1660      676E6564 
 1660      20696E74 
 1660      00
 1661              	.LASF38:
 1662 023e 4C45445F 		.ascii	"LED_Set\000"
 1662      53657400 
 1663              	.LASF24:
 1664 0246 4C45445F 		.ascii	"LED_OFF\000"
 1664      4F464600 
 1665              	.LASF28:
 1666 024e 4C45445F 		.ascii	"LED_YELLOW\000"
 1666      59454C4C 
 1666      4F5700
 1667              	.LASF48:
 1668 0259 45455F73 		.ascii	"EE_std_endcycle_next_tid\000"
 1668      74645F65 
 1668      6E646379 
 1668      636C655F 
 1668      6E657874 
 1669              	.LASF18:
 1670 0272 45455F49 		.ascii	"EE_INT32\000"
 1670      4E543332 
 1670      00
 1671              	.LASF37:
 1672 027b 6C65644F 		.ascii	"ledOnOff\000"
 1672      6E4F6666 
 1672      00
 1673              	.LASF3:
ARM GAS  C:\Users\SAISWA~1\AppData\Local\Temp\ccoctcqf.s 			page 34


 1674 0284 73686F72 		.ascii	"short unsigned int\000"
 1674      7420756E 
 1674      7369676E 
 1674      65642069 
 1674      6E7400
 1675              	.LASF61:
 1676 0297 474E5520 		.ascii	"GNU C11 5.4.1 20160609 (release) [ARM/embedded-5-br"
 1676      43313120 
 1676      352E342E 
 1676      31203230 
 1676      31363036 
 1677 02ca 616E6368 		.ascii	"anch revision 237715] -mcpu=cortex-m3 -mthumb -g -O"
 1677      20726576 
 1677      6973696F 
 1677      6E203233 
 1677      37373135 
 1678 02fd 67202D66 		.ascii	"g -ffunction-sections -ffat-lto-objects\000"
 1678      66756E63 
 1678      74696F6E 
 1678      2D736563 
 1678      74696F6E 
 1679              	.LASF58:
 1680 0325 5247425F 		.ascii	"RGB_PWM_blue_WriteCompare\000"
 1680      50574D5F 
 1680      626C7565 
 1680      5F577269 
 1680      7465436F 
 1681              	.LASF16:
 1682 033f 63686172 		.ascii	"char\000"
 1682      00
 1683              	.LASF12:
 1684 0344 696E7433 		.ascii	"int32_t\000"
 1684      325F7400 
 1685              	.LASF40:
 1686 034c 4C45445F 		.ascii	"LED_RGB_Set\000"
 1686      5247425F 
 1686      53657400 
 1687              	.LASF29:
 1688 0358 4C45445F 		.ascii	"LED_GREEN\000"
 1688      47524545 
 1688      4E00
 1689              	.LASF47:
 1690 0362 45455F41 		.ascii	"EE_ApplicationMode\000"
 1690      70706C69 
 1690      63617469 
 1690      6F6E4D6F 
 1690      646500
 1691              	.LASF7:
 1692 0375 6C6F6E67 		.ascii	"long unsigned int\000"
 1692      20756E73 
 1692      69676E65 
 1692      6420696E 
 1692      7400
 1693              	.LASF15:
 1694 0387 646F7562 		.ascii	"double\000"
 1694      6C6500
 1695              	.LASF51:
ARM GAS  C:\Users\SAISWA~1\AppData\Local\Temp\ccoctcqf.s 			page 35


 1696 038e 5265645F 		.ascii	"Red_Led_Write\000"
 1696      4C65645F 
 1696      57726974 
 1696      6500
 1697              	.LASF30:
 1698 039c 4C45445F 		.ascii	"LED_ALL\000"
 1698      414C4C00 
 1699              	.LASF34:
 1700 03a4 52435F42 		.ascii	"RC_BAD_PARAM\000"
 1700      41445F50 
 1700      4152414D 
 1700      00
 1701              	.LASF5:
 1702 03b1 5F5F696E 		.ascii	"__int32_t\000"
 1702      7433325F 
 1702      7400
 1703              	.LASF55:
 1704 03bb 5247425F 		.ascii	"RGB_PWM_green_Start\000"
 1704      50574D5F 
 1704      67726565 
 1704      6E5F5374 
 1704      61727400 
 1705              	.LASF25:
 1706 03cf 4C45445F 		.ascii	"LED_ON\000"
 1706      4F4E00
 1707              	.LASF50:
 1708 03d6 49544D5F 		.ascii	"ITM_RxBuffer\000"
 1708      52784275 
 1708      66666572 
 1708      00
 1709              	.LASF33:
 1710 03e3 52435F45 		.ascii	"RC_ERROR\000"
 1710      52524F52 
 1710      00
 1711              	.LASF57:
 1712 03ec 43794465 		.ascii	"CyDelay\000"
 1712      6C617900 
 1713              	.LASF36:
 1714 03f4 6C656469 		.ascii	"ledid\000"
 1714      6400
 1715              	.LASF45:
 1716 03fa 45455F6F 		.ascii	"EE_oo_IRQ_disable_count\000"
 1716      6F5F4952 
 1716      515F6469 
 1716      7361626C 
 1716      655F636F 
 1717              	.LASF35:
 1718 0412 52435F74 		.ascii	"RC_t\000"
 1718      00
 1719              		.ident	"GCC: (GNU Tools for ARM Embedded Processors) 5.4.1 20160609 (release) [ARM/embedded-5-bran
