ARM GAS  C:\Users\SAISWA~1\AppData\Local\Temp\ccImtKqm.s 			page 1


   1              		.syntax unified
   2              		.cpu cortex-m3
   3              		.fpu softvfp
   4              		.eabi_attribute 20, 1
   5              		.eabi_attribute 21, 1
   6              		.eabi_attribute 23, 3
   7              		.eabi_attribute 24, 1
   8              		.eabi_attribute 25, 1
   9              		.eabi_attribute 26, 1
  10              		.eabi_attribute 30, 1
  11              		.eabi_attribute 34, 1
  12              		.eabi_attribute 18, 4
  13              		.thumb
  14              		.syntax unified
  15              		.file	"seven.c"
  16              		.text
  17              	.Ltext0:
  18              		.cfi_sections	.debug_frame
  19              		.section	.text.Seven_Write,"ax",%progbits
  20              		.align	2
  21              		.global	Seven_Write
  22              		.thumb
  23              		.thumb_func
  24              		.type	Seven_Write, %function
  25              	Seven_Write:
  26              	.LFB1:
  27              		.file 1 "source\\bsw\\seven.c"
   1:source\bsw/seven.c **** /**
   2:source\bsw/seven.c **** * \file <filename>
   3:source\bsw/seven.c **** * \author <author-name>
   4:source\bsw/seven.c **** * \date <date>
   5:source\bsw/seven.c **** *
   6:source\bsw/seven.c **** * \brief <Symbolic File name>
   7:source\bsw/seven.c **** *
   8:source\bsw/seven.c **** * \copyright Copyright ©2016
   9:source\bsw/seven.c **** * Department of electrical engineering and information technology, Hochschule Darmstadt - Universit
  10:source\bsw/seven.c **** * Permission to use, copy, modify, and distribute this software and its documentation for education
  11:source\bsw/seven.c **** * (unless permitted by h_da) and official h_da projects, is hereby granted for enrolled students of
  12:source\bsw/seven.c **** * this paragraph and the following paragraph appear in all copies, modifications, and distributions
  13:source\bsw/seven.c **** * Contact Prof.Dr.-Ing. Peter Fromm, peter.fromm@h-da.de, Birkenweg 8 64295 Darmstadt - GERMANY for
  14:source\bsw/seven.c **** *
  15:source\bsw/seven.c **** * \warning This software is a PROTOTYPE version and is not designed or intended for use in producti
  16:source\bsw/seven.c **** * The user represents and warrants that it will NOT use or redistribute the Software for such purpo
  17:source\bsw/seven.c **** * This prototype is for research purposes only. This software is provided "AS IS," without a warran
  18:source\bsw/seven.c **** */
  19:source\bsw/seven.c **** 
  20:source\bsw/seven.c **** /*****************************************************************************/
  21:source\bsw/seven.c **** /* Include files                                                             */
  22:source\bsw/seven.c **** /*****************************************************************************/
  23:source\bsw/seven.c **** #include "seven.h"
  24:source\bsw/seven.c **** /*****************************************************************************/
  25:source\bsw/seven.c **** /* Local pre-processor symbols/macros ('#define')                            */
  26:source\bsw/seven.c **** /*****************************************************************************/
  27:source\bsw/seven.c **** 
  28:source\bsw/seven.c **** /*****************************************************************************/
  29:source\bsw/seven.c **** /* Global variable definitions (declared in header file with 'extern')       */
  30:source\bsw/seven.c **** /*****************************************************************************/
ARM GAS  C:\Users\SAISWA~1\AppData\Local\Temp\ccImtKqm.s 			page 2


  31:source\bsw/seven.c **** 
  32:source\bsw/seven.c **** /*****************************************************************************/
  33:source\bsw/seven.c **** /* Local type definitions ('typedef')                                        */
  34:source\bsw/seven.c **** /*****************************************************************************/
  35:source\bsw/seven.c **** 
  36:source\bsw/seven.c **** /*****************************************************************************/
  37:source\bsw/seven.c **** /* Local variable definitions ('static')                                     */
  38:source\bsw/seven.c **** /*****************************************************************************/
  39:source\bsw/seven.c **** 
  40:source\bsw/seven.c **** 
  41:source\bsw/seven.c **** 
  42:source\bsw/seven.c **** /*****************************************************************************/
  43:source\bsw/seven.c **** /* Local function prototypes ('static')                                      */
  44:source\bsw/seven.c **** /*****************************************************************************/
  45:source\bsw/seven.c **** 
  46:source\bsw/seven.c **** const uint8_t Seven_Lookup[] =
  47:source\bsw/seven.c **** {
  48:source\bsw/seven.c ****     0b00111111, //0
  49:source\bsw/seven.c ****     0b00000110, //1
  50:source\bsw/seven.c ****     0b01011011, //2
  51:source\bsw/seven.c ****     0b01001111, //3
  52:source\bsw/seven.c ****     0b01100110, //4
  53:source\bsw/seven.c ****     0b01101101, //5
  54:source\bsw/seven.c ****     0b01111101, //6
  55:source\bsw/seven.c ****     0b00000111, //7 
  56:source\bsw/seven.c ****     0b01111111, //8
  57:source\bsw/seven.c ****     0b01101111, //9
  58:source\bsw/seven.c ****     0b01110111, //0x0A
  59:source\bsw/seven.c ****     0b11111111, //0x0B *Same as 8
  60:source\bsw/seven.c ****     0b00111001, //0x0C 
  61:source\bsw/seven.c ****     0b10111111, //0x0D *Same as 0
  62:source\bsw/seven.c ****     0b01111001, //0x0E
  63:source\bsw/seven.c ****     0b01110001, //0x0F
  64:source\bsw/seven.c **** };
  65:source\bsw/seven.c **** /*****************************************************************************/
  66:source\bsw/seven.c **** /* Function implementation - global ('extern') and local ('static')          */
  67:source\bsw/seven.c **** /*****************************************************************************/
  68:source\bsw/seven.c **** 
  69:source\bsw/seven.c **** /**
  70:source\bsw/seven.c ****  * To initalise the 7 seg with 0
  71:source\bsw/seven.c ****  * 
  72:source\bsw/seven.c ****  * @return RC_t error check
  73:source\bsw/seven.c ****  */
  74:source\bsw/seven.c **** RC_t Seven_init()
  75:source\bsw/seven.c **** {
  76:source\bsw/seven.c ****     Seven_Clear(SEVEN_DISPLAY_LEFT);
  77:source\bsw/seven.c ****     Seven_Clear(SEVEN_DISPLAY_RIGHT);
  78:source\bsw/seven.c ****     
  79:source\bsw/seven.c ****     return RC_SUCCESS;
  80:source\bsw/seven.c **** }
  81:source\bsw/seven.c **** 
  82:source\bsw/seven.c **** /**
  83:source\bsw/seven.c ****  * To write into one of the 7 segement displays with a value from 0x00 to 0xFF
  84:source\bsw/seven.c ****  * @param Seven_Display_t display   :   Left or Right display selector
  85:source\bsw/seven.c ****  * @param uint8 value               :   Value that is to be displayed on the 7 seg
  86:source\bsw/seven.c ****  * @return RC_t error check
  87:source\bsw/seven.c ****  */
ARM GAS  C:\Users\SAISWA~1\AppData\Local\Temp\ccImtKqm.s 			page 3


  88:source\bsw/seven.c **** RC_t Seven_Write(Seven_Display_t display, uint8_t value)
  89:source\bsw/seven.c **** {
  28              		.loc 1 89 0
  29              		.cfi_startproc
  30              		@ args = 0, pretend = 0, frame = 0
  31              		@ frame_needed = 0, uses_anonymous_args = 0
  32              	.LVL0:
  90:source\bsw/seven.c ****     if(value > 15)
  33              		.loc 1 90 0
  34 0000 0F29     		cmp	r1, #15
  35 0002 10D8     		bhi	.L5
  89:source\bsw/seven.c ****     if(value > 15)
  36              		.loc 1 89 0
  37 0004 10B5     		push	{r4, lr}
  38              		.cfi_def_cfa_offset 8
  39              		.cfi_offset 4, -8
  40              		.cfi_offset 14, -4
  41 0006 0C46     		mov	r4, r1
  91:source\bsw/seven.c ****     {
  92:source\bsw/seven.c ****         return RC_BAD_PARAM;
  93:source\bsw/seven.c ****     }
  94:source\bsw/seven.c ****     
  95:source\bsw/seven.c ****     if(SEVEN_DISPLAY_RIGHT == display) //Selecting in which display to write
  42              		.loc 1 95 0
  43 0008 0128     		cmp	r0, #1
  44 000a 03D1     		bne	.L3
  45              	.LBB2:
  96:source\bsw/seven.c ****     {
  97:source\bsw/seven.c ****         Pin_Sel_A_Write(0); //Selector pin, which is configured as 0 for Right and 1 for Left displ
  46              		.loc 1 97 0
  47 000c 0020     		movs	r0, #0
  48              	.LVL1:
  49 000e FFF7FEFF 		bl	Pin_Sel_A_Write
  50              	.LVL2:
  51              	.LBE2:
  52 0012 02E0     		b	.L4
  53              	.LVL3:
  54              	.L3:
  55              	.LBB3:
  98:source\bsw/seven.c ****     }
  99:source\bsw/seven.c ****     else
 100:source\bsw/seven.c ****     {
 101:source\bsw/seven.c ****         Pin_Sel_A_Write(1);
  56              		.loc 1 101 0
  57 0014 0120     		movs	r0, #1
  58              	.LVL4:
  59 0016 FFF7FEFF 		bl	Pin_Sel_A_Write
  60              	.LVL5:
  61              	.L4:
  62              	.LBE3:
 102:source\bsw/seven.c ****     }
 103:source\bsw/seven.c ****     
 104:source\bsw/seven.c ****     uint8_t data = Seven_Lookup[value]; //Checks entered number in the LUT
 105:source\bsw/seven.c ****     SevenSeg_Reg_Write(data); //Write to the control register, the bits(uint8)
  63              		.loc 1 105 0
  64 001a 044B     		ldr	r3, .L8
  65 001c 185D     		ldrb	r0, [r3, r4]	@ zero_extendqisi2
ARM GAS  C:\Users\SAISWA~1\AppData\Local\Temp\ccImtKqm.s 			page 4


  66 001e FFF7FEFF 		bl	SevenSeg_Reg_Write
  67              	.LVL6:
 106:source\bsw/seven.c ****     
 107:source\bsw/seven.c ****     return RC_SUCCESS;
  68              		.loc 1 107 0
  69 0022 0020     		movs	r0, #0
  70 0024 10BD     		pop	{r4, pc}
  71              	.LVL7:
  72              	.L5:
  73              		.cfi_def_cfa_offset 0
  74              		.cfi_restore 4
  75              		.cfi_restore 14
  92:source\bsw/seven.c ****     }
  76              		.loc 1 92 0
  77 0026 0220     		movs	r0, #2
  78              	.LVL8:
  79 0028 7047     		bx	lr
  80              	.L9:
  81 002a 00BF     		.align	2
  82              	.L8:
  83 002c 00000000 		.word	.LANCHOR0
  84              		.cfi_endproc
  85              	.LFE1:
  86              		.size	Seven_Write, .-Seven_Write
  87              		.section	.text.Seven_Write_Hex,"ax",%progbits
  88              		.align	2
  89              		.global	Seven_Write_Hex
  90              		.thumb
  91              		.thumb_func
  92              		.type	Seven_Write_Hex, %function
  93              	Seven_Write_Hex:
  94              	.LFB2:
 108:source\bsw/seven.c ****     
 109:source\bsw/seven.c **** }
 110:source\bsw/seven.c **** 
 111:source\bsw/seven.c **** /**
 112:source\bsw/seven.c ****  * To write into one of the 7 segement displays in the Hex value
 113:source\bsw/seven.c ****  * @param uint8 value               :   Value that is to be displayed on the 7 seg, this value is p
 114:source\bsw/seven.c ****  * @return RC_t error check
 115:source\bsw/seven.c ****  */
 116:source\bsw/seven.c **** RC_t Seven_Write_Hex(uint8_t value)
 117:source\bsw/seven.c **** {
  95              		.loc 1 117 0
  96              		.cfi_startproc
  97              		@ args = 0, pretend = 0, frame = 0
  98              		@ frame_needed = 0, uses_anonymous_args = 0
  99              	.LVL9:
 100 0000 10B5     		push	{r4, lr}
 101              		.cfi_def_cfa_offset 8
 102              		.cfi_offset 4, -8
 103              		.cfi_offset 14, -4
 118:source\bsw/seven.c ****     uint8_t lower = value%16; //ex: 11%16 = 11 and 11th element in array is B
 104              		.loc 1 118 0
 105 0002 00F00F04 		and	r4, r0, #15
 106              	.LVL10:
 119:source\bsw/seven.c ****     uint8_t higher = value/16; //ex: 11/16 = 0 and then 0 will be displayed there in LEFT
 120:source\bsw/seven.c ****     
ARM GAS  C:\Users\SAISWA~1\AppData\Local\Temp\ccImtKqm.s 			page 5


 121:source\bsw/seven.c ****     Seven_Write(SEVEN_DISPLAY_LEFT,higher);
 107              		.loc 1 121 0
 108 0006 0109     		lsrs	r1, r0, #4
 109 0008 0020     		movs	r0, #0
 110              	.LVL11:
 111 000a FFF7FEFF 		bl	Seven_Write
 112              	.LVL12:
 122:source\bsw/seven.c ****     Seven_Write(SEVEN_DISPLAY_RIGHT,lower);
 113              		.loc 1 122 0
 114 000e 2146     		mov	r1, r4
 115 0010 0120     		movs	r0, #1
 116 0012 FFF7FEFF 		bl	Seven_Write
 117              	.LVL13:
 123:source\bsw/seven.c ****     
 124:source\bsw/seven.c ****     return RC_SUCCESS;
 125:source\bsw/seven.c **** }
 118              		.loc 1 125 0
 119 0016 0020     		movs	r0, #0
 120 0018 10BD     		pop	{r4, pc}
 121              		.cfi_endproc
 122              	.LFE2:
 123              		.size	Seven_Write_Hex, .-Seven_Write_Hex
 124 001a 00BF     		.section	.text.Seven_Write_Dp,"ax",%progbits
 125              		.align	2
 126              		.global	Seven_Write_Dp
 127              		.thumb
 128              		.thumb_func
 129              		.type	Seven_Write_Dp, %function
 130              	Seven_Write_Dp:
 131              	.LFB3:
 126:source\bsw/seven.c **** 
 127:source\bsw/seven.c **** /**
 128:source\bsw/seven.c ****  * To write into one of the 7 segement displays decimal pointer
 129:source\bsw/seven.c ****  * @param Seven_Display_t display   :   Left or Right display selector
 130:source\bsw/seven.c ****  * @return RC_t error check
 131:source\bsw/seven.c ****  */
 132:source\bsw/seven.c **** RC_t Seven_Write_Dp(Seven_Display_t display)
 133:source\bsw/seven.c **** {
 132              		.loc 1 133 0
 133              		.cfi_startproc
 134              		@ args = 0, pretend = 0, frame = 0
 135              		@ frame_needed = 0, uses_anonymous_args = 0
 136              	.LVL14:
 137 0000 08B5     		push	{r3, lr}
 138              		.cfi_def_cfa_offset 8
 139              		.cfi_offset 3, -8
 140              		.cfi_offset 14, -4
 134:source\bsw/seven.c ****     
 135:source\bsw/seven.c ****     if(SEVEN_DISPLAY_RIGHT == display)
 141              		.loc 1 135 0
 142 0002 0128     		cmp	r0, #1
 143 0004 03D1     		bne	.L13
 144              	.LBB4:
 136:source\bsw/seven.c ****     {
 137:source\bsw/seven.c ****         Pin_SevenSeg_SelA_Write(0);
 145              		.loc 1 137 0
 146 0006 0020     		movs	r0, #0
ARM GAS  C:\Users\SAISWA~1\AppData\Local\Temp\ccImtKqm.s 			page 6


 147              	.LVL15:
 148 0008 FFF7FEFF 		bl	Pin_SevenSeg_SelA_Write
 149              	.LVL16:
 150              	.LBE4:
 151 000c 02E0     		b	.L14
 152              	.LVL17:
 153              	.L13:
 154              	.LBB5:
 138:source\bsw/seven.c ****     }
 139:source\bsw/seven.c ****     else
 140:source\bsw/seven.c ****     {
 141:source\bsw/seven.c ****         Pin_SevenSeg_SelA_Write(1);
 155              		.loc 1 141 0
 156 000e 0120     		movs	r0, #1
 157              	.LVL18:
 158 0010 FFF7FEFF 		bl	Pin_SevenSeg_SelA_Write
 159              	.LVL19:
 160              	.L14:
 161              	.LBE5:
 142:source\bsw/seven.c ****     }
 143:source\bsw/seven.c ****     Control_Reg_7Seg_Write(0b10000000);
 162              		.loc 1 143 0
 163 0014 8020     		movs	r0, #128
 164 0016 FFF7FEFF 		bl	Control_Reg_7Seg_Write
 165              	.LVL20:
 144:source\bsw/seven.c ****     
 145:source\bsw/seven.c ****     return RC_SUCCESS;
 146:source\bsw/seven.c **** }
 166              		.loc 1 146 0
 167 001a 0020     		movs	r0, #0
 168 001c 08BD     		pop	{r3, pc}
 169              		.cfi_endproc
 170              	.LFE3:
 171              		.size	Seven_Write_Dp, .-Seven_Write_Dp
 172              		.section	.text.Seven_Clear,"ax",%progbits
 173              		.align	2
 174              		.global	Seven_Clear
 175              		.thumb
 176              		.thumb_func
 177              		.type	Seven_Clear, %function
 178              	Seven_Clear:
 179              	.LFB4:
 147:source\bsw/seven.c **** 
 148:source\bsw/seven.c **** /**
 149:source\bsw/seven.c ****  * To clear one of the 7 segement displays
 150:source\bsw/seven.c ****  * @param Seven_Display_t display   :   Left or Right display selector
 151:source\bsw/seven.c ****  * @return RC_t error check
 152:source\bsw/seven.c ****  */
 153:source\bsw/seven.c **** RC_t Seven_Clear(Seven_Display_t display)
 154:source\bsw/seven.c **** {
 180              		.loc 1 154 0
 181              		.cfi_startproc
 182              		@ args = 0, pretend = 0, frame = 0
 183              		@ frame_needed = 0, uses_anonymous_args = 0
 184              	.LVL21:
 185 0000 08B5     		push	{r3, lr}
 186              		.cfi_def_cfa_offset 8
ARM GAS  C:\Users\SAISWA~1\AppData\Local\Temp\ccImtKqm.s 			page 7


 187              		.cfi_offset 3, -8
 188              		.cfi_offset 14, -4
 155:source\bsw/seven.c ****     Seven_Write(SEVEN_DISPLAY_LEFT,0b01111111);
 189              		.loc 1 155 0
 190 0002 7F21     		movs	r1, #127
 191 0004 0020     		movs	r0, #0
 192              	.LVL22:
 193 0006 FFF7FEFF 		bl	Seven_Write
 194              	.LVL23:
 156:source\bsw/seven.c ****     Seven_Write(SEVEN_DISPLAY_RIGHT,0b01111111);
 195              		.loc 1 156 0
 196 000a 7F21     		movs	r1, #127
 197 000c 0120     		movs	r0, #1
 198 000e FFF7FEFF 		bl	Seven_Write
 199              	.LVL24:
 157:source\bsw/seven.c ****     
 158:source\bsw/seven.c ****     return RC_SUCCESS;
 159:source\bsw/seven.c **** }...
 200              		.loc 1 159 0
 201 0012 0020     		movs	r0, #0
 202 0014 08BD     		pop	{r3, pc}
 203              		.cfi_endproc
 204              	.LFE4:
 205              		.size	Seven_Clear, .-Seven_Clear
 206 0016 00BF     		.section	.text.Seven_init,"ax",%progbits
 207              		.align	2
 208              		.global	Seven_init
 209              		.thumb
 210              		.thumb_func
 211              		.type	Seven_init, %function
 212              	Seven_init:
 213              	.LFB0:
  75:source\bsw/seven.c **** {
 214              		.loc 1 75 0
 215              		.cfi_startproc
 216              		@ args = 0, pretend = 0, frame = 0
 217              		@ frame_needed = 0, uses_anonymous_args = 0
 218 0000 08B5     		push	{r3, lr}
 219              		.cfi_def_cfa_offset 8
 220              		.cfi_offset 3, -8
 221              		.cfi_offset 14, -4
  76:source\bsw/seven.c ****     Seven_Clear(SEVEN_DISPLAY_LEFT);
 222              		.loc 1 76 0
 223 0002 0020     		movs	r0, #0
 224 0004 FFF7FEFF 		bl	Seven_Clear
 225              	.LVL25:
  77:source\bsw/seven.c ****     Seven_Clear(SEVEN_DISPLAY_RIGHT);
 226              		.loc 1 77 0
 227 0008 0120     		movs	r0, #1
 228 000a FFF7FEFF 		bl	Seven_Clear
 229              	.LVL26:
  80:source\bsw/seven.c **** }
 230              		.loc 1 80 0
 231 000e 0020     		movs	r0, #0
 232 0010 08BD     		pop	{r3, pc}
 233              		.cfi_endproc
 234              	.LFE0:
ARM GAS  C:\Users\SAISWA~1\AppData\Local\Temp\ccImtKqm.s 			page 8


 235              		.size	Seven_init, .-Seven_init
 236              		.global	Seven_Lookup
 237 0012 00BF     		.section	.rodata
 238              		.align	2
 239              		.set	.LANCHOR0,. + 0
 240              		.type	Seven_Lookup, %object
 241              		.size	Seven_Lookup, 16
 242              	Seven_Lookup:
 243 0000 3F       		.byte	63
 244 0001 06       		.byte	6
 245 0002 5B       		.byte	91
 246 0003 4F       		.byte	79
 247 0004 66       		.byte	102
 248 0005 6D       		.byte	109
 249 0006 7D       		.byte	125
 250 0007 07       		.byte	7
 251 0008 7F       		.byte	127
 252 0009 6F       		.byte	111
 253 000a 77       		.byte	119
 254 000b FF       		.byte	-1
 255 000c 39       		.byte	57
 256 000d BF       		.byte	-65
 257 000e 79       		.byte	121
 258 000f 71       		.byte	113
 259              		.text
 260              	.Letext0:
 261              		.file 2 "source\\bsw\\global.h"
 262              		.file 3 "source\\bsw\\seven.h"
 263              		.section	.debug_info,"",%progbits
 264              	.Ldebug_info0:
 265 0000 A9030000 		.4byte	0x3a9
 266 0004 0400     		.2byte	0x4
 267 0006 00000000 		.4byte	.Ldebug_abbrev0
 268 000a 04       		.byte	0x4
 269 000b 01       		.uleb128 0x1
 270 000c 3F020000 		.4byte	.LASF34
 271 0010 0C       		.byte	0xc
 272 0011 42010000 		.4byte	.LASF35
 273 0015 7D000000 		.4byte	.LASF36
 274 0019 00000000 		.4byte	.Ldebug_ranges0+0
 275 001d 00000000 		.4byte	0
 276 0021 00000000 		.4byte	.Ldebug_line0
 277 0025 02       		.uleb128 0x2
 278 0026 01       		.byte	0x1
 279 0027 08       		.byte	0x8
 280 0028 2D010000 		.4byte	.LASF0
 281 002c 02       		.uleb128 0x2
 282 002d 01       		.byte	0x1
 283 002e 06       		.byte	0x6
 284 002f 6D010000 		.4byte	.LASF1
 285 0033 03       		.uleb128 0x3
 286 0034 48000000 		.4byte	.LASF14
 287 0038 02       		.byte	0x2
 288 0039 8B       		.byte	0x8b
 289 003a 25000000 		.4byte	0x25
 290 003e 02       		.uleb128 0x2
 291 003f 02       		.byte	0x2
ARM GAS  C:\Users\SAISWA~1\AppData\Local\Temp\ccImtKqm.s 			page 9


 292 0040 05       		.byte	0x5
 293 0041 1F000000 		.4byte	.LASF2
 294 0045 02       		.uleb128 0x2
 295 0046 02       		.byte	0x2
 296 0047 07       		.byte	0x7
 297 0048 CC010000 		.4byte	.LASF3
 298 004c 02       		.uleb128 0x2
 299 004d 04       		.byte	0x4
 300 004e 05       		.byte	0x5
 301 004f E9000000 		.4byte	.LASF4
 302 0053 02       		.uleb128 0x2
 303 0054 04       		.byte	0x4
 304 0055 07       		.byte	0x7
 305 0056 F2010000 		.4byte	.LASF5
 306 005a 02       		.uleb128 0x2
 307 005b 04       		.byte	0x4
 308 005c 04       		.byte	0x4
 309 005d 50000000 		.4byte	.LASF6
 310 0061 02       		.uleb128 0x2
 311 0062 08       		.byte	0x8
 312 0063 04       		.byte	0x4
 313 0064 04020000 		.4byte	.LASF7
 314 0068 02       		.uleb128 0x2
 315 0069 08       		.byte	0x8
 316 006a 05       		.byte	0x5
 317 006b 6F000000 		.4byte	.LASF8
 318 006f 02       		.uleb128 0x2
 319 0070 08       		.byte	0x8
 320 0071 07       		.byte	0x7
 321 0072 79010000 		.4byte	.LASF9
 322 0076 02       		.uleb128 0x2
 323 0077 01       		.byte	0x1
 324 0078 08       		.byte	0x8
 325 0079 DF010000 		.4byte	.LASF10
 326 007d 04       		.uleb128 0x4
 327 007e 01       		.byte	0x1
 328 007f 25000000 		.4byte	0x25
 329 0083 02       		.byte	0x2
 330 0084 C3       		.byte	0xc3
 331 0085 9C000000 		.4byte	0x9c
 332 0089 05       		.uleb128 0x5
 333 008a 00000000 		.4byte	.LASF11
 334 008e 00       		.byte	0
 335 008f 05       		.uleb128 0x5
 336 0090 E4010000 		.4byte	.LASF12
 337 0094 01       		.byte	0x1
 338 0095 05       		.uleb128 0x5
 339 0096 22020000 		.4byte	.LASF13
 340 009a 02       		.byte	0x2
 341 009b 00       		.byte	0
 342 009c 03       		.uleb128 0x3
 343 009d CD020000 		.4byte	.LASF15
 344 00a1 02       		.byte	0x2
 345 00a2 C7       		.byte	0xc7
 346 00a3 7D000000 		.4byte	0x7d
 347 00a7 06       		.uleb128 0x6
 348 00a8 04       		.byte	0x4
ARM GAS  C:\Users\SAISWA~1\AppData\Local\Temp\ccImtKqm.s 			page 10


 349 00a9 05       		.byte	0x5
 350 00aa 696E7400 		.ascii	"int\000"
 351 00ae 02       		.uleb128 0x2
 352 00af 04       		.byte	0x4
 353 00b0 07       		.byte	0x7
 354 00b1 90010000 		.4byte	.LASF16
 355 00b5 04       		.uleb128 0x4
 356 00b6 01       		.byte	0x1
 357 00b7 25000000 		.4byte	0x25
 358 00bb 03       		.byte	0x3
 359 00bc 5C       		.byte	0x5c
 360 00bd CE000000 		.4byte	0xce
 361 00c1 05       		.uleb128 0x5
 362 00c2 56000000 		.4byte	.LASF17
 363 00c6 00       		.byte	0
 364 00c7 05       		.uleb128 0x5
 365 00c8 0B000000 		.4byte	.LASF18
 366 00cc 01       		.byte	0x1
 367 00cd 00       		.byte	0
 368 00ce 03       		.uleb128 0x3
 369 00cf 32000000 		.4byte	.LASF19
 370 00d3 03       		.byte	0x3
 371 00d4 5F       		.byte	0x5f
 372 00d5 B5000000 		.4byte	0xb5
 373 00d9 07       		.uleb128 0x7
 374 00da 05010000 		.4byte	.LASF24
 375 00de 01       		.byte	0x1
 376 00df 58       		.byte	0x58
 377 00e0 9C000000 		.4byte	0x9c
 378 00e4 00000000 		.4byte	.LFB1
 379 00e8 30000000 		.4byte	.LFE1-.LFB1
 380 00ec 01       		.uleb128 0x1
 381 00ed 9C       		.byte	0x9c
 382 00ee A8010000 		.4byte	0x1a8
 383 00f2 08       		.uleb128 0x8
 384 00f3 0B020000 		.4byte	.LASF20
 385 00f7 01       		.byte	0x1
 386 00f8 58       		.byte	0x58
 387 00f9 CE000000 		.4byte	0xce
 388 00fd 00000000 		.4byte	.LLST0
 389 0101 08       		.uleb128 0x8
 390 0102 42000000 		.4byte	.LASF21
 391 0106 01       		.byte	0x1
 392 0107 58       		.byte	0x58
 393 0108 33000000 		.4byte	0x33
 394 010c 53000000 		.4byte	.LLST1
 395 0110 09       		.uleb128 0x9
 396 0111 ED010000 		.4byte	.LASF26
 397 0115 01       		.byte	0x1
 398 0116 68       		.byte	0x68
 399 0117 33000000 		.4byte	0x33
 400 011b 98000000 		.4byte	.LLST2
 401 011f 0A       		.uleb128 0xa
 402 0120 F2000000 		.4byte	.LASF22
 403 0124 01       		.byte	0x1
 404 0125 69       		.byte	0x69
 405 0126 A7000000 		.4byte	0xa7
ARM GAS  C:\Users\SAISWA~1\AppData\Local\Temp\ccImtKqm.s 			page 11


 406 012a 30010000 		.4byte	0x130
 407 012e 0B       		.uleb128 0xb
 408 012f 00       		.byte	0
 409 0130 0C       		.uleb128 0xc
 410 0131 0C000000 		.4byte	.LBB2
 411 0135 06000000 		.4byte	.LBE2-.LBB2
 412 0139 5E010000 		.4byte	0x15e
 413 013d 0A       		.uleb128 0xa
 414 013e 11010000 		.4byte	.LASF23
 415 0142 01       		.byte	0x1
 416 0143 61       		.byte	0x61
 417 0144 A7000000 		.4byte	0xa7
 418 0148 4E010000 		.4byte	0x14e
 419 014c 0B       		.uleb128 0xb
 420 014d 00       		.byte	0
 421 014e 0D       		.uleb128 0xd
 422 014f 12000000 		.4byte	.LVL2
 423 0153 80030000 		.4byte	0x380
 424 0157 0E       		.uleb128 0xe
 425 0158 01       		.uleb128 0x1
 426 0159 50       		.byte	0x50
 427 015a 01       		.uleb128 0x1
 428 015b 30       		.byte	0x30
 429 015c 00       		.byte	0
 430 015d 00       		.byte	0
 431 015e 0C       		.uleb128 0xc
 432 015f 14000000 		.4byte	.LBB3
 433 0163 06000000 		.4byte	.LBE3-.LBB3
 434 0167 8C010000 		.4byte	0x18c
 435 016b 0A       		.uleb128 0xa
 436 016c 11010000 		.4byte	.LASF23
 437 0170 01       		.byte	0x1
 438 0171 61       		.byte	0x61
 439 0172 A7000000 		.4byte	0xa7
 440 0176 7C010000 		.4byte	0x17c
 441 017a 0B       		.uleb128 0xb
 442 017b 00       		.byte	0
 443 017c 0D       		.uleb128 0xd
 444 017d 1A000000 		.4byte	.LVL5
 445 0181 80030000 		.4byte	0x380
 446 0185 0E       		.uleb128 0xe
 447 0186 01       		.uleb128 0x1
 448 0187 50       		.byte	0x50
 449 0188 01       		.uleb128 0x1
 450 0189 31       		.byte	0x31
 451 018a 00       		.byte	0
 452 018b 00       		.byte	0
 453 018c 0D       		.uleb128 0xd
 454 018d 22000000 		.4byte	.LVL6
 455 0191 8B030000 		.4byte	0x38b
 456 0195 0E       		.uleb128 0xe
 457 0196 01       		.uleb128 0x1
 458 0197 50       		.byte	0x50
 459 0198 0D       		.uleb128 0xd
 460 0199 74       		.byte	0x74
 461 019a 00       		.sleb128 0
 462 019b 03       		.byte	0x3
ARM GAS  C:\Users\SAISWA~1\AppData\Local\Temp\ccImtKqm.s 			page 12


 463 019c 00000000 		.4byte	.LANCHOR0
 464 01a0 22       		.byte	0x22
 465 01a1 94       		.byte	0x94
 466 01a2 01       		.byte	0x1
 467 01a3 08       		.byte	0x8
 468 01a4 FF       		.byte	0xff
 469 01a5 1A       		.byte	0x1a
 470 01a6 00       		.byte	0
 471 01a7 00       		.byte	0
 472 01a8 07       		.uleb128 0x7
 473 01a9 2F020000 		.4byte	.LASF25
 474 01ad 01       		.byte	0x1
 475 01ae 74       		.byte	0x74
 476 01af 9C000000 		.4byte	0x9c
 477 01b3 00000000 		.4byte	.LFB2
 478 01b7 1A000000 		.4byte	.LFE2-.LFB2
 479 01bb 01       		.uleb128 0x1
 480 01bc 9C       		.byte	0x9c
 481 01bd 15020000 		.4byte	0x215
 482 01c1 08       		.uleb128 0x8
 483 01c2 42000000 		.4byte	.LASF21
 484 01c6 01       		.byte	0x1
 485 01c7 74       		.byte	0x74
 486 01c8 33000000 		.4byte	0x33
 487 01cc B2000000 		.4byte	.LLST3
 488 01d0 0F       		.uleb128 0xf
 489 01d1 69000000 		.4byte	.LASF27
 490 01d5 01       		.byte	0x1
 491 01d6 76       		.byte	0x76
 492 01d7 33000000 		.4byte	0x33
 493 01db 01       		.uleb128 0x1
 494 01dc 54       		.byte	0x54
 495 01dd 09       		.uleb128 0x9
 496 01de 3B010000 		.4byte	.LASF28
 497 01e2 01       		.byte	0x1
 498 01e3 77       		.byte	0x77
 499 01e4 33000000 		.4byte	0x33
 500 01e8 D3000000 		.4byte	.LLST4
 501 01ec 10       		.uleb128 0x10
 502 01ed 0E000000 		.4byte	.LVL12
 503 01f1 D9000000 		.4byte	0xd9
 504 01f5 FF010000 		.4byte	0x1ff
 505 01f9 0E       		.uleb128 0xe
 506 01fa 01       		.uleb128 0x1
 507 01fb 50       		.byte	0x50
 508 01fc 01       		.uleb128 0x1
 509 01fd 30       		.byte	0x30
 510 01fe 00       		.byte	0
 511 01ff 0D       		.uleb128 0xd
 512 0200 16000000 		.4byte	.LVL13
 513 0204 D9000000 		.4byte	0xd9
 514 0208 0E       		.uleb128 0xe
 515 0209 01       		.uleb128 0x1
 516 020a 50       		.byte	0x50
 517 020b 01       		.uleb128 0x1
 518 020c 31       		.byte	0x31
 519 020d 0E       		.uleb128 0xe
ARM GAS  C:\Users\SAISWA~1\AppData\Local\Temp\ccImtKqm.s 			page 13


 520 020e 01       		.uleb128 0x1
 521 020f 51       		.byte	0x51
 522 0210 02       		.uleb128 0x2
 523 0211 74       		.byte	0x74
 524 0212 00       		.sleb128 0
 525 0213 00       		.byte	0
 526 0214 00       		.byte	0
 527 0215 07       		.uleb128 0x7
 528 0216 13020000 		.4byte	.LASF29
 529 021a 01       		.byte	0x1
 530 021b 84       		.byte	0x84
 531 021c 9C000000 		.4byte	0x9c
 532 0220 00000000 		.4byte	.LFB3
 533 0224 1E000000 		.4byte	.LFE3-.LFB3
 534 0228 01       		.uleb128 0x1
 535 0229 9C       		.byte	0x9c
 536 022a BB020000 		.4byte	0x2bb
 537 022e 08       		.uleb128 0x8
 538 022f 0B020000 		.4byte	.LASF20
 539 0233 01       		.byte	0x1
 540 0234 84       		.byte	0x84
 541 0235 CE000000 		.4byte	0xce
 542 0239 EA000000 		.4byte	.LLST5
 543 023d 0A       		.uleb128 0xa
 544 023e B5010000 		.4byte	.LASF30
 545 0242 01       		.byte	0x1
 546 0243 8F       		.byte	0x8f
 547 0244 A7000000 		.4byte	0xa7
 548 0248 4E020000 		.4byte	0x24e
 549 024c 0B       		.uleb128 0xb
 550 024d 00       		.byte	0
 551 024e 0C       		.uleb128 0xc
 552 024f 06000000 		.4byte	.LBB4
 553 0253 06000000 		.4byte	.LBE4-.LBB4
 554 0257 7C020000 		.4byte	0x27c
 555 025b 0A       		.uleb128 0xa
 556 025c 55010000 		.4byte	.LASF31
 557 0260 01       		.byte	0x1
 558 0261 89       		.byte	0x89
 559 0262 A7000000 		.4byte	0xa7
 560 0266 6C020000 		.4byte	0x26c
 561 026a 0B       		.uleb128 0xb
 562 026b 00       		.byte	0
 563 026c 0D       		.uleb128 0xd
 564 026d 0C000000 		.4byte	.LVL16
 565 0271 96030000 		.4byte	0x396
 566 0275 0E       		.uleb128 0xe
 567 0276 01       		.uleb128 0x1
 568 0277 50       		.byte	0x50
 569 0278 01       		.uleb128 0x1
 570 0279 30       		.byte	0x30
 571 027a 00       		.byte	0
 572 027b 00       		.byte	0
 573 027c 0C       		.uleb128 0xc
 574 027d 0E000000 		.4byte	.LBB5
 575 0281 06000000 		.4byte	.LBE5-.LBB5
 576 0285 AA020000 		.4byte	0x2aa
ARM GAS  C:\Users\SAISWA~1\AppData\Local\Temp\ccImtKqm.s 			page 14


 577 0289 0A       		.uleb128 0xa
 578 028a 55010000 		.4byte	.LASF31
 579 028e 01       		.byte	0x1
 580 028f 89       		.byte	0x89
 581 0290 A7000000 		.4byte	0xa7
 582 0294 9A020000 		.4byte	0x29a
 583 0298 0B       		.uleb128 0xb
 584 0299 00       		.byte	0
 585 029a 0D       		.uleb128 0xd
 586 029b 14000000 		.4byte	.LVL19
 587 029f 96030000 		.4byte	0x396
 588 02a3 0E       		.uleb128 0xe
 589 02a4 01       		.uleb128 0x1
 590 02a5 50       		.byte	0x50
 591 02a6 01       		.uleb128 0x1
 592 02a7 31       		.byte	0x31
 593 02a8 00       		.byte	0
 594 02a9 00       		.byte	0
 595 02aa 0D       		.uleb128 0xd
 596 02ab 1A000000 		.4byte	.LVL20
 597 02af A1030000 		.4byte	0x3a1
 598 02b3 0E       		.uleb128 0xe
 599 02b4 01       		.uleb128 0x1
 600 02b5 50       		.byte	0x50
 601 02b6 02       		.uleb128 0x2
 602 02b7 08       		.byte	0x8
 603 02b8 80       		.byte	0x80
 604 02b9 00       		.byte	0
 605 02ba 00       		.byte	0
 606 02bb 07       		.uleb128 0x7
 607 02bc 21010000 		.4byte	.LASF32
 608 02c0 01       		.byte	0x1
 609 02c1 99       		.byte	0x99
 610 02c2 9C000000 		.4byte	0x9c
 611 02c6 00000000 		.4byte	.LFB4
 612 02ca 16000000 		.4byte	.LFE4-.LFB4
 613 02ce 01       		.uleb128 0x1
 614 02cf 9C       		.byte	0x9c
 615 02d0 12030000 		.4byte	0x312
 616 02d4 08       		.uleb128 0x8
 617 02d5 0B020000 		.4byte	.LASF20
 618 02d9 01       		.byte	0x1
 619 02da 99       		.byte	0x99
 620 02db CE000000 		.4byte	0xce
 621 02df 24010000 		.4byte	.LLST6
 622 02e3 10       		.uleb128 0x10
 623 02e4 0A000000 		.4byte	.LVL23
 624 02e8 D9000000 		.4byte	0xd9
 625 02ec FC020000 		.4byte	0x2fc
 626 02f0 0E       		.uleb128 0xe
 627 02f1 01       		.uleb128 0x1
 628 02f2 50       		.byte	0x50
 629 02f3 01       		.uleb128 0x1
 630 02f4 30       		.byte	0x30
 631 02f5 0E       		.uleb128 0xe
 632 02f6 01       		.uleb128 0x1
 633 02f7 51       		.byte	0x51
ARM GAS  C:\Users\SAISWA~1\AppData\Local\Temp\ccImtKqm.s 			page 15


 634 02f8 02       		.uleb128 0x2
 635 02f9 08       		.byte	0x8
 636 02fa 7F       		.byte	0x7f
 637 02fb 00       		.byte	0
 638 02fc 0D       		.uleb128 0xd
 639 02fd 12000000 		.4byte	.LVL24
 640 0301 D9000000 		.4byte	0xd9
 641 0305 0E       		.uleb128 0xe
 642 0306 01       		.uleb128 0x1
 643 0307 50       		.byte	0x50
 644 0308 01       		.uleb128 0x1
 645 0309 31       		.byte	0x31
 646 030a 0E       		.uleb128 0xe
 647 030b 01       		.uleb128 0x1
 648 030c 51       		.byte	0x51
 649 030d 02       		.uleb128 0x2
 650 030e 08       		.byte	0x8
 651 030f 7F       		.byte	0x7f
 652 0310 00       		.byte	0
 653 0311 00       		.byte	0
 654 0312 11       		.uleb128 0x11
 655 0313 9D010000 		.4byte	.LASF37
 656 0317 01       		.byte	0x1
 657 0318 4A       		.byte	0x4a
 658 0319 9C000000 		.4byte	0x9c
 659 031d 00000000 		.4byte	.LFB0
 660 0321 12000000 		.4byte	.LFE0-.LFB0
 661 0325 01       		.uleb128 0x1
 662 0326 9C       		.byte	0x9c
 663 0327 4E030000 		.4byte	0x34e
 664 032b 10       		.uleb128 0x10
 665 032c 08000000 		.4byte	.LVL25
 666 0330 BB020000 		.4byte	0x2bb
 667 0334 3E030000 		.4byte	0x33e
 668 0338 0E       		.uleb128 0xe
 669 0339 01       		.uleb128 0x1
 670 033a 50       		.byte	0x50
 671 033b 01       		.uleb128 0x1
 672 033c 30       		.byte	0x30
 673 033d 00       		.byte	0
 674 033e 0D       		.uleb128 0xd
 675 033f 0E000000 		.4byte	.LVL26
 676 0343 BB020000 		.4byte	0x2bb
 677 0347 0E       		.uleb128 0xe
 678 0348 01       		.uleb128 0x1
 679 0349 50       		.byte	0x50
 680 034a 01       		.uleb128 0x1
 681 034b 31       		.byte	0x31
 682 034c 00       		.byte	0
 683 034d 00       		.byte	0
 684 034e 12       		.uleb128 0x12
 685 034f 65030000 		.4byte	0x365
 686 0353 5E030000 		.4byte	0x35e
 687 0357 13       		.uleb128 0x13
 688 0358 5E030000 		.4byte	0x35e
 689 035c 0F       		.byte	0xf
 690 035d 00       		.byte	0
ARM GAS  C:\Users\SAISWA~1\AppData\Local\Temp\ccImtKqm.s 			page 16


 691 035e 02       		.uleb128 0x2
 692 035f 04       		.byte	0x4
 693 0360 07       		.byte	0x7
 694 0361 29000000 		.4byte	.LASF33
 695 0365 14       		.uleb128 0x14
 696 0366 33000000 		.4byte	0x33
 697 036a 15       		.uleb128 0x15
 698 036b A8010000 		.4byte	.LASF38
 699 036f 01       		.byte	0x1
 700 0370 2E       		.byte	0x2e
 701 0371 7B030000 		.4byte	0x37b
 702 0375 05       		.uleb128 0x5
 703 0376 03       		.byte	0x3
 704 0377 00000000 		.4byte	Seven_Lookup
 705 037b 14       		.uleb128 0x14
 706 037c 4E030000 		.4byte	0x34e
 707 0380 16       		.uleb128 0x16
 708 0381 11010000 		.4byte	.LASF23
 709 0385 11010000 		.4byte	.LASF23
 710 0389 01       		.byte	0x1
 711 038a 61       		.byte	0x61
 712 038b 16       		.uleb128 0x16
 713 038c F2000000 		.4byte	.LASF22
 714 0390 F2000000 		.4byte	.LASF22
 715 0394 01       		.byte	0x1
 716 0395 69       		.byte	0x69
 717 0396 16       		.uleb128 0x16
 718 0397 55010000 		.4byte	.LASF31
 719 039b 55010000 		.4byte	.LASF31
 720 039f 01       		.byte	0x1
 721 03a0 89       		.byte	0x89
 722 03a1 16       		.uleb128 0x16
 723 03a2 B5010000 		.4byte	.LASF30
 724 03a6 B5010000 		.4byte	.LASF30
 725 03aa 01       		.byte	0x1
 726 03ab 8F       		.byte	0x8f
 727 03ac 00       		.byte	0
 728              		.section	.debug_abbrev,"",%progbits
 729              	.Ldebug_abbrev0:
 730 0000 01       		.uleb128 0x1
 731 0001 11       		.uleb128 0x11
 732 0002 01       		.byte	0x1
 733 0003 25       		.uleb128 0x25
 734 0004 0E       		.uleb128 0xe
 735 0005 13       		.uleb128 0x13
 736 0006 0B       		.uleb128 0xb
 737 0007 03       		.uleb128 0x3
 738 0008 0E       		.uleb128 0xe
 739 0009 1B       		.uleb128 0x1b
 740 000a 0E       		.uleb128 0xe
 741 000b 55       		.uleb128 0x55
 742 000c 17       		.uleb128 0x17
 743 000d 11       		.uleb128 0x11
 744 000e 01       		.uleb128 0x1
 745 000f 10       		.uleb128 0x10
 746 0010 17       		.uleb128 0x17
 747 0011 00       		.byte	0
ARM GAS  C:\Users\SAISWA~1\AppData\Local\Temp\ccImtKqm.s 			page 17


 748 0012 00       		.byte	0
 749 0013 02       		.uleb128 0x2
 750 0014 24       		.uleb128 0x24
 751 0015 00       		.byte	0
 752 0016 0B       		.uleb128 0xb
 753 0017 0B       		.uleb128 0xb
 754 0018 3E       		.uleb128 0x3e
 755 0019 0B       		.uleb128 0xb
 756 001a 03       		.uleb128 0x3
 757 001b 0E       		.uleb128 0xe
 758 001c 00       		.byte	0
 759 001d 00       		.byte	0
 760 001e 03       		.uleb128 0x3
 761 001f 16       		.uleb128 0x16
 762 0020 00       		.byte	0
 763 0021 03       		.uleb128 0x3
 764 0022 0E       		.uleb128 0xe
 765 0023 3A       		.uleb128 0x3a
 766 0024 0B       		.uleb128 0xb
 767 0025 3B       		.uleb128 0x3b
 768 0026 0B       		.uleb128 0xb
 769 0027 49       		.uleb128 0x49
 770 0028 13       		.uleb128 0x13
 771 0029 00       		.byte	0
 772 002a 00       		.byte	0
 773 002b 04       		.uleb128 0x4
 774 002c 04       		.uleb128 0x4
 775 002d 01       		.byte	0x1
 776 002e 0B       		.uleb128 0xb
 777 002f 0B       		.uleb128 0xb
 778 0030 49       		.uleb128 0x49
 779 0031 13       		.uleb128 0x13
 780 0032 3A       		.uleb128 0x3a
 781 0033 0B       		.uleb128 0xb
 782 0034 3B       		.uleb128 0x3b
 783 0035 0B       		.uleb128 0xb
 784 0036 01       		.uleb128 0x1
 785 0037 13       		.uleb128 0x13
 786 0038 00       		.byte	0
 787 0039 00       		.byte	0
 788 003a 05       		.uleb128 0x5
 789 003b 28       		.uleb128 0x28
 790 003c 00       		.byte	0
 791 003d 03       		.uleb128 0x3
 792 003e 0E       		.uleb128 0xe
 793 003f 1C       		.uleb128 0x1c
 794 0040 0B       		.uleb128 0xb
 795 0041 00       		.byte	0
 796 0042 00       		.byte	0
 797 0043 06       		.uleb128 0x6
 798 0044 24       		.uleb128 0x24
 799 0045 00       		.byte	0
 800 0046 0B       		.uleb128 0xb
 801 0047 0B       		.uleb128 0xb
 802 0048 3E       		.uleb128 0x3e
 803 0049 0B       		.uleb128 0xb
 804 004a 03       		.uleb128 0x3
ARM GAS  C:\Users\SAISWA~1\AppData\Local\Temp\ccImtKqm.s 			page 18


 805 004b 08       		.uleb128 0x8
 806 004c 00       		.byte	0
 807 004d 00       		.byte	0
 808 004e 07       		.uleb128 0x7
 809 004f 2E       		.uleb128 0x2e
 810 0050 01       		.byte	0x1
 811 0051 3F       		.uleb128 0x3f
 812 0052 19       		.uleb128 0x19
 813 0053 03       		.uleb128 0x3
 814 0054 0E       		.uleb128 0xe
 815 0055 3A       		.uleb128 0x3a
 816 0056 0B       		.uleb128 0xb
 817 0057 3B       		.uleb128 0x3b
 818 0058 0B       		.uleb128 0xb
 819 0059 27       		.uleb128 0x27
 820 005a 19       		.uleb128 0x19
 821 005b 49       		.uleb128 0x49
 822 005c 13       		.uleb128 0x13
 823 005d 11       		.uleb128 0x11
 824 005e 01       		.uleb128 0x1
 825 005f 12       		.uleb128 0x12
 826 0060 06       		.uleb128 0x6
 827 0061 40       		.uleb128 0x40
 828 0062 18       		.uleb128 0x18
 829 0063 9742     		.uleb128 0x2117
 830 0065 19       		.uleb128 0x19
 831 0066 01       		.uleb128 0x1
 832 0067 13       		.uleb128 0x13
 833 0068 00       		.byte	0
 834 0069 00       		.byte	0
 835 006a 08       		.uleb128 0x8
 836 006b 05       		.uleb128 0x5
 837 006c 00       		.byte	0
 838 006d 03       		.uleb128 0x3
 839 006e 0E       		.uleb128 0xe
 840 006f 3A       		.uleb128 0x3a
 841 0070 0B       		.uleb128 0xb
 842 0071 3B       		.uleb128 0x3b
 843 0072 0B       		.uleb128 0xb
 844 0073 49       		.uleb128 0x49
 845 0074 13       		.uleb128 0x13
 846 0075 02       		.uleb128 0x2
 847 0076 17       		.uleb128 0x17
 848 0077 00       		.byte	0
 849 0078 00       		.byte	0
 850 0079 09       		.uleb128 0x9
 851 007a 34       		.uleb128 0x34
 852 007b 00       		.byte	0
 853 007c 03       		.uleb128 0x3
 854 007d 0E       		.uleb128 0xe
 855 007e 3A       		.uleb128 0x3a
 856 007f 0B       		.uleb128 0xb
 857 0080 3B       		.uleb128 0x3b
 858 0081 0B       		.uleb128 0xb
 859 0082 49       		.uleb128 0x49
 860 0083 13       		.uleb128 0x13
 861 0084 02       		.uleb128 0x2
ARM GAS  C:\Users\SAISWA~1\AppData\Local\Temp\ccImtKqm.s 			page 19


 862 0085 17       		.uleb128 0x17
 863 0086 00       		.byte	0
 864 0087 00       		.byte	0
 865 0088 0A       		.uleb128 0xa
 866 0089 2E       		.uleb128 0x2e
 867 008a 01       		.byte	0x1
 868 008b 3F       		.uleb128 0x3f
 869 008c 19       		.uleb128 0x19
 870 008d 03       		.uleb128 0x3
 871 008e 0E       		.uleb128 0xe
 872 008f 3A       		.uleb128 0x3a
 873 0090 0B       		.uleb128 0xb
 874 0091 3B       		.uleb128 0x3b
 875 0092 0B       		.uleb128 0xb
 876 0093 49       		.uleb128 0x49
 877 0094 13       		.uleb128 0x13
 878 0095 3C       		.uleb128 0x3c
 879 0096 19       		.uleb128 0x19
 880 0097 01       		.uleb128 0x1
 881 0098 13       		.uleb128 0x13
 882 0099 00       		.byte	0
 883 009a 00       		.byte	0
 884 009b 0B       		.uleb128 0xb
 885 009c 18       		.uleb128 0x18
 886 009d 00       		.byte	0
 887 009e 00       		.byte	0
 888 009f 00       		.byte	0
 889 00a0 0C       		.uleb128 0xc
 890 00a1 0B       		.uleb128 0xb
 891 00a2 01       		.byte	0x1
 892 00a3 11       		.uleb128 0x11
 893 00a4 01       		.uleb128 0x1
 894 00a5 12       		.uleb128 0x12
 895 00a6 06       		.uleb128 0x6
 896 00a7 01       		.uleb128 0x1
 897 00a8 13       		.uleb128 0x13
 898 00a9 00       		.byte	0
 899 00aa 00       		.byte	0
 900 00ab 0D       		.uleb128 0xd
 901 00ac 898201   		.uleb128 0x4109
 902 00af 01       		.byte	0x1
 903 00b0 11       		.uleb128 0x11
 904 00b1 01       		.uleb128 0x1
 905 00b2 31       		.uleb128 0x31
 906 00b3 13       		.uleb128 0x13
 907 00b4 00       		.byte	0
 908 00b5 00       		.byte	0
 909 00b6 0E       		.uleb128 0xe
 910 00b7 8A8201   		.uleb128 0x410a
 911 00ba 00       		.byte	0
 912 00bb 02       		.uleb128 0x2
 913 00bc 18       		.uleb128 0x18
 914 00bd 9142     		.uleb128 0x2111
 915 00bf 18       		.uleb128 0x18
 916 00c0 00       		.byte	0
 917 00c1 00       		.byte	0
 918 00c2 0F       		.uleb128 0xf
ARM GAS  C:\Users\SAISWA~1\AppData\Local\Temp\ccImtKqm.s 			page 20


 919 00c3 34       		.uleb128 0x34
 920 00c4 00       		.byte	0
 921 00c5 03       		.uleb128 0x3
 922 00c6 0E       		.uleb128 0xe
 923 00c7 3A       		.uleb128 0x3a
 924 00c8 0B       		.uleb128 0xb
 925 00c9 3B       		.uleb128 0x3b
 926 00ca 0B       		.uleb128 0xb
 927 00cb 49       		.uleb128 0x49
 928 00cc 13       		.uleb128 0x13
 929 00cd 02       		.uleb128 0x2
 930 00ce 18       		.uleb128 0x18
 931 00cf 00       		.byte	0
 932 00d0 00       		.byte	0
 933 00d1 10       		.uleb128 0x10
 934 00d2 898201   		.uleb128 0x4109
 935 00d5 01       		.byte	0x1
 936 00d6 11       		.uleb128 0x11
 937 00d7 01       		.uleb128 0x1
 938 00d8 31       		.uleb128 0x31
 939 00d9 13       		.uleb128 0x13
 940 00da 01       		.uleb128 0x1
 941 00db 13       		.uleb128 0x13
 942 00dc 00       		.byte	0
 943 00dd 00       		.byte	0
 944 00de 11       		.uleb128 0x11
 945 00df 2E       		.uleb128 0x2e
 946 00e0 01       		.byte	0x1
 947 00e1 3F       		.uleb128 0x3f
 948 00e2 19       		.uleb128 0x19
 949 00e3 03       		.uleb128 0x3
 950 00e4 0E       		.uleb128 0xe
 951 00e5 3A       		.uleb128 0x3a
 952 00e6 0B       		.uleb128 0xb
 953 00e7 3B       		.uleb128 0x3b
 954 00e8 0B       		.uleb128 0xb
 955 00e9 49       		.uleb128 0x49
 956 00ea 13       		.uleb128 0x13
 957 00eb 11       		.uleb128 0x11
 958 00ec 01       		.uleb128 0x1
 959 00ed 12       		.uleb128 0x12
 960 00ee 06       		.uleb128 0x6
 961 00ef 40       		.uleb128 0x40
 962 00f0 18       		.uleb128 0x18
 963 00f1 9742     		.uleb128 0x2117
 964 00f3 19       		.uleb128 0x19
 965 00f4 01       		.uleb128 0x1
 966 00f5 13       		.uleb128 0x13
 967 00f6 00       		.byte	0
 968 00f7 00       		.byte	0
 969 00f8 12       		.uleb128 0x12
 970 00f9 01       		.uleb128 0x1
 971 00fa 01       		.byte	0x1
 972 00fb 49       		.uleb128 0x49
 973 00fc 13       		.uleb128 0x13
 974 00fd 01       		.uleb128 0x1
 975 00fe 13       		.uleb128 0x13
ARM GAS  C:\Users\SAISWA~1\AppData\Local\Temp\ccImtKqm.s 			page 21


 976 00ff 00       		.byte	0
 977 0100 00       		.byte	0
 978 0101 13       		.uleb128 0x13
 979 0102 21       		.uleb128 0x21
 980 0103 00       		.byte	0
 981 0104 49       		.uleb128 0x49
 982 0105 13       		.uleb128 0x13
 983 0106 2F       		.uleb128 0x2f
 984 0107 0B       		.uleb128 0xb
 985 0108 00       		.byte	0
 986 0109 00       		.byte	0
 987 010a 14       		.uleb128 0x14
 988 010b 26       		.uleb128 0x26
 989 010c 00       		.byte	0
 990 010d 49       		.uleb128 0x49
 991 010e 13       		.uleb128 0x13
 992 010f 00       		.byte	0
 993 0110 00       		.byte	0
 994 0111 15       		.uleb128 0x15
 995 0112 34       		.uleb128 0x34
 996 0113 00       		.byte	0
 997 0114 03       		.uleb128 0x3
 998 0115 0E       		.uleb128 0xe
 999 0116 3A       		.uleb128 0x3a
 1000 0117 0B       		.uleb128 0xb
 1001 0118 3B       		.uleb128 0x3b
 1002 0119 0B       		.uleb128 0xb
 1003 011a 49       		.uleb128 0x49
 1004 011b 13       		.uleb128 0x13
 1005 011c 3F       		.uleb128 0x3f
 1006 011d 19       		.uleb128 0x19
 1007 011e 02       		.uleb128 0x2
 1008 011f 18       		.uleb128 0x18
 1009 0120 00       		.byte	0
 1010 0121 00       		.byte	0
 1011 0122 16       		.uleb128 0x16
 1012 0123 2E       		.uleb128 0x2e
 1013 0124 00       		.byte	0
 1014 0125 3F       		.uleb128 0x3f
 1015 0126 19       		.uleb128 0x19
 1016 0127 3C       		.uleb128 0x3c
 1017 0128 19       		.uleb128 0x19
 1018 0129 6E       		.uleb128 0x6e
 1019 012a 0E       		.uleb128 0xe
 1020 012b 03       		.uleb128 0x3
 1021 012c 0E       		.uleb128 0xe
 1022 012d 3A       		.uleb128 0x3a
 1023 012e 0B       		.uleb128 0xb
 1024 012f 3B       		.uleb128 0x3b
 1025 0130 0B       		.uleb128 0xb
 1026 0131 00       		.byte	0
 1027 0132 00       		.byte	0
 1028 0133 00       		.byte	0
 1029              		.section	.debug_loc,"",%progbits
 1030              	.Ldebug_loc0:
 1031              	.LLST0:
 1032 0000 00000000 		.4byte	.LVL0
ARM GAS  C:\Users\SAISWA~1\AppData\Local\Temp\ccImtKqm.s 			page 22


 1033 0004 0E000000 		.4byte	.LVL1
 1034 0008 0100     		.2byte	0x1
 1035 000a 50       		.byte	0x50
 1036 000b 0E000000 		.4byte	.LVL1
 1037 000f 14000000 		.4byte	.LVL3
 1038 0013 0400     		.2byte	0x4
 1039 0015 F3       		.byte	0xf3
 1040 0016 01       		.uleb128 0x1
 1041 0017 50       		.byte	0x50
 1042 0018 9F       		.byte	0x9f
 1043 0019 14000000 		.4byte	.LVL3
 1044 001d 16000000 		.4byte	.LVL4
 1045 0021 0100     		.2byte	0x1
 1046 0023 50       		.byte	0x50
 1047 0024 16000000 		.4byte	.LVL4
 1048 0028 26000000 		.4byte	.LVL7
 1049 002c 0400     		.2byte	0x4
 1050 002e F3       		.byte	0xf3
 1051 002f 01       		.uleb128 0x1
 1052 0030 50       		.byte	0x50
 1053 0031 9F       		.byte	0x9f
 1054 0032 26000000 		.4byte	.LVL7
 1055 0036 28000000 		.4byte	.LVL8
 1056 003a 0100     		.2byte	0x1
 1057 003c 50       		.byte	0x50
 1058 003d 28000000 		.4byte	.LVL8
 1059 0041 30000000 		.4byte	.LFE1
 1060 0045 0400     		.2byte	0x4
 1061 0047 F3       		.byte	0xf3
 1062 0048 01       		.uleb128 0x1
 1063 0049 50       		.byte	0x50
 1064 004a 9F       		.byte	0x9f
 1065 004b 00000000 		.4byte	0
 1066 004f 00000000 		.4byte	0
 1067              	.LLST1:
 1068 0053 00000000 		.4byte	.LVL0
 1069 0057 11000000 		.4byte	.LVL2-1
 1070 005b 0100     		.2byte	0x1
 1071 005d 51       		.byte	0x51
 1072 005e 11000000 		.4byte	.LVL2-1
 1073 0062 14000000 		.4byte	.LVL3
 1074 0066 0400     		.2byte	0x4
 1075 0068 F3       		.byte	0xf3
 1076 0069 01       		.uleb128 0x1
 1077 006a 51       		.byte	0x51
 1078 006b 9F       		.byte	0x9f
 1079 006c 14000000 		.4byte	.LVL3
 1080 0070 19000000 		.4byte	.LVL5-1
 1081 0074 0100     		.2byte	0x1
 1082 0076 51       		.byte	0x51
 1083 0077 19000000 		.4byte	.LVL5-1
 1084 007b 26000000 		.4byte	.LVL7
 1085 007f 0400     		.2byte	0x4
 1086 0081 F3       		.byte	0xf3
 1087 0082 01       		.uleb128 0x1
 1088 0083 51       		.byte	0x51
 1089 0084 9F       		.byte	0x9f
ARM GAS  C:\Users\SAISWA~1\AppData\Local\Temp\ccImtKqm.s 			page 23


 1090 0085 26000000 		.4byte	.LVL7
 1091 0089 30000000 		.4byte	.LFE1
 1092 008d 0100     		.2byte	0x1
 1093 008f 51       		.byte	0x51
 1094 0090 00000000 		.4byte	0
 1095 0094 00000000 		.4byte	0
 1096              	.LLST2:
 1097 0098 1A000000 		.4byte	.LVL5
 1098 009c 26000000 		.4byte	.LVL7
 1099 00a0 0800     		.2byte	0x8
 1100 00a2 74       		.byte	0x74
 1101 00a3 00       		.sleb128 0
 1102 00a4 03       		.byte	0x3
 1103 00a5 00000000 		.4byte	.LANCHOR0
 1104 00a9 22       		.byte	0x22
 1105 00aa 00000000 		.4byte	0
 1106 00ae 00000000 		.4byte	0
 1107              	.LLST3:
 1108 00b2 00000000 		.4byte	.LVL9
 1109 00b6 0A000000 		.4byte	.LVL11
 1110 00ba 0100     		.2byte	0x1
 1111 00bc 50       		.byte	0x50
 1112 00bd 0A000000 		.4byte	.LVL11
 1113 00c1 1A000000 		.4byte	.LFE2
 1114 00c5 0400     		.2byte	0x4
 1115 00c7 F3       		.byte	0xf3
 1116 00c8 01       		.uleb128 0x1
 1117 00c9 50       		.byte	0x50
 1118 00ca 9F       		.byte	0x9f
 1119 00cb 00000000 		.4byte	0
 1120 00cf 00000000 		.4byte	0
 1121              	.LLST4:
 1122 00d3 06000000 		.4byte	.LVL10
 1123 00d7 0A000000 		.4byte	.LVL11
 1124 00db 0500     		.2byte	0x5
 1125 00dd 70       		.byte	0x70
 1126 00de 00       		.sleb128 0
 1127 00df 34       		.byte	0x34
 1128 00e0 25       		.byte	0x25
 1129 00e1 9F       		.byte	0x9f
 1130 00e2 00000000 		.4byte	0
 1131 00e6 00000000 		.4byte	0
 1132              	.LLST5:
 1133 00ea 00000000 		.4byte	.LVL14
 1134 00ee 08000000 		.4byte	.LVL15
 1135 00f2 0100     		.2byte	0x1
 1136 00f4 50       		.byte	0x50
 1137 00f5 08000000 		.4byte	.LVL15
 1138 00f9 0E000000 		.4byte	.LVL17
 1139 00fd 0400     		.2byte	0x4
 1140 00ff F3       		.byte	0xf3
 1141 0100 01       		.uleb128 0x1
 1142 0101 50       		.byte	0x50
 1143 0102 9F       		.byte	0x9f
 1144 0103 0E000000 		.4byte	.LVL17
 1145 0107 10000000 		.4byte	.LVL18
 1146 010b 0100     		.2byte	0x1
ARM GAS  C:\Users\SAISWA~1\AppData\Local\Temp\ccImtKqm.s 			page 24


 1147 010d 50       		.byte	0x50
 1148 010e 10000000 		.4byte	.LVL18
 1149 0112 1E000000 		.4byte	.LFE3
 1150 0116 0400     		.2byte	0x4
 1151 0118 F3       		.byte	0xf3
 1152 0119 01       		.uleb128 0x1
 1153 011a 50       		.byte	0x50
 1154 011b 9F       		.byte	0x9f
 1155 011c 00000000 		.4byte	0
 1156 0120 00000000 		.4byte	0
 1157              	.LLST6:
 1158 0124 00000000 		.4byte	.LVL21
 1159 0128 06000000 		.4byte	.LVL22
 1160 012c 0100     		.2byte	0x1
 1161 012e 50       		.byte	0x50
 1162 012f 06000000 		.4byte	.LVL22
 1163 0133 16000000 		.4byte	.LFE4
 1164 0137 0400     		.2byte	0x4
 1165 0139 F3       		.byte	0xf3
 1166 013a 01       		.uleb128 0x1
 1167 013b 50       		.byte	0x50
 1168 013c 9F       		.byte	0x9f
 1169 013d 00000000 		.4byte	0
 1170 0141 00000000 		.4byte	0
 1171              		.section	.debug_aranges,"",%progbits
 1172 0000 3C000000 		.4byte	0x3c
 1173 0004 0200     		.2byte	0x2
 1174 0006 00000000 		.4byte	.Ldebug_info0
 1175 000a 04       		.byte	0x4
 1176 000b 00       		.byte	0
 1177 000c 0000     		.2byte	0
 1178 000e 0000     		.2byte	0
 1179 0010 00000000 		.4byte	.LFB1
 1180 0014 30000000 		.4byte	.LFE1-.LFB1
 1181 0018 00000000 		.4byte	.LFB2
 1182 001c 1A000000 		.4byte	.LFE2-.LFB2
 1183 0020 00000000 		.4byte	.LFB3
 1184 0024 1E000000 		.4byte	.LFE3-.LFB3
 1185 0028 00000000 		.4byte	.LFB4
 1186 002c 16000000 		.4byte	.LFE4-.LFB4
 1187 0030 00000000 		.4byte	.LFB0
 1188 0034 12000000 		.4byte	.LFE0-.LFB0
 1189 0038 00000000 		.4byte	0
 1190 003c 00000000 		.4byte	0
 1191              		.section	.debug_ranges,"",%progbits
 1192              	.Ldebug_ranges0:
 1193 0000 00000000 		.4byte	.LFB1
 1194 0004 30000000 		.4byte	.LFE1
 1195 0008 00000000 		.4byte	.LFB2
 1196 000c 1A000000 		.4byte	.LFE2
 1197 0010 00000000 		.4byte	.LFB3
 1198 0014 1E000000 		.4byte	.LFE3
 1199 0018 00000000 		.4byte	.LFB4
 1200 001c 16000000 		.4byte	.LFE4
 1201 0020 00000000 		.4byte	.LFB0
 1202 0024 12000000 		.4byte	.LFE0
 1203 0028 00000000 		.4byte	0
ARM GAS  C:\Users\SAISWA~1\AppData\Local\Temp\ccImtKqm.s 			page 25


 1204 002c 00000000 		.4byte	0
 1205              		.section	.debug_line,"",%progbits
 1206              	.Ldebug_line0:
 1207 0000 AF000000 		.section	.debug_str,"MS",%progbits,1
 1207      02004000 
 1207      00000201 
 1207      FB0E0D00 
 1207      01010101 
 1208              	.LASF11:
 1209 0000 52435F53 		.ascii	"RC_SUCCESS\000"
 1209      55434345 
 1209      535300
 1210              	.LASF18:
 1211 000b 53455645 		.ascii	"SEVEN_DISPLAY_RIGHT\000"
 1211      4E5F4449 
 1211      53504C41 
 1211      595F5249 
 1211      47485400 
 1212              	.LASF2:
 1213 001f 73686F72 		.ascii	"short int\000"
 1213      7420696E 
 1213      7400
 1214              	.LASF33:
 1215 0029 73697A65 		.ascii	"sizetype\000"
 1215      74797065 
 1215      00
 1216              	.LASF19:
 1217 0032 53657665 		.ascii	"Seven_Display_t\000"
 1217      6E5F4469 
 1217      73706C61 
 1217      795F7400 
 1218              	.LASF21:
 1219 0042 76616C75 		.ascii	"value\000"
 1219      6500
 1220              	.LASF14:
 1221 0048 75696E74 		.ascii	"uint8_t\000"
 1221      385F7400 
 1222              	.LASF6:
 1223 0050 666C6F61 		.ascii	"float\000"
 1223      7400
 1224              	.LASF17:
 1225 0056 53455645 		.ascii	"SEVEN_DISPLAY_LEFT\000"
 1225      4E5F4449 
 1225      53504C41 
 1225      595F4C45 
 1225      465400
 1226              	.LASF27:
 1227 0069 6C6F7765 		.ascii	"lower\000"
 1227      7200
 1228              	.LASF8:
 1229 006f 6C6F6E67 		.ascii	"long long int\000"
 1229      206C6F6E 
 1229      6720696E 
 1229      7400
 1230              	.LASF36:
 1231 007d 443A5C44 		.ascii	"D:\\Darmstadt\\College\\Study\\Semester1\\AMA_EOS\\"
 1231      61726D73 
ARM GAS  C:\Users\SAISWA~1\AppData\Local\Temp\ccImtKqm.s 			page 26


 1231      74616474 
 1231      5C436F6C 
 1231      6C656765 
 1232 00aa 454F535C 		.ascii	"EOS\\Lab\\Assignments\\Lab1\\ReactionGame.cydsn\\Re"
 1232      4C61625C 
 1232      41737369 
 1232      676E6D65 
 1232      6E74735C 
 1233 00d8 61637469 		.ascii	"actionGame.cydsn\000"
 1233      6F6E4761 
 1233      6D652E63 
 1233      7964736E 
 1233      00
 1234              	.LASF4:
 1235 00e9 6C6F6E67 		.ascii	"long int\000"
 1235      20696E74 
 1235      00
 1236              	.LASF22:
 1237 00f2 53657665 		.ascii	"SevenSeg_Reg_Write\000"
 1237      6E536567 
 1237      5F526567 
 1237      5F577269 
 1237      746500
 1238              	.LASF24:
 1239 0105 53657665 		.ascii	"Seven_Write\000"
 1239      6E5F5772 
 1239      69746500 
 1240              	.LASF23:
 1241 0111 50696E5F 		.ascii	"Pin_Sel_A_Write\000"
 1241      53656C5F 
 1241      415F5772 
 1241      69746500 
 1242              	.LASF32:
 1243 0121 53657665 		.ascii	"Seven_Clear\000"
 1243      6E5F436C 
 1243      65617200 
 1244              	.LASF0:
 1245 012d 756E7369 		.ascii	"unsigned char\000"
 1245      676E6564 
 1245      20636861 
 1245      7200
 1246              	.LASF28:
 1247 013b 68696768 		.ascii	"higher\000"
 1247      657200
 1248              	.LASF35:
 1249 0142 736F7572 		.ascii	"source\\bsw\\seven.c\000"
 1249      63655C62 
 1249      73775C73 
 1249      6576656E 
 1249      2E6300
 1250              	.LASF31:
 1251 0155 50696E5F 		.ascii	"Pin_SevenSeg_SelA_Write\000"
 1251      53657665 
 1251      6E536567 
 1251      5F53656C 
 1251      415F5772 
 1252              	.LASF1:
ARM GAS  C:\Users\SAISWA~1\AppData\Local\Temp\ccImtKqm.s 			page 27


 1253 016d 7369676E 		.ascii	"signed char\000"
 1253      65642063 
 1253      68617200 
 1254              	.LASF9:
 1255 0179 6C6F6E67 		.ascii	"long long unsigned int\000"
 1255      206C6F6E 
 1255      6720756E 
 1255      7369676E 
 1255      65642069 
 1256              	.LASF16:
 1257 0190 756E7369 		.ascii	"unsigned int\000"
 1257      676E6564 
 1257      20696E74 
 1257      00
 1258              	.LASF37:
 1259 019d 53657665 		.ascii	"Seven_init\000"
 1259      6E5F696E 
 1259      697400
 1260              	.LASF38:
 1261 01a8 53657665 		.ascii	"Seven_Lookup\000"
 1261      6E5F4C6F 
 1261      6F6B7570 
 1261      00
 1262              	.LASF30:
 1263 01b5 436F6E74 		.ascii	"Control_Reg_7Seg_Write\000"
 1263      726F6C5F 
 1263      5265675F 
 1263      37536567 
 1263      5F577269 
 1264              	.LASF3:
 1265 01cc 73686F72 		.ascii	"short unsigned int\000"
 1265      7420756E 
 1265      7369676E 
 1265      65642069 
 1265      6E7400
 1266              	.LASF10:
 1267 01df 63686172 		.ascii	"char\000"
 1267      00
 1268              	.LASF12:
 1269 01e4 52435F45 		.ascii	"RC_ERROR\000"
 1269      52524F52 
 1269      00
 1270              	.LASF26:
 1271 01ed 64617461 		.ascii	"data\000"
 1271      00
 1272              	.LASF5:
 1273 01f2 6C6F6E67 		.ascii	"long unsigned int\000"
 1273      20756E73 
 1273      69676E65 
 1273      6420696E 
 1273      7400
 1274              	.LASF7:
 1275 0204 646F7562 		.ascii	"double\000"
 1275      6C6500
 1276              	.LASF20:
 1277 020b 64697370 		.ascii	"display\000"
 1277      6C617900 
ARM GAS  C:\Users\SAISWA~1\AppData\Local\Temp\ccImtKqm.s 			page 28


 1278              	.LASF29:
 1279 0213 53657665 		.ascii	"Seven_Write_Dp\000"
 1279      6E5F5772 
 1279      6974655F 
 1279      447000
 1280              	.LASF13:
 1281 0222 52435F42 		.ascii	"RC_BAD_PARAM\000"
 1281      41445F50 
 1281      4152414D 
 1281      00
 1282              	.LASF25:
 1283 022f 53657665 		.ascii	"Seven_Write_Hex\000"
 1283      6E5F5772 
 1283      6974655F 
 1283      48657800 
 1284              	.LASF34:
 1285 023f 474E5520 		.ascii	"GNU C11 5.4.1 20160609 (release) [ARM/embedded-5-br"
 1285      43313120 
 1285      352E342E 
 1285      31203230 
 1285      31363036 
 1286 0272 616E6368 		.ascii	"anch revision 237715] -mcpu=cortex-m3 -mthumb -g -O"
 1286      20726576 
 1286      6973696F 
 1286      6E203233 
 1286      37373135 
 1287 02a5 67202D66 		.ascii	"g -ffunction-sections -ffat-lto-objects\000"
 1287      66756E63 
 1287      74696F6E 
 1287      2D736563 
 1287      74696F6E 
 1288              	.LASF15:
 1289 02cd 52435F74 		.ascii	"RC_t\000"
 1289      00
 1290              		.ident	"GCC: (GNU Tools for ARM Embedded Processors) 5.4.1 20160609 (release) [ARM/embedded-5-bran
